mode: set
meditrax/graph/resolvers/achievements.resolvers.go:18.168,21.17 2 0
meditrax/graph/resolvers/achievements.resolvers.go:21.17,23.3 1 0
meditrax/graph/resolvers/achievements.resolvers.go:25.2,37.16 2 0
meditrax/graph/resolvers/achievements.resolvers.go:37.16,39.3 1 0
meditrax/graph/resolvers/achievements.resolvers.go:41.2,42.16 2 0
meditrax/graph/resolvers/achievements.resolvers.go:42.16,44.3 1 0
meditrax/graph/resolvers/achievements.resolvers.go:46.2,51.22 2 0
meditrax/graph/resolvers/achievements.resolvers.go:55.123,58.17 2 0
meditrax/graph/resolvers/achievements.resolvers.go:58.17,60.3 1 0
meditrax/graph/resolvers/achievements.resolvers.go:62.2,74.16 2 0
meditrax/graph/resolvers/achievements.resolvers.go:74.16,76.3 1 0
meditrax/graph/resolvers/achievements.resolvers.go:78.2,79.16 2 0
meditrax/graph/resolvers/achievements.resolvers.go:79.16,81.3 1 0
meditrax/graph/resolvers/achievements.resolvers.go:83.2,88.22 2 0
meditrax/graph/resolvers/achievements.resolvers.go:92.108,94.17 2 0
meditrax/graph/resolvers/achievements.resolvers.go:94.17,96.3 1 0
meditrax/graph/resolvers/achievements.resolvers.go:99.2,100.16 2 0
meditrax/graph/resolvers/achievements.resolvers.go:100.16,102.3 1 0
meditrax/graph/resolvers/achievements.resolvers.go:104.2,105.16 2 0
meditrax/graph/resolvers/achievements.resolvers.go:105.16,107.3 1 0
meditrax/graph/resolvers/achievements.resolvers.go:109.2,110.31 2 0
meditrax/graph/resolvers/achievements.resolvers.go:110.31,118.3 2 0
meditrax/graph/resolvers/achievements.resolvers.go:120.2,120.26 1 0
meditrax/graph/resolvers/achievements.resolvers.go:124.106,126.17 2 0
meditrax/graph/resolvers/achievements.resolvers.go:126.17,128.3 1 0
meditrax/graph/resolvers/achievements.resolvers.go:131.2,134.16 2 0
meditrax/graph/resolvers/achievements.resolvers.go:134.16,136.3 1 0
meditrax/graph/resolvers/achievements.resolvers.go:138.2,139.16 2 0
meditrax/graph/resolvers/achievements.resolvers.go:139.16,141.3 1 0
meditrax/graph/resolvers/achievements.resolvers.go:143.2,144.43 2 0
meditrax/graph/resolvers/achievements.resolvers.go:144.43,151.3 2 0
meditrax/graph/resolvers/achievements.resolvers.go:153.2,153.32 1 0
meditrax/graph/resolvers/assessment.resolvers.go:19.147,22.17 2 0
meditrax/graph/resolvers/assessment.resolvers.go:22.17,24.3 1 0
meditrax/graph/resolvers/assessment.resolvers.go:26.2,43.16 3 0
meditrax/graph/resolvers/assessment.resolvers.go:43.16,45.3 1 0
meditrax/graph/resolvers/assessment.resolvers.go:47.2,48.16 2 0
meditrax/graph/resolvers/assessment.resolvers.go:48.16,50.3 1 0
meditrax/graph/resolvers/assessment.resolvers.go:52.2,58.22 2 0
meditrax/graph/resolvers/assessment.resolvers.go:62.174,66.17 2 0
meditrax/graph/resolvers/assessment.resolvers.go:66.17,68.3 1 0
meditrax/graph/resolvers/assessment.resolvers.go:70.2,70.60 1 0
meditrax/graph/resolvers/assessment.resolvers.go:70.60,72.3 1 0
meditrax/graph/resolvers/assessment.resolvers.go:75.2,82.16 2 0
meditrax/graph/resolvers/assessment.resolvers.go:82.16,84.3 1 0
meditrax/graph/resolvers/assessment.resolvers.go:86.2,87.16 2 0
meditrax/graph/resolvers/assessment.resolvers.go:87.16,89.3 1 0
meditrax/graph/resolvers/assessment.resolvers.go:91.2,91.35 1 0
meditrax/graph/resolvers/assessment.resolvers.go:91.35,93.3 1 0
meditrax/graph/resolvers/assessment.resolvers.go:95.2,113.16 3 0
meditrax/graph/resolvers/assessment.resolvers.go:113.16,115.3 1 0
meditrax/graph/resolvers/assessment.resolvers.go:117.2,118.16 2 0
meditrax/graph/resolvers/assessment.resolvers.go:118.16,120.3 1 0
meditrax/graph/resolvers/assessment.resolvers.go:122.2,122.34 1 0
meditrax/graph/resolvers/assessment.resolvers.go:122.34,124.3 1 0
meditrax/graph/resolvers/assessment.resolvers.go:126.2,132.22 2 0
meditrax/graph/resolvers/assessment.resolvers.go:136.121,138.17 2 0
meditrax/graph/resolvers/assessment.resolvers.go:138.17,140.3 1 0
meditrax/graph/resolvers/assessment.resolvers.go:142.2,143.16 2 0
meditrax/graph/resolvers/assessment.resolvers.go:143.16,145.3 1 0
meditrax/graph/resolvers/assessment.resolvers.go:147.2,148.16 2 0
meditrax/graph/resolvers/assessment.resolvers.go:148.16,150.3 1 0
meditrax/graph/resolvers/assessment.resolvers.go:152.2,152.25 1 0
meditrax/graph/resolvers/foodspec.resolvers.go:16.98,20.16 3 0
meditrax/graph/resolvers/foodspec.resolvers.go:20.16,22.3 1 0
meditrax/graph/resolvers/foodspec.resolvers.go:24.2,31.29 6 0
meditrax/graph/resolvers/foodspec.resolvers.go:31.29,41.17 7 0
meditrax/graph/resolvers/foodspec.resolvers.go:41.17,42.12 1 0
meditrax/graph/resolvers/foodspec.resolvers.go:45.3,52.46 3 0
meditrax/graph/resolvers/foodspec.resolvers.go:52.46,53.36 1 0
meditrax/graph/resolvers/foodspec.resolvers.go:53.36,65.5 4 0
meditrax/graph/resolvers/foodspec.resolvers.go:68.3,68.17 1 0
meditrax/graph/resolvers/foodspec.resolvers.go:68.17,70.4 1 0
meditrax/graph/resolvers/foodspec.resolvers.go:73.2,78.23 2 0
meditrax/graph/resolvers/foodspec.resolvers.go:82.102,84.45 2 0
meditrax/graph/resolvers/foodspec.resolvers.go:84.45,86.3 1 0
meditrax/graph/resolvers/foodspec.resolvers.go:88.2,93.23 2 0
meditrax/graph/resolvers/generated.go:24.63,31.2 1 1
meditrax/graph/resolvers/generated.go:492.49,493.21 1 1
meditrax/graph/resolvers/generated.go:493.21,495.3 1 0
meditrax/graph/resolvers/generated.go:496.2,496.21 1 1
meditrax/graph/resolvers/generated.go:499.128,502.32 3 0
meditrax/graph/resolvers/generated.go:504.37,505.53 1 0
meditrax/graph/resolvers/generated.go:505.53,506.9 1 0
meditrax/graph/resolvers/generated.go:509.3,509.72 1 0
meditrax/graph/resolvers/generated.go:511.38,512.55 1 0
meditrax/graph/resolvers/generated.go:512.55,513.9 1 0
meditrax/graph/resolvers/generated.go:516.3,516.74 1 0
meditrax/graph/resolvers/generated.go:518.29,519.46 1 0
meditrax/graph/resolvers/generated.go:519.46,520.9 1 0
meditrax/graph/resolvers/generated.go:523.3,523.65 1 0
meditrax/graph/resolvers/generated.go:525.35,526.51 1 0
meditrax/graph/resolvers/generated.go:526.51,527.9 1 0
meditrax/graph/resolvers/generated.go:530.3,530.70 1 0
meditrax/graph/resolvers/generated.go:532.31,533.48 1 0
meditrax/graph/resolvers/generated.go:533.48,534.9 1 0
meditrax/graph/resolvers/generated.go:537.3,537.67 1 0
meditrax/graph/resolvers/generated.go:539.40,540.57 1 0
meditrax/graph/resolvers/generated.go:540.57,541.9 1 0
meditrax/graph/resolvers/generated.go:544.3,544.76 1 0
meditrax/graph/resolvers/generated.go:546.44,547.61 1 0
meditrax/graph/resolvers/generated.go:547.61,548.9 1 0
meditrax/graph/resolvers/generated.go:551.3,551.80 1 0
meditrax/graph/resolvers/generated.go:553.40,554.57 1 0
meditrax/graph/resolvers/generated.go:554.57,555.9 1 0
meditrax/graph/resolvers/generated.go:558.3,558.76 1 0
meditrax/graph/resolvers/generated.go:560.37,561.54 1 0
meditrax/graph/resolvers/generated.go:561.54,562.9 1 0
meditrax/graph/resolvers/generated.go:565.3,565.73 1 0
meditrax/graph/resolvers/generated.go:567.42,568.59 1 0
meditrax/graph/resolvers/generated.go:568.59,569.9 1 0
meditrax/graph/resolvers/generated.go:572.3,572.78 1 0
meditrax/graph/resolvers/generated.go:574.41,575.58 1 0
meditrax/graph/resolvers/generated.go:575.58,576.9 1 0
meditrax/graph/resolvers/generated.go:579.3,579.77 1 0
meditrax/graph/resolvers/generated.go:581.41,582.58 1 0
meditrax/graph/resolvers/generated.go:582.58,583.9 1 0
meditrax/graph/resolvers/generated.go:586.3,586.77 1 0
meditrax/graph/resolvers/generated.go:588.42,589.59 1 0
meditrax/graph/resolvers/generated.go:589.59,590.9 1 0
meditrax/graph/resolvers/generated.go:593.3,593.78 1 0
meditrax/graph/resolvers/generated.go:595.42,596.59 1 0
meditrax/graph/resolvers/generated.go:596.59,597.9 1 0
meditrax/graph/resolvers/generated.go:600.3,600.78 1 0
meditrax/graph/resolvers/generated.go:602.43,603.60 1 0
meditrax/graph/resolvers/generated.go:603.60,604.9 1 0
meditrax/graph/resolvers/generated.go:607.3,607.79 1 0
meditrax/graph/resolvers/generated.go:609.44,610.61 1 0
meditrax/graph/resolvers/generated.go:610.61,611.9 1 0
meditrax/graph/resolvers/generated.go:614.3,614.80 1 0
meditrax/graph/resolvers/generated.go:616.39,617.56 1 0
meditrax/graph/resolvers/generated.go:617.56,618.9 1 0
meditrax/graph/resolvers/generated.go:621.3,621.75 1 0
meditrax/graph/resolvers/generated.go:623.42,624.59 1 0
meditrax/graph/resolvers/generated.go:624.59,625.9 1 0
meditrax/graph/resolvers/generated.go:628.3,628.78 1 0
meditrax/graph/resolvers/generated.go:630.52,631.69 1 0
meditrax/graph/resolvers/generated.go:631.69,632.9 1 0
meditrax/graph/resolvers/generated.go:635.3,635.88 1 0
meditrax/graph/resolvers/generated.go:637.48,638.65 1 0
meditrax/graph/resolvers/generated.go:638.65,639.9 1 0
meditrax/graph/resolvers/generated.go:642.3,642.84 1 0
meditrax/graph/resolvers/generated.go:644.48,645.65 1 0
meditrax/graph/resolvers/generated.go:645.65,646.9 1 0
meditrax/graph/resolvers/generated.go:649.3,649.84 1 0
meditrax/graph/resolvers/generated.go:651.50,652.67 1 0
meditrax/graph/resolvers/generated.go:652.67,653.9 1 0
meditrax/graph/resolvers/generated.go:656.3,656.86 1 0
meditrax/graph/resolvers/generated.go:658.53,659.70 1 0
meditrax/graph/resolvers/generated.go:659.70,660.9 1 0
meditrax/graph/resolvers/generated.go:663.3,663.89 1 0
meditrax/graph/resolvers/generated.go:665.49,666.66 1 0
meditrax/graph/resolvers/generated.go:666.66,667.9 1 0
meditrax/graph/resolvers/generated.go:670.3,670.85 1 0
meditrax/graph/resolvers/generated.go:672.52,673.69 1 0
meditrax/graph/resolvers/generated.go:673.69,674.9 1 0
meditrax/graph/resolvers/generated.go:677.3,677.88 1 0
meditrax/graph/resolvers/generated.go:679.36,680.53 1 0
meditrax/graph/resolvers/generated.go:680.53,681.9 1 0
meditrax/graph/resolvers/generated.go:684.3,684.72 1 0
meditrax/graph/resolvers/generated.go:686.35,687.52 1 0
meditrax/graph/resolvers/generated.go:687.52,688.9 1 0
meditrax/graph/resolvers/generated.go:691.3,691.71 1 0
meditrax/graph/resolvers/generated.go:693.44,694.61 1 0
meditrax/graph/resolvers/generated.go:694.61,695.9 1 0
meditrax/graph/resolvers/generated.go:698.3,698.80 1 0
meditrax/graph/resolvers/generated.go:700.44,701.61 1 0
meditrax/graph/resolvers/generated.go:701.61,702.9 1 0
meditrax/graph/resolvers/generated.go:705.3,705.80 1 0
meditrax/graph/resolvers/generated.go:707.45,708.62 1 0
meditrax/graph/resolvers/generated.go:708.62,709.9 1 0
meditrax/graph/resolvers/generated.go:712.3,712.81 1 0
meditrax/graph/resolvers/generated.go:714.50,715.67 1 0
meditrax/graph/resolvers/generated.go:715.67,716.9 1 0
meditrax/graph/resolvers/generated.go:719.3,719.86 1 0
meditrax/graph/resolvers/generated.go:721.42,722.59 1 0
meditrax/graph/resolvers/generated.go:722.59,723.9 1 0
meditrax/graph/resolvers/generated.go:726.3,726.78 1 0
meditrax/graph/resolvers/generated.go:728.49,729.66 1 0
meditrax/graph/resolvers/generated.go:729.66,730.9 1 0
meditrax/graph/resolvers/generated.go:733.3,733.85 1 0
meditrax/graph/resolvers/generated.go:735.36,736.53 1 0
meditrax/graph/resolvers/generated.go:736.53,737.9 1 0
meditrax/graph/resolvers/generated.go:740.3,740.72 1 0
meditrax/graph/resolvers/generated.go:742.35,743.51 1 0
meditrax/graph/resolvers/generated.go:743.51,744.9 1 0
meditrax/graph/resolvers/generated.go:747.3,747.70 1 0
meditrax/graph/resolvers/generated.go:749.33,750.49 1 0
meditrax/graph/resolvers/generated.go:750.49,751.9 1 0
meditrax/graph/resolvers/generated.go:754.3,754.68 1 0
meditrax/graph/resolvers/generated.go:756.25,757.42 1 0
meditrax/graph/resolvers/generated.go:757.42,758.9 1 0
meditrax/graph/resolvers/generated.go:761.3,761.61 1 0
meditrax/graph/resolvers/generated.go:763.38,764.53 1 0
meditrax/graph/resolvers/generated.go:764.53,765.9 1 0
meditrax/graph/resolvers/generated.go:768.3,768.72 1 0
meditrax/graph/resolvers/generated.go:770.35,771.52 1 0
meditrax/graph/resolvers/generated.go:771.52,772.9 1 0
meditrax/graph/resolvers/generated.go:775.3,775.71 1 0
meditrax/graph/resolvers/generated.go:777.30,778.46 1 0
meditrax/graph/resolvers/generated.go:778.46,779.9 1 0
meditrax/graph/resolvers/generated.go:782.3,782.65 1 0
meditrax/graph/resolvers/generated.go:784.40,785.57 1 0
meditrax/graph/resolvers/generated.go:785.57,786.9 1 0
meditrax/graph/resolvers/generated.go:789.3,789.76 1 0
meditrax/graph/resolvers/generated.go:791.37,792.54 1 0
meditrax/graph/resolvers/generated.go:792.54,793.9 1 0
meditrax/graph/resolvers/generated.go:796.3,796.73 1 0
meditrax/graph/resolvers/generated.go:798.42,799.59 1 0
meditrax/graph/resolvers/generated.go:799.59,800.9 1 0
meditrax/graph/resolvers/generated.go:803.3,803.78 1 0
meditrax/graph/resolvers/generated.go:805.41,806.58 1 0
meditrax/graph/resolvers/generated.go:806.58,807.9 1 0
meditrax/graph/resolvers/generated.go:810.3,810.77 1 0
meditrax/graph/resolvers/generated.go:812.26,813.43 1 0
meditrax/graph/resolvers/generated.go:813.43,814.9 1 0
meditrax/graph/resolvers/generated.go:817.3,817.62 1 0
meditrax/graph/resolvers/generated.go:819.23,820.40 1 0
meditrax/graph/resolvers/generated.go:820.40,821.9 1 0
meditrax/graph/resolvers/generated.go:824.3,824.59 1 0
meditrax/graph/resolvers/generated.go:826.23,827.40 1 0
meditrax/graph/resolvers/generated.go:827.40,828.9 1 0
meditrax/graph/resolvers/generated.go:831.3,831.59 1 0
meditrax/graph/resolvers/generated.go:833.24,834.41 1 0
meditrax/graph/resolvers/generated.go:834.41,835.9 1 0
meditrax/graph/resolvers/generated.go:838.3,838.60 1 0
meditrax/graph/resolvers/generated.go:840.32,841.49 1 0
meditrax/graph/resolvers/generated.go:841.49,842.9 1 0
meditrax/graph/resolvers/generated.go:845.3,845.68 1 0
meditrax/graph/resolvers/generated.go:847.25,848.42 1 0
meditrax/graph/resolvers/generated.go:848.42,849.9 1 0
meditrax/graph/resolvers/generated.go:852.3,852.61 1 0
meditrax/graph/resolvers/generated.go:854.33,855.49 1 0
meditrax/graph/resolvers/generated.go:855.49,856.9 1 0
meditrax/graph/resolvers/generated.go:859.3,859.68 1 0
meditrax/graph/resolvers/generated.go:861.25,862.42 1 0
meditrax/graph/resolvers/generated.go:862.42,863.9 1 0
meditrax/graph/resolvers/generated.go:866.3,866.61 1 0
meditrax/graph/resolvers/generated.go:868.34,869.50 1 0
meditrax/graph/resolvers/generated.go:869.50,870.9 1 0
meditrax/graph/resolvers/generated.go:873.3,873.69 1 0
meditrax/graph/resolvers/generated.go:875.34,876.50 1 0
meditrax/graph/resolvers/generated.go:876.50,877.9 1 0
meditrax/graph/resolvers/generated.go:880.3,880.69 1 0
meditrax/graph/resolvers/generated.go:882.27,883.44 1 0
meditrax/graph/resolvers/generated.go:883.44,884.9 1 0
meditrax/graph/resolvers/generated.go:887.3,887.63 1 0
meditrax/graph/resolvers/generated.go:889.30,890.46 1 0
meditrax/graph/resolvers/generated.go:890.46,891.9 1 0
meditrax/graph/resolvers/generated.go:894.3,894.65 1 0
meditrax/graph/resolvers/generated.go:896.28,897.45 1 0
meditrax/graph/resolvers/generated.go:897.45,898.9 1 0
meditrax/graph/resolvers/generated.go:901.3,901.64 1 0
meditrax/graph/resolvers/generated.go:903.37,904.54 1 0
meditrax/graph/resolvers/generated.go:904.54,905.9 1 0
meditrax/graph/resolvers/generated.go:908.3,908.73 1 0
meditrax/graph/resolvers/generated.go:910.39,911.56 1 0
meditrax/graph/resolvers/generated.go:911.56,912.9 1 0
meditrax/graph/resolvers/generated.go:915.3,915.75 1 0
meditrax/graph/resolvers/generated.go:917.39,918.56 1 0
meditrax/graph/resolvers/generated.go:918.56,919.9 1 0
meditrax/graph/resolvers/generated.go:922.3,922.75 1 0
meditrax/graph/resolvers/generated.go:924.33,925.50 1 0
meditrax/graph/resolvers/generated.go:925.50,926.9 1 0
meditrax/graph/resolvers/generated.go:929.3,929.69 1 0
meditrax/graph/resolvers/generated.go:931.34,932.51 1 0
meditrax/graph/resolvers/generated.go:932.51,933.9 1 0
meditrax/graph/resolvers/generated.go:936.3,936.70 1 0
meditrax/graph/resolvers/generated.go:938.41,939.57 1 0
meditrax/graph/resolvers/generated.go:939.57,940.9 1 0
meditrax/graph/resolvers/generated.go:943.3,943.76 1 0
meditrax/graph/resolvers/generated.go:945.33,946.50 1 0
meditrax/graph/resolvers/generated.go:946.50,947.9 1 0
meditrax/graph/resolvers/generated.go:950.3,950.69 1 0
meditrax/graph/resolvers/generated.go:952.49,953.65 1 0
meditrax/graph/resolvers/generated.go:953.65,954.9 1 0
meditrax/graph/resolvers/generated.go:957.3,957.84 1 0
meditrax/graph/resolvers/generated.go:959.46,960.63 1 0
meditrax/graph/resolvers/generated.go:960.63,961.9 1 0
meditrax/graph/resolvers/generated.go:964.3,964.82 1 0
meditrax/graph/resolvers/generated.go:966.41,967.57 1 0
meditrax/graph/resolvers/generated.go:967.57,968.9 1 0
meditrax/graph/resolvers/generated.go:971.3,971.76 1 0
meditrax/graph/resolvers/generated.go:973.38,974.54 1 0
meditrax/graph/resolvers/generated.go:974.54,975.9 1 0
meditrax/graph/resolvers/generated.go:978.3,978.73 1 0
meditrax/graph/resolvers/generated.go:980.57,981.74 1 0
meditrax/graph/resolvers/generated.go:981.74,982.9 1 0
meditrax/graph/resolvers/generated.go:985.3,985.93 1 0
meditrax/graph/resolvers/generated.go:987.54,988.71 1 0
meditrax/graph/resolvers/generated.go:988.71,989.9 1 0
meditrax/graph/resolvers/generated.go:992.3,992.90 1 0
meditrax/graph/resolvers/generated.go:994.62,995.79 1 0
meditrax/graph/resolvers/generated.go:995.79,996.9 1 0
meditrax/graph/resolvers/generated.go:999.3,999.98 1 0
meditrax/graph/resolvers/generated.go:1001.60,1002.77 1 0
meditrax/graph/resolvers/generated.go:1002.77,1003.9 1 0
meditrax/graph/resolvers/generated.go:1006.3,1006.96 1 0
meditrax/graph/resolvers/generated.go:1008.54,1009.71 1 0
meditrax/graph/resolvers/generated.go:1009.71,1010.9 1 0
meditrax/graph/resolvers/generated.go:1013.3,1013.90 1 0
meditrax/graph/resolvers/generated.go:1015.51,1016.68 1 0
meditrax/graph/resolvers/generated.go:1016.68,1017.9 1 0
meditrax/graph/resolvers/generated.go:1020.3,1020.87 1 0
meditrax/graph/resolvers/generated.go:1022.54,1023.71 1 0
meditrax/graph/resolvers/generated.go:1023.71,1024.9 1 0
meditrax/graph/resolvers/generated.go:1027.3,1027.90 1 0
meditrax/graph/resolvers/generated.go:1029.48,1030.65 1 0
meditrax/graph/resolvers/generated.go:1030.65,1031.9 1 0
meditrax/graph/resolvers/generated.go:1034.3,1034.84 1 0
meditrax/graph/resolvers/generated.go:1036.35,1037.52 1 0
meditrax/graph/resolvers/generated.go:1037.52,1038.9 1 0
meditrax/graph/resolvers/generated.go:1041.3,1041.71 1 0
meditrax/graph/resolvers/generated.go:1043.33,1044.50 1 0
meditrax/graph/resolvers/generated.go:1044.50,1045.9 1 0
meditrax/graph/resolvers/generated.go:1048.3,1048.69 1 0
meditrax/graph/resolvers/generated.go:1050.34,1051.51 1 0
meditrax/graph/resolvers/generated.go:1051.51,1052.9 1 0
meditrax/graph/resolvers/generated.go:1055.3,1055.70 1 0
meditrax/graph/resolvers/generated.go:1057.31,1058.48 1 0
meditrax/graph/resolvers/generated.go:1058.48,1059.9 1 0
meditrax/graph/resolvers/generated.go:1062.3,1062.67 1 0
meditrax/graph/resolvers/generated.go:1064.34,1065.50 1 0
meditrax/graph/resolvers/generated.go:1065.50,1066.9 1 0
meditrax/graph/resolvers/generated.go:1069.3,1069.69 1 0
meditrax/graph/resolvers/generated.go:1071.26,1072.43 1 0
meditrax/graph/resolvers/generated.go:1072.43,1073.9 1 0
meditrax/graph/resolvers/generated.go:1076.3,1076.62 1 0
meditrax/graph/resolvers/generated.go:1078.35,1079.51 1 0
meditrax/graph/resolvers/generated.go:1079.51,1080.9 1 0
meditrax/graph/resolvers/generated.go:1083.3,1083.70 1 0
meditrax/graph/resolvers/generated.go:1085.34,1086.50 1 0
meditrax/graph/resolvers/generated.go:1086.50,1087.9 1 0
meditrax/graph/resolvers/generated.go:1090.3,1090.69 1 0
meditrax/graph/resolvers/generated.go:1092.31,1093.47 1 0
meditrax/graph/resolvers/generated.go:1093.47,1094.9 1 0
meditrax/graph/resolvers/generated.go:1097.3,1097.66 1 0
meditrax/graph/resolvers/generated.go:1099.37,1100.54 1 0
meditrax/graph/resolvers/generated.go:1100.54,1101.9 1 0
meditrax/graph/resolvers/generated.go:1104.3,1104.73 1 0
meditrax/graph/resolvers/generated.go:1106.39,1107.56 1 0
meditrax/graph/resolvers/generated.go:1107.56,1108.9 1 0
meditrax/graph/resolvers/generated.go:1111.3,1111.75 1 0
meditrax/graph/resolvers/generated.go:1113.38,1114.55 1 0
meditrax/graph/resolvers/generated.go:1114.55,1115.9 1 0
meditrax/graph/resolvers/generated.go:1118.3,1118.74 1 0
meditrax/graph/resolvers/generated.go:1120.40,1121.57 1 0
meditrax/graph/resolvers/generated.go:1121.57,1122.9 1 0
meditrax/graph/resolvers/generated.go:1125.3,1125.76 1 0
meditrax/graph/resolvers/generated.go:1127.31,1128.47 1 0
meditrax/graph/resolvers/generated.go:1128.47,1129.9 1 0
meditrax/graph/resolvers/generated.go:1132.3,1132.66 1 0
meditrax/graph/resolvers/generated.go:1134.27,1135.44 1 0
meditrax/graph/resolvers/generated.go:1135.44,1136.9 1 0
meditrax/graph/resolvers/generated.go:1139.3,1139.63 1 0
meditrax/graph/resolvers/generated.go:1141.30,1142.47 1 0
meditrax/graph/resolvers/generated.go:1142.47,1143.9 1 0
meditrax/graph/resolvers/generated.go:1146.3,1146.66 1 0
meditrax/graph/resolvers/generated.go:1148.23,1149.40 1 0
meditrax/graph/resolvers/generated.go:1149.40,1150.9 1 0
meditrax/graph/resolvers/generated.go:1153.3,1153.59 1 0
meditrax/graph/resolvers/generated.go:1155.30,1156.47 1 0
meditrax/graph/resolvers/generated.go:1156.47,1157.9 1 0
meditrax/graph/resolvers/generated.go:1160.3,1160.66 1 0
meditrax/graph/resolvers/generated.go:1162.25,1163.42 1 0
meditrax/graph/resolvers/generated.go:1163.42,1164.9 1 0
meditrax/graph/resolvers/generated.go:1167.3,1167.61 1 0
meditrax/graph/resolvers/generated.go:1169.25,1170.42 1 0
meditrax/graph/resolvers/generated.go:1170.42,1171.9 1 0
meditrax/graph/resolvers/generated.go:1174.3,1174.61 1 0
meditrax/graph/resolvers/generated.go:1176.31,1177.47 1 0
meditrax/graph/resolvers/generated.go:1177.47,1178.9 1 0
meditrax/graph/resolvers/generated.go:1181.3,1181.66 1 0
meditrax/graph/resolvers/generated.go:1183.28,1184.44 1 0
meditrax/graph/resolvers/generated.go:1184.44,1185.9 1 0
meditrax/graph/resolvers/generated.go:1188.3,1188.63 1 0
meditrax/graph/resolvers/generated.go:1190.33,1191.50 1 0
meditrax/graph/resolvers/generated.go:1191.50,1192.9 1 0
meditrax/graph/resolvers/generated.go:1195.3,1195.69 1 0
meditrax/graph/resolvers/generated.go:1197.36,1198.53 1 0
meditrax/graph/resolvers/generated.go:1198.53,1199.9 1 0
meditrax/graph/resolvers/generated.go:1202.3,1202.72 1 0
meditrax/graph/resolvers/generated.go:1204.36,1205.53 1 0
meditrax/graph/resolvers/generated.go:1205.53,1206.9 1 0
meditrax/graph/resolvers/generated.go:1209.3,1209.72 1 0
meditrax/graph/resolvers/generated.go:1211.39,1212.56 1 0
meditrax/graph/resolvers/generated.go:1212.56,1213.9 1 0
meditrax/graph/resolvers/generated.go:1216.3,1216.75 1 0
meditrax/graph/resolvers/generated.go:1218.31,1219.48 1 0
meditrax/graph/resolvers/generated.go:1219.48,1220.9 1 0
meditrax/graph/resolvers/generated.go:1223.3,1223.67 1 0
meditrax/graph/resolvers/generated.go:1225.31,1226.48 1 0
meditrax/graph/resolvers/generated.go:1226.48,1227.9 1 0
meditrax/graph/resolvers/generated.go:1230.3,1230.67 1 0
meditrax/graph/resolvers/generated.go:1232.39,1233.55 1 0
meditrax/graph/resolvers/generated.go:1233.55,1234.9 1 0
meditrax/graph/resolvers/generated.go:1237.3,1237.74 1 0
meditrax/graph/resolvers/generated.go:1239.31,1240.48 1 0
meditrax/graph/resolvers/generated.go:1240.48,1241.9 1 0
meditrax/graph/resolvers/generated.go:1244.3,1244.67 1 0
meditrax/graph/resolvers/generated.go:1246.37,1247.53 1 0
meditrax/graph/resolvers/generated.go:1247.53,1248.9 1 0
meditrax/graph/resolvers/generated.go:1251.3,1251.72 1 0
meditrax/graph/resolvers/generated.go:1253.42,1254.58 1 0
meditrax/graph/resolvers/generated.go:1254.58,1255.9 1 0
meditrax/graph/resolvers/generated.go:1258.3,1258.77 1 0
meditrax/graph/resolvers/generated.go:1260.42,1261.58 1 0
meditrax/graph/resolvers/generated.go:1261.58,1262.9 1 0
meditrax/graph/resolvers/generated.go:1265.3,1265.77 1 0
meditrax/graph/resolvers/generated.go:1267.36,1268.52 1 0
meditrax/graph/resolvers/generated.go:1268.52,1269.9 1 0
meditrax/graph/resolvers/generated.go:1272.3,1272.71 1 0
meditrax/graph/resolvers/generated.go:1274.42,1275.59 1 0
meditrax/graph/resolvers/generated.go:1275.59,1276.9 1 0
meditrax/graph/resolvers/generated.go:1279.3,1279.78 1 0
meditrax/graph/resolvers/generated.go:1281.47,1282.64 1 0
meditrax/graph/resolvers/generated.go:1282.64,1283.9 1 0
meditrax/graph/resolvers/generated.go:1286.3,1286.83 1 0
meditrax/graph/resolvers/generated.go:1288.45,1289.62 1 0
meditrax/graph/resolvers/generated.go:1289.62,1290.9 1 0
meditrax/graph/resolvers/generated.go:1293.3,1293.81 1 0
meditrax/graph/resolvers/generated.go:1295.47,1296.64 1 0
meditrax/graph/resolvers/generated.go:1296.64,1297.9 1 0
meditrax/graph/resolvers/generated.go:1300.3,1300.83 1 0
meditrax/graph/resolvers/generated.go:1302.34,1303.51 1 0
meditrax/graph/resolvers/generated.go:1303.51,1304.9 1 0
meditrax/graph/resolvers/generated.go:1307.3,1308.17 2 0
meditrax/graph/resolvers/generated.go:1308.17,1310.4 1 0
meditrax/graph/resolvers/generated.go:1312.3,1312.163 1 0
meditrax/graph/resolvers/generated.go:1314.34,1315.51 1 0
meditrax/graph/resolvers/generated.go:1315.51,1316.9 1 0
meditrax/graph/resolvers/generated.go:1319.3,1320.17 2 0
meditrax/graph/resolvers/generated.go:1320.17,1322.4 1 0
meditrax/graph/resolvers/generated.go:1324.3,1324.176 1 0
meditrax/graph/resolvers/generated.go:1326.35,1327.52 1 0
meditrax/graph/resolvers/generated.go:1327.52,1328.9 1 0
meditrax/graph/resolvers/generated.go:1331.3,1332.17 2 0
meditrax/graph/resolvers/generated.go:1332.17,1334.4 1 0
meditrax/graph/resolvers/generated.go:1336.3,1336.126 1 0
meditrax/graph/resolvers/generated.go:1338.32,1339.49 1 0
meditrax/graph/resolvers/generated.go:1339.49,1340.9 1 0
meditrax/graph/resolvers/generated.go:1343.3,1344.17 2 0
meditrax/graph/resolvers/generated.go:1344.17,1346.4 1 0
meditrax/graph/resolvers/generated.go:1348.3,1348.197 1 0
meditrax/graph/resolvers/generated.go:1350.35,1351.52 1 0
meditrax/graph/resolvers/generated.go:1351.52,1352.9 1 0
meditrax/graph/resolvers/generated.go:1355.3,1356.17 2 0
meditrax/graph/resolvers/generated.go:1356.17,1358.4 1 0
meditrax/graph/resolvers/generated.go:1360.3,1360.97 1 0
meditrax/graph/resolvers/generated.go:1362.41,1363.58 1 0
meditrax/graph/resolvers/generated.go:1363.58,1364.9 1 0
meditrax/graph/resolvers/generated.go:1367.3,1368.17 2 0
meditrax/graph/resolvers/generated.go:1368.17,1370.4 1 0
meditrax/graph/resolvers/generated.go:1372.3,1372.156 1 0
meditrax/graph/resolvers/generated.go:1374.45,1375.62 1 0
meditrax/graph/resolvers/generated.go:1375.62,1376.9 1 0
meditrax/graph/resolvers/generated.go:1379.3,1380.17 2 0
meditrax/graph/resolvers/generated.go:1380.17,1382.4 1 0
meditrax/graph/resolvers/generated.go:1384.3,1384.117 1 0
meditrax/graph/resolvers/generated.go:1386.43,1387.60 1 0
meditrax/graph/resolvers/generated.go:1387.60,1388.9 1 0
meditrax/graph/resolvers/generated.go:1391.3,1392.17 2 0
meditrax/graph/resolvers/generated.go:1392.17,1394.4 1 0
meditrax/graph/resolvers/generated.go:1396.3,1396.141 1 0
meditrax/graph/resolvers/generated.go:1398.42,1399.59 1 0
meditrax/graph/resolvers/generated.go:1399.59,1400.9 1 0
meditrax/graph/resolvers/generated.go:1403.3,1404.17 2 0
meditrax/graph/resolvers/generated.go:1404.17,1406.4 1 0
meditrax/graph/resolvers/generated.go:1408.3,1408.194 1 0
meditrax/graph/resolvers/generated.go:1410.29,1411.46 1 0
meditrax/graph/resolvers/generated.go:1411.46,1412.9 1 0
meditrax/graph/resolvers/generated.go:1415.3,1416.17 2 0
meditrax/graph/resolvers/generated.go:1416.17,1418.4 1 0
meditrax/graph/resolvers/generated.go:1420.3,1420.172 1 0
meditrax/graph/resolvers/generated.go:1422.37,1423.54 1 0
meditrax/graph/resolvers/generated.go:1423.54,1424.9 1 0
meditrax/graph/resolvers/generated.go:1427.3,1428.17 2 0
meditrax/graph/resolvers/generated.go:1428.17,1430.4 1 0
meditrax/graph/resolvers/generated.go:1432.3,1432.100 1 0
meditrax/graph/resolvers/generated.go:1434.37,1435.54 1 0
meditrax/graph/resolvers/generated.go:1435.54,1436.9 1 0
meditrax/graph/resolvers/generated.go:1439.3,1440.17 2 0
meditrax/graph/resolvers/generated.go:1440.17,1442.4 1 0
meditrax/graph/resolvers/generated.go:1444.3,1444.100 1 0
meditrax/graph/resolvers/generated.go:1446.38,1447.55 1 0
meditrax/graph/resolvers/generated.go:1447.55,1448.9 1 0
meditrax/graph/resolvers/generated.go:1451.3,1452.17 2 0
meditrax/graph/resolvers/generated.go:1452.17,1454.4 1 0
meditrax/graph/resolvers/generated.go:1456.3,1456.101 1 0
meditrax/graph/resolvers/generated.go:1458.35,1459.52 1 0
meditrax/graph/resolvers/generated.go:1459.52,1460.9 1 0
meditrax/graph/resolvers/generated.go:1463.3,1464.17 2 0
meditrax/graph/resolvers/generated.go:1464.17,1466.4 1 0
meditrax/graph/resolvers/generated.go:1468.3,1468.102 1 0
meditrax/graph/resolvers/generated.go:1470.43,1471.60 1 0
meditrax/graph/resolvers/generated.go:1471.60,1472.9 1 0
meditrax/graph/resolvers/generated.go:1475.3,1476.17 2 0
meditrax/graph/resolvers/generated.go:1476.17,1478.4 1 0
meditrax/graph/resolvers/generated.go:1480.3,1480.108 1 0
meditrax/graph/resolvers/generated.go:1482.42,1483.59 1 0
meditrax/graph/resolvers/generated.go:1483.59,1484.9 1 0
meditrax/graph/resolvers/generated.go:1487.3,1488.17 2 0
meditrax/graph/resolvers/generated.go:1488.17,1490.4 1 0
meditrax/graph/resolvers/generated.go:1492.3,1492.107 1 0
meditrax/graph/resolvers/generated.go:1494.29,1495.46 1 0
meditrax/graph/resolvers/generated.go:1495.46,1496.9 1 0
meditrax/graph/resolvers/generated.go:1499.3,1499.65 1 0
meditrax/graph/resolvers/generated.go:1501.28,1502.45 1 0
meditrax/graph/resolvers/generated.go:1502.45,1503.9 1 0
meditrax/graph/resolvers/generated.go:1506.3,1507.17 2 0
meditrax/graph/resolvers/generated.go:1507.17,1509.4 1 0
meditrax/graph/resolvers/generated.go:1511.3,1511.121 1 0
meditrax/graph/resolvers/generated.go:1513.31,1514.48 1 0
meditrax/graph/resolvers/generated.go:1514.48,1515.9 1 0
meditrax/graph/resolvers/generated.go:1518.3,1519.17 2 0
meditrax/graph/resolvers/generated.go:1519.17,1521.4 1 0
meditrax/graph/resolvers/generated.go:1523.3,1523.153 1 0
meditrax/graph/resolvers/generated.go:1525.39,1526.56 1 0
meditrax/graph/resolvers/generated.go:1526.56,1527.9 1 0
meditrax/graph/resolvers/generated.go:1530.3,1531.17 2 0
meditrax/graph/resolvers/generated.go:1531.17,1533.4 1 0
meditrax/graph/resolvers/generated.go:1535.3,1535.105 1 0
meditrax/graph/resolvers/generated.go:1537.32,1538.49 1 0
meditrax/graph/resolvers/generated.go:1538.49,1539.9 1 0
meditrax/graph/resolvers/generated.go:1542.3,1543.17 2 0
meditrax/graph/resolvers/generated.go:1543.17,1545.4 1 0
meditrax/graph/resolvers/generated.go:1547.3,1547.122 1 0
meditrax/graph/resolvers/generated.go:1549.37,1550.54 1 0
meditrax/graph/resolvers/generated.go:1550.54,1551.9 1 0
meditrax/graph/resolvers/generated.go:1554.3,1555.17 2 0
meditrax/graph/resolvers/generated.go:1555.17,1557.4 1 0
meditrax/graph/resolvers/generated.go:1559.3,1559.163 1 0
meditrax/graph/resolvers/generated.go:1561.37,1562.54 1 0
meditrax/graph/resolvers/generated.go:1562.54,1563.9 1 0
meditrax/graph/resolvers/generated.go:1566.3,1567.17 2 0
meditrax/graph/resolvers/generated.go:1567.17,1569.4 1 0
meditrax/graph/resolvers/generated.go:1571.3,1571.150 1 0
meditrax/graph/resolvers/generated.go:1573.45,1574.62 1 0
meditrax/graph/resolvers/generated.go:1574.62,1575.9 1 0
meditrax/graph/resolvers/generated.go:1578.3,1579.17 2 0
meditrax/graph/resolvers/generated.go:1579.17,1581.4 1 0
meditrax/graph/resolvers/generated.go:1583.3,1583.148 1 0
meditrax/graph/resolvers/generated.go:1585.38,1586.55 1 0
meditrax/graph/resolvers/generated.go:1586.55,1587.9 1 0
meditrax/graph/resolvers/generated.go:1590.3,1591.17 2 0
meditrax/graph/resolvers/generated.go:1591.17,1593.4 1 0
meditrax/graph/resolvers/generated.go:1595.3,1595.158 1 0
meditrax/graph/resolvers/generated.go:1597.35,1598.52 1 0
meditrax/graph/resolvers/generated.go:1598.52,1599.9 1 0
meditrax/graph/resolvers/generated.go:1602.3,1603.17 2 0
meditrax/graph/resolvers/generated.go:1603.17,1605.4 1 0
meditrax/graph/resolvers/generated.go:1607.3,1607.236 1 0
meditrax/graph/resolvers/generated.go:1609.43,1610.60 1 0
meditrax/graph/resolvers/generated.go:1610.60,1611.9 1 0
meditrax/graph/resolvers/generated.go:1614.3,1615.17 2 0
meditrax/graph/resolvers/generated.go:1615.17,1617.4 1 0
meditrax/graph/resolvers/generated.go:1619.3,1619.165 1 0
meditrax/graph/resolvers/generated.go:1621.42,1622.59 1 0
meditrax/graph/resolvers/generated.go:1622.59,1623.9 1 0
meditrax/graph/resolvers/generated.go:1626.3,1627.17 2 0
meditrax/graph/resolvers/generated.go:1627.17,1629.4 1 0
meditrax/graph/resolvers/generated.go:1631.3,1631.226 1 0
meditrax/graph/resolvers/generated.go:1633.29,1634.46 1 0
meditrax/graph/resolvers/generated.go:1634.46,1635.9 1 0
meditrax/graph/resolvers/generated.go:1638.3,1639.17 2 0
meditrax/graph/resolvers/generated.go:1639.17,1641.4 1 0
meditrax/graph/resolvers/generated.go:1643.3,1643.148 1 0
meditrax/graph/resolvers/generated.go:1645.34,1646.51 1 0
meditrax/graph/resolvers/generated.go:1646.51,1647.9 1 0
meditrax/graph/resolvers/generated.go:1650.3,1650.70 1 0
meditrax/graph/resolvers/generated.go:1652.27,1653.44 1 0
meditrax/graph/resolvers/generated.go:1653.44,1654.9 1 0
meditrax/graph/resolvers/generated.go:1657.3,1657.63 1 0
meditrax/graph/resolvers/generated.go:1659.30,1660.47 1 0
meditrax/graph/resolvers/generated.go:1660.47,1661.9 1 0
meditrax/graph/resolvers/generated.go:1664.3,1664.66 1 0
meditrax/graph/resolvers/generated.go:1666.29,1667.46 1 0
meditrax/graph/resolvers/generated.go:1667.46,1668.9 1 0
meditrax/graph/resolvers/generated.go:1671.3,1671.65 1 0
meditrax/graph/resolvers/generated.go:1673.36,1674.53 1 0
meditrax/graph/resolvers/generated.go:1674.53,1675.9 1 0
meditrax/graph/resolvers/generated.go:1678.3,1678.72 1 0
meditrax/graph/resolvers/generated.go:1680.32,1681.49 1 0
meditrax/graph/resolvers/generated.go:1681.49,1682.9 1 0
meditrax/graph/resolvers/generated.go:1685.3,1685.68 1 0
meditrax/graph/resolvers/generated.go:1687.28,1688.45 1 0
meditrax/graph/resolvers/generated.go:1688.45,1689.9 1 0
meditrax/graph/resolvers/generated.go:1692.3,1693.17 2 0
meditrax/graph/resolvers/generated.go:1693.17,1695.4 1 0
meditrax/graph/resolvers/generated.go:1697.3,1697.87 1 0
meditrax/graph/resolvers/generated.go:1699.32,1700.49 1 0
meditrax/graph/resolvers/generated.go:1700.49,1701.9 1 0
meditrax/graph/resolvers/generated.go:1704.3,1705.17 2 0
meditrax/graph/resolvers/generated.go:1705.17,1707.4 1 0
meditrax/graph/resolvers/generated.go:1709.3,1709.154 1 0
meditrax/graph/resolvers/generated.go:1711.39,1712.56 1 0
meditrax/graph/resolvers/generated.go:1712.56,1713.9 1 0
meditrax/graph/resolvers/generated.go:1716.3,1716.75 1 0
meditrax/graph/resolvers/generated.go:1718.33,1719.50 1 0
meditrax/graph/resolvers/generated.go:1719.50,1720.9 1 0
meditrax/graph/resolvers/generated.go:1723.3,1723.69 1 0
meditrax/graph/resolvers/generated.go:1725.38,1726.55 1 0
meditrax/graph/resolvers/generated.go:1726.55,1727.9 1 0
meditrax/graph/resolvers/generated.go:1730.3,1730.74 1 0
meditrax/graph/resolvers/generated.go:1732.30,1733.47 1 0
meditrax/graph/resolvers/generated.go:1733.47,1734.9 1 0
meditrax/graph/resolvers/generated.go:1737.3,1737.66 1 0
meditrax/graph/resolvers/generated.go:1739.32,1740.49 1 0
meditrax/graph/resolvers/generated.go:1740.49,1741.9 1 0
meditrax/graph/resolvers/generated.go:1744.3,1745.17 2 0
meditrax/graph/resolvers/generated.go:1745.17,1747.4 1 0
meditrax/graph/resolvers/generated.go:1749.3,1749.91 1 0
meditrax/graph/resolvers/generated.go:1751.37,1752.54 1 0
meditrax/graph/resolvers/generated.go:1752.54,1753.9 1 0
meditrax/graph/resolvers/generated.go:1756.3,1756.73 1 0
meditrax/graph/resolvers/generated.go:1758.23,1759.40 1 0
meditrax/graph/resolvers/generated.go:1759.40,1760.9 1 0
meditrax/graph/resolvers/generated.go:1763.3,1763.59 1 0
meditrax/graph/resolvers/generated.go:1765.35,1766.52 1 0
meditrax/graph/resolvers/generated.go:1766.52,1767.9 1 0
meditrax/graph/resolvers/generated.go:1770.3,1770.71 1 0
meditrax/graph/resolvers/generated.go:1772.25,1773.42 1 0
meditrax/graph/resolvers/generated.go:1773.42,1774.9 1 0
meditrax/graph/resolvers/generated.go:1777.3,1777.61 1 0
meditrax/graph/resolvers/generated.go:1779.26,1780.43 1 0
meditrax/graph/resolvers/generated.go:1780.43,1781.9 1 0
meditrax/graph/resolvers/generated.go:1784.3,1784.62 1 0
meditrax/graph/resolvers/generated.go:1786.27,1787.44 1 0
meditrax/graph/resolvers/generated.go:1787.44,1788.9 1 0
meditrax/graph/resolvers/generated.go:1791.3,1791.63 1 0
meditrax/graph/resolvers/generated.go:1793.31,1794.48 1 0
meditrax/graph/resolvers/generated.go:1794.48,1795.9 1 0
meditrax/graph/resolvers/generated.go:1798.3,1798.67 1 0
meditrax/graph/resolvers/generated.go:1800.34,1801.51 1 0
meditrax/graph/resolvers/generated.go:1801.51,1802.9 1 0
meditrax/graph/resolvers/generated.go:1805.3,1805.70 1 0
meditrax/graph/resolvers/generated.go:1807.27,1808.44 1 0
meditrax/graph/resolvers/generated.go:1808.44,1809.9 1 0
meditrax/graph/resolvers/generated.go:1812.3,1812.63 1 0
meditrax/graph/resolvers/generated.go:1814.46,1815.63 1 0
meditrax/graph/resolvers/generated.go:1815.63,1816.9 1 0
meditrax/graph/resolvers/generated.go:1819.3,1819.82 1 0
meditrax/graph/resolvers/generated.go:1821.39,1822.56 1 0
meditrax/graph/resolvers/generated.go:1822.56,1823.9 1 0
meditrax/graph/resolvers/generated.go:1826.3,1826.75 1 0
meditrax/graph/resolvers/generated.go:1828.27,1829.44 1 0
meditrax/graph/resolvers/generated.go:1829.44,1830.9 1 0
meditrax/graph/resolvers/generated.go:1833.3,1833.63 1 0
meditrax/graph/resolvers/generated.go:1835.33,1836.50 1 0
meditrax/graph/resolvers/generated.go:1836.50,1837.9 1 0
meditrax/graph/resolvers/generated.go:1840.3,1840.69 1 0
meditrax/graph/resolvers/generated.go:1842.25,1843.42 1 0
meditrax/graph/resolvers/generated.go:1843.42,1844.9 1 0
meditrax/graph/resolvers/generated.go:1847.3,1847.61 1 0
meditrax/graph/resolvers/generated.go:1849.22,1850.39 1 0
meditrax/graph/resolvers/generated.go:1850.39,1851.9 1 0
meditrax/graph/resolvers/generated.go:1854.3,1854.58 1 0
meditrax/graph/resolvers/generated.go:1856.18,1857.35 1 0
meditrax/graph/resolvers/generated.go:1857.35,1858.9 1 0
meditrax/graph/resolvers/generated.go:1861.3,1861.54 1 0
meditrax/graph/resolvers/generated.go:1863.28,1864.45 1 0
meditrax/graph/resolvers/generated.go:1864.45,1865.9 1 0
meditrax/graph/resolvers/generated.go:1868.3,1868.64 1 0
meditrax/graph/resolvers/generated.go:1870.34,1871.51 1 0
meditrax/graph/resolvers/generated.go:1871.51,1872.9 1 0
meditrax/graph/resolvers/generated.go:1875.3,1875.70 1 0
meditrax/graph/resolvers/generated.go:1877.25,1878.42 1 0
meditrax/graph/resolvers/generated.go:1878.42,1879.9 1 0
meditrax/graph/resolvers/generated.go:1882.3,1882.61 1 0
meditrax/graph/resolvers/generated.go:1884.20,1885.37 1 0
meditrax/graph/resolvers/generated.go:1885.37,1886.9 1 0
meditrax/graph/resolvers/generated.go:1889.3,1889.56 1 0
meditrax/graph/resolvers/generated.go:1891.42,1892.59 1 0
meditrax/graph/resolvers/generated.go:1892.59,1893.9 1 0
meditrax/graph/resolvers/generated.go:1896.3,1896.78 1 0
meditrax/graph/resolvers/generated.go:1898.39,1899.56 1 0
meditrax/graph/resolvers/generated.go:1899.56,1900.9 1 0
meditrax/graph/resolvers/generated.go:1903.3,1903.75 1 0
meditrax/graph/resolvers/generated.go:1905.44,1906.61 1 0
meditrax/graph/resolvers/generated.go:1906.61,1907.9 1 0
meditrax/graph/resolvers/generated.go:1910.3,1910.80 1 0
meditrax/graph/resolvers/generated.go:1912.47,1913.64 1 0
meditrax/graph/resolvers/generated.go:1913.64,1914.9 1 0
meditrax/graph/resolvers/generated.go:1917.3,1917.83 1 0
meditrax/graph/resolvers/generated.go:1919.47,1920.64 1 0
meditrax/graph/resolvers/generated.go:1920.64,1921.9 1 0
meditrax/graph/resolvers/generated.go:1924.3,1924.83 1 0
meditrax/graph/resolvers/generated.go:1926.45,1927.62 1 0
meditrax/graph/resolvers/generated.go:1927.62,1928.9 1 0
meditrax/graph/resolvers/generated.go:1931.3,1931.81 1 0
meditrax/graph/resolvers/generated.go:1933.44,1934.61 1 0
meditrax/graph/resolvers/generated.go:1934.61,1935.9 1 0
meditrax/graph/resolvers/generated.go:1938.3,1938.80 1 0
meditrax/graph/resolvers/generated.go:1940.44,1941.61 1 0
meditrax/graph/resolvers/generated.go:1941.61,1942.9 1 0
meditrax/graph/resolvers/generated.go:1945.3,1945.80 1 0
meditrax/graph/resolvers/generated.go:1947.45,1948.62 1 0
meditrax/graph/resolvers/generated.go:1948.62,1949.9 1 0
meditrax/graph/resolvers/generated.go:1952.3,1952.81 1 0
meditrax/graph/resolvers/generated.go:1954.57,1955.74 1 0
meditrax/graph/resolvers/generated.go:1955.74,1956.9 1 0
meditrax/graph/resolvers/generated.go:1959.3,1959.93 1 0
meditrax/graph/resolvers/generated.go:1961.60,1962.77 1 0
meditrax/graph/resolvers/generated.go:1962.77,1963.9 1 0
meditrax/graph/resolvers/generated.go:1966.3,1966.96 1 0
meditrax/graph/resolvers/generated.go:1968.54,1969.71 1 0
meditrax/graph/resolvers/generated.go:1969.71,1970.9 1 0
meditrax/graph/resolvers/generated.go:1973.3,1973.90 1 0
meditrax/graph/resolvers/generated.go:1975.45,1976.62 1 0
meditrax/graph/resolvers/generated.go:1976.62,1977.9 1 0
meditrax/graph/resolvers/generated.go:1980.3,1980.81 1 0
meditrax/graph/resolvers/generated.go:1982.46,1983.63 1 0
meditrax/graph/resolvers/generated.go:1983.63,1984.9 1 0
meditrax/graph/resolvers/generated.go:1987.3,1987.82 1 0
meditrax/graph/resolvers/generated.go:1989.50,1990.67 1 0
meditrax/graph/resolvers/generated.go:1990.67,1991.9 1 0
meditrax/graph/resolvers/generated.go:1994.3,1994.86 1 0
meditrax/graph/resolvers/generated.go:1996.53,1997.70 1 0
meditrax/graph/resolvers/generated.go:1997.70,1998.9 1 0
meditrax/graph/resolvers/generated.go:2001.3,2001.89 1 0
meditrax/graph/resolvers/generated.go:2003.47,2004.64 1 0
meditrax/graph/resolvers/generated.go:2004.64,2005.9 1 0
meditrax/graph/resolvers/generated.go:2008.3,2008.83 1 0
meditrax/graph/resolvers/generated.go:2010.42,2011.59 1 0
meditrax/graph/resolvers/generated.go:2011.59,2012.9 1 0
meditrax/graph/resolvers/generated.go:2015.3,2015.78 1 0
meditrax/graph/resolvers/generated.go:2017.49,2018.66 1 0
meditrax/graph/resolvers/generated.go:2018.66,2019.9 1 0
meditrax/graph/resolvers/generated.go:2022.3,2022.85 1 0
meditrax/graph/resolvers/generated.go:2024.52,2025.69 1 0
meditrax/graph/resolvers/generated.go:2025.69,2026.9 1 0
meditrax/graph/resolvers/generated.go:2029.3,2029.88 1 0
meditrax/graph/resolvers/generated.go:2031.36,2032.53 1 0
meditrax/graph/resolvers/generated.go:2032.53,2033.9 1 0
meditrax/graph/resolvers/generated.go:2036.3,2036.72 1 0
meditrax/graph/resolvers/generated.go:2038.35,2039.52 1 0
meditrax/graph/resolvers/generated.go:2039.52,2040.9 1 0
meditrax/graph/resolvers/generated.go:2043.3,2043.71 1 0
meditrax/graph/resolvers/generated.go:2045.25,2046.41 1 0
meditrax/graph/resolvers/generated.go:2046.41,2047.9 1 0
meditrax/graph/resolvers/generated.go:2050.3,2050.60 1 0
meditrax/graph/resolvers/generated.go:2052.17,2053.34 1 0
meditrax/graph/resolvers/generated.go:2053.34,2054.9 1 0
meditrax/graph/resolvers/generated.go:2057.3,2057.53 1 0
meditrax/graph/resolvers/generated.go:2059.25,2060.41 1 0
meditrax/graph/resolvers/generated.go:2060.41,2061.9 1 0
meditrax/graph/resolvers/generated.go:2064.3,2064.60 1 0
meditrax/graph/resolvers/generated.go:2066.19,2067.36 1 0
meditrax/graph/resolvers/generated.go:2067.36,2068.9 1 0
meditrax/graph/resolvers/generated.go:2071.3,2071.55 1 0
meditrax/graph/resolvers/generated.go:2073.23,2074.40 1 0
meditrax/graph/resolvers/generated.go:2074.40,2075.9 1 0
meditrax/graph/resolvers/generated.go:2078.3,2078.59 1 0
meditrax/graph/resolvers/generated.go:2080.26,2081.43 1 0
meditrax/graph/resolvers/generated.go:2081.43,2082.9 1 0
meditrax/graph/resolvers/generated.go:2085.3,2085.62 1 0
meditrax/graph/resolvers/generated.go:2087.19,2088.36 1 0
meditrax/graph/resolvers/generated.go:2088.36,2089.9 1 0
meditrax/graph/resolvers/generated.go:2092.3,2092.55 1 0
meditrax/graph/resolvers/generated.go:2094.21,2095.38 1 0
meditrax/graph/resolvers/generated.go:2095.38,2096.9 1 0
meditrax/graph/resolvers/generated.go:2099.3,2099.57 1 0
meditrax/graph/resolvers/generated.go:2101.25,2102.41 1 0
meditrax/graph/resolvers/generated.go:2102.41,2103.9 1 0
meditrax/graph/resolvers/generated.go:2106.3,2106.60 1 0
meditrax/graph/resolvers/generated.go:2108.34,2109.50 1 0
meditrax/graph/resolvers/generated.go:2109.50,2110.9 1 0
meditrax/graph/resolvers/generated.go:2113.3,2113.69 1 0
meditrax/graph/resolvers/generated.go:2115.36,2116.52 1 0
meditrax/graph/resolvers/generated.go:2116.52,2117.9 1 0
meditrax/graph/resolvers/generated.go:2120.3,2120.71 1 0
meditrax/graph/resolvers/generated.go:2122.35,2123.51 1 0
meditrax/graph/resolvers/generated.go:2123.51,2124.9 1 0
meditrax/graph/resolvers/generated.go:2127.3,2127.70 1 0
meditrax/graph/resolvers/generated.go:2129.28,2130.45 1 0
meditrax/graph/resolvers/generated.go:2130.45,2131.9 1 0
meditrax/graph/resolvers/generated.go:2134.3,2134.64 1 0
meditrax/graph/resolvers/generated.go:2136.33,2137.49 1 0
meditrax/graph/resolvers/generated.go:2137.49,2138.9 1 0
meditrax/graph/resolvers/generated.go:2141.3,2141.68 1 0
meditrax/graph/resolvers/generated.go:2143.39,2144.56 1 0
meditrax/graph/resolvers/generated.go:2144.56,2145.9 1 0
meditrax/graph/resolvers/generated.go:2148.3,2148.75 1 0
meditrax/graph/resolvers/generated.go:2150.40,2151.57 1 0
meditrax/graph/resolvers/generated.go:2151.57,2152.9 1 0
meditrax/graph/resolvers/generated.go:2155.3,2155.76 1 0
meditrax/graph/resolvers/generated.go:2157.49,2158.66 1 0
meditrax/graph/resolvers/generated.go:2158.66,2159.9 1 0
meditrax/graph/resolvers/generated.go:2162.3,2162.85 1 0
meditrax/graph/resolvers/generated.go:2164.38,2165.55 1 0
meditrax/graph/resolvers/generated.go:2165.55,2166.9 1 0
meditrax/graph/resolvers/generated.go:2169.3,2169.74 1 0
meditrax/graph/resolvers/generated.go:2171.38,2172.55 1 0
meditrax/graph/resolvers/generated.go:2172.55,2173.9 1 0
meditrax/graph/resolvers/generated.go:2176.3,2176.74 1 0
meditrax/graph/resolvers/generated.go:2178.33,2179.50 1 0
meditrax/graph/resolvers/generated.go:2179.50,2180.9 1 0
meditrax/graph/resolvers/generated.go:2183.3,2183.69 1 0
meditrax/graph/resolvers/generated.go:2185.40,2186.57 1 0
meditrax/graph/resolvers/generated.go:2186.57,2187.9 1 0
meditrax/graph/resolvers/generated.go:2190.3,2190.76 1 0
meditrax/graph/resolvers/generated.go:2192.33,2193.50 1 0
meditrax/graph/resolvers/generated.go:2193.50,2194.9 1 0
meditrax/graph/resolvers/generated.go:2197.3,2197.69 1 0
meditrax/graph/resolvers/generated.go:2199.35,2200.52 1 0
meditrax/graph/resolvers/generated.go:2200.52,2201.9 1 0
meditrax/graph/resolvers/generated.go:2204.3,2204.71 1 0
meditrax/graph/resolvers/generated.go:2207.2,2207.17 1 0
meditrax/graph/resolvers/generated.go:2210.78,2216.32 5 1
meditrax/graph/resolvers/generated.go:2217.17,2218.54 1 0
meditrax/graph/resolvers/generated.go:2218.54,2221.13 3 0
meditrax/graph/resolvers/generated.go:2221.13,2225.5 3 0
meditrax/graph/resolvers/generated.go:2225.10,2226.50 1 0
meditrax/graph/resolvers/generated.go:2226.50,2233.6 6 0
meditrax/graph/resolvers/generated.go:2233.11,2235.6 1 0
meditrax/graph/resolvers/generated.go:2237.4,2240.42 4 0
meditrax/graph/resolvers/generated.go:2240.42,2243.5 2 0
meditrax/graph/resolvers/generated.go:2245.4,2245.20 1 0
meditrax/graph/resolvers/generated.go:2247.20,2248.54 1 1
meditrax/graph/resolvers/generated.go:2248.54,2249.14 1 1
meditrax/graph/resolvers/generated.go:2249.14,2251.5 1 0
meditrax/graph/resolvers/generated.go:2252.4,2260.5 6 1
meditrax/graph/resolvers/generated.go:2263.10,2264.86 1 0
meditrax/graph/resolvers/generated.go:2276.76,2278.12 2 0
meditrax/graph/resolvers/generated.go:2278.12,2288.31 4 0
meditrax/graph/resolvers/generated.go:2288.31,2290.4 1 0
meditrax/graph/resolvers/generated.go:2291.3,2291.27 1 0
meditrax/graph/resolvers/generated.go:2295.79,2296.29 1 0
meditrax/graph/resolvers/generated.go:2296.29,2298.3 1 0
meditrax/graph/resolvers/generated.go:2299.2,2299.51 1 0
meditrax/graph/resolvers/generated.go:2302.86,2303.29 1 0
meditrax/graph/resolvers/generated.go:2303.29,2305.3 1 0
meditrax/graph/resolvers/generated.go:2306.2,2306.81 1 0
meditrax/graph/resolvers/generated.go:2752.150,2756.16 4 0
meditrax/graph/resolvers/generated.go:2756.16,2758.3 1 0
meditrax/graph/resolvers/generated.go:2759.2,2761.16 3 0
meditrax/graph/resolvers/generated.go:2761.16,2763.3 1 0
meditrax/graph/resolvers/generated.go:2764.2,2766.16 3 0
meditrax/graph/resolvers/generated.go:2766.16,2768.3 1 0
meditrax/graph/resolvers/generated.go:2769.2,2770.18 2 0
meditrax/graph/resolvers/generated.go:2775.19,2777.45 2 0
meditrax/graph/resolvers/generated.go:2777.45,2779.3 1 0
meditrax/graph/resolvers/generated.go:2781.2,2782.21 2 0
meditrax/graph/resolvers/generated.go:2788.19,2790.44 2 0
meditrax/graph/resolvers/generated.go:2790.44,2792.3 1 0
meditrax/graph/resolvers/generated.go:2794.2,2795.21 2 0
meditrax/graph/resolvers/generated.go:2801.19,2803.43 2 0
meditrax/graph/resolvers/generated.go:2803.43,2805.3 1 0
meditrax/graph/resolvers/generated.go:2807.2,2808.21 2 0
meditrax/graph/resolvers/generated.go:2811.150,2815.16 4 0
meditrax/graph/resolvers/generated.go:2815.16,2817.3 1 0
meditrax/graph/resolvers/generated.go:2818.2,2820.16 3 0
meditrax/graph/resolvers/generated.go:2820.16,2822.3 1 0
meditrax/graph/resolvers/generated.go:2823.2,2825.16 3 0
meditrax/graph/resolvers/generated.go:2825.16,2827.3 1 0
meditrax/graph/resolvers/generated.go:2828.2,2830.16 3 0
meditrax/graph/resolvers/generated.go:2830.16,2832.3 1 0
meditrax/graph/resolvers/generated.go:2833.2,2834.18 2 0
meditrax/graph/resolvers/generated.go:2839.19,2841.42 2 0
meditrax/graph/resolvers/generated.go:2841.42,2843.3 1 0
meditrax/graph/resolvers/generated.go:2845.2,2846.21 2 0
meditrax/graph/resolvers/generated.go:2852.20,2854.37 2 0
meditrax/graph/resolvers/generated.go:2854.37,2856.3 1 0
meditrax/graph/resolvers/generated.go:2858.2,2859.21 2 0
meditrax/graph/resolvers/generated.go:2865.19,2867.36 2 0
meditrax/graph/resolvers/generated.go:2867.36,2869.3 1 0
meditrax/graph/resolvers/generated.go:2871.2,2872.21 2 0
meditrax/graph/resolvers/generated.go:2878.19,2880.42 2 0
meditrax/graph/resolvers/generated.go:2880.42,2882.3 1 0
meditrax/graph/resolvers/generated.go:2884.2,2885.21 2 0
meditrax/graph/resolvers/generated.go:2888.151,2892.16 4 0
meditrax/graph/resolvers/generated.go:2892.16,2894.3 1 0
meditrax/graph/resolvers/generated.go:2895.2,2897.16 3 0
meditrax/graph/resolvers/generated.go:2897.16,2899.3 1 0
meditrax/graph/resolvers/generated.go:2900.2,2901.18 2 0
meditrax/graph/resolvers/generated.go:2906.19,2908.42 2 0
meditrax/graph/resolvers/generated.go:2908.42,2910.3 1 0
meditrax/graph/resolvers/generated.go:2912.2,2913.21 2 0
meditrax/graph/resolvers/generated.go:2919.19,2921.39 2 0
meditrax/graph/resolvers/generated.go:2921.39,2923.3 1 0
meditrax/graph/resolvers/generated.go:2925.2,2926.21 2 0
meditrax/graph/resolvers/generated.go:2929.148,2933.16 4 1
meditrax/graph/resolvers/generated.go:2933.16,2935.3 1 0
meditrax/graph/resolvers/generated.go:2936.2,2938.16 3 1
meditrax/graph/resolvers/generated.go:2938.16,2940.3 1 0
meditrax/graph/resolvers/generated.go:2941.2,2943.16 3 1
meditrax/graph/resolvers/generated.go:2943.16,2945.3 1 0
meditrax/graph/resolvers/generated.go:2946.2,2948.16 3 1
meditrax/graph/resolvers/generated.go:2948.16,2950.3 1 0
meditrax/graph/resolvers/generated.go:2951.2,2953.16 3 1
meditrax/graph/resolvers/generated.go:2953.16,2955.3 1 0
meditrax/graph/resolvers/generated.go:2956.2,2957.18 2 1
meditrax/graph/resolvers/generated.go:2962.19,2964.36 2 1
meditrax/graph/resolvers/generated.go:2964.36,2966.3 1 1
meditrax/graph/resolvers/generated.go:2968.2,2969.21 2 0
meditrax/graph/resolvers/generated.go:2975.20,2977.38 2 1
meditrax/graph/resolvers/generated.go:2977.38,2979.3 1 1
meditrax/graph/resolvers/generated.go:2981.2,2982.21 2 0
meditrax/graph/resolvers/generated.go:2988.19,2990.36 2 1
meditrax/graph/resolvers/generated.go:2990.36,2992.3 1 1
meditrax/graph/resolvers/generated.go:2994.2,2995.21 2 0
meditrax/graph/resolvers/generated.go:3001.19,3003.41 2 1
meditrax/graph/resolvers/generated.go:3003.41,3005.3 1 1
meditrax/graph/resolvers/generated.go:3007.2,3008.21 2 0
meditrax/graph/resolvers/generated.go:3014.20,3016.41 2 1
meditrax/graph/resolvers/generated.go:3016.41,3018.3 1 1
meditrax/graph/resolvers/generated.go:3020.2,3021.21 2 0
meditrax/graph/resolvers/generated.go:3024.151,3028.16 4 0
meditrax/graph/resolvers/generated.go:3028.16,3030.3 1 0
meditrax/graph/resolvers/generated.go:3031.2,3032.18 2 0
meditrax/graph/resolvers/generated.go:3037.19,3039.39 2 0
meditrax/graph/resolvers/generated.go:3039.39,3041.3 1 0
meditrax/graph/resolvers/generated.go:3043.2,3044.21 2 0
meditrax/graph/resolvers/generated.go:3047.157,3051.16 4 0
meditrax/graph/resolvers/generated.go:3051.16,3053.3 1 0
meditrax/graph/resolvers/generated.go:3054.2,3056.16 3 0
meditrax/graph/resolvers/generated.go:3056.16,3058.3 1 0
meditrax/graph/resolvers/generated.go:3059.2,3061.16 3 0
meditrax/graph/resolvers/generated.go:3061.16,3063.3 1 0
meditrax/graph/resolvers/generated.go:3064.2,3065.18 2 0
meditrax/graph/resolvers/generated.go:3070.19,3072.36 2 0
meditrax/graph/resolvers/generated.go:3072.36,3074.3 1 0
meditrax/graph/resolvers/generated.go:3076.2,3077.21 2 0
meditrax/graph/resolvers/generated.go:3083.19,3085.43 2 0
meditrax/graph/resolvers/generated.go:3085.43,3087.3 1 0
meditrax/graph/resolvers/generated.go:3089.2,3090.21 2 0
meditrax/graph/resolvers/generated.go:3096.19,3098.39 2 0
meditrax/graph/resolvers/generated.go:3098.39,3100.3 1 0
meditrax/graph/resolvers/generated.go:3102.2,3103.21 2 0
meditrax/graph/resolvers/generated.go:3106.161,3110.16 4 0
meditrax/graph/resolvers/generated.go:3110.16,3112.3 1 0
meditrax/graph/resolvers/generated.go:3113.2,3114.18 2 0
meditrax/graph/resolvers/generated.go:3119.19,3121.49 2 0
meditrax/graph/resolvers/generated.go:3121.49,3123.3 1 0
meditrax/graph/resolvers/generated.go:3125.2,3126.21 2 0
meditrax/graph/resolvers/generated.go:3129.159,3133.16 4 0
meditrax/graph/resolvers/generated.go:3133.16,3135.3 1 0
meditrax/graph/resolvers/generated.go:3136.2,3138.16 3 0
meditrax/graph/resolvers/generated.go:3138.16,3140.3 1 0
meditrax/graph/resolvers/generated.go:3141.2,3142.18 2 0
meditrax/graph/resolvers/generated.go:3147.19,3149.44 2 0
meditrax/graph/resolvers/generated.go:3149.44,3151.3 1 0
meditrax/graph/resolvers/generated.go:3153.2,3154.21 2 0
meditrax/graph/resolvers/generated.go:3160.19,3162.44 2 0
meditrax/graph/resolvers/generated.go:3162.44,3164.3 1 0
meditrax/graph/resolvers/generated.go:3166.2,3167.21 2 0
meditrax/graph/resolvers/generated.go:3170.158,3174.16 4 0
meditrax/graph/resolvers/generated.go:3174.16,3176.3 1 0
meditrax/graph/resolvers/generated.go:3177.2,3179.16 3 0
meditrax/graph/resolvers/generated.go:3179.16,3181.3 1 0
meditrax/graph/resolvers/generated.go:3182.2,3184.16 3 0
meditrax/graph/resolvers/generated.go:3184.16,3186.3 1 0
meditrax/graph/resolvers/generated.go:3187.2,3189.16 3 0
meditrax/graph/resolvers/generated.go:3189.16,3191.3 1 0
meditrax/graph/resolvers/generated.go:3192.2,3193.18 2 0
meditrax/graph/resolvers/generated.go:3198.19,3200.45 2 0
meditrax/graph/resolvers/generated.go:3200.45,3202.3 1 0
meditrax/graph/resolvers/generated.go:3204.2,3205.21 2 0
meditrax/graph/resolvers/generated.go:3211.19,3213.45 2 0
meditrax/graph/resolvers/generated.go:3213.45,3215.3 1 0
meditrax/graph/resolvers/generated.go:3217.2,3218.21 2 0
meditrax/graph/resolvers/generated.go:3224.19,3226.40 2 0
meditrax/graph/resolvers/generated.go:3226.40,3228.3 1 0
meditrax/graph/resolvers/generated.go:3230.2,3231.21 2 0
meditrax/graph/resolvers/generated.go:3237.20,3239.37 2 0
meditrax/graph/resolvers/generated.go:3239.37,3241.3 1 0
meditrax/graph/resolvers/generated.go:3243.2,3244.21 2 0
meditrax/graph/resolvers/generated.go:3247.145,3251.16 4 1
meditrax/graph/resolvers/generated.go:3251.16,3253.3 1 0
meditrax/graph/resolvers/generated.go:3254.2,3256.16 3 1
meditrax/graph/resolvers/generated.go:3256.16,3258.3 1 0
meditrax/graph/resolvers/generated.go:3259.2,3261.16 3 1
meditrax/graph/resolvers/generated.go:3261.16,3263.3 1 0
meditrax/graph/resolvers/generated.go:3264.2,3266.16 3 1
meditrax/graph/resolvers/generated.go:3266.16,3268.3 1 0
meditrax/graph/resolvers/generated.go:3269.2,3270.18 2 1
meditrax/graph/resolvers/generated.go:3275.19,3277.43 2 1
meditrax/graph/resolvers/generated.go:3277.43,3279.3 1 1
meditrax/graph/resolvers/generated.go:3281.2,3282.21 2 0
meditrax/graph/resolvers/generated.go:3288.19,3290.40 2 1
meditrax/graph/resolvers/generated.go:3290.40,3292.3 1 1
meditrax/graph/resolvers/generated.go:3294.2,3295.21 2 0
meditrax/graph/resolvers/generated.go:3301.19,3303.40 2 1
meditrax/graph/resolvers/generated.go:3303.40,3305.3 1 1
meditrax/graph/resolvers/generated.go:3307.2,3308.21 2 0
meditrax/graph/resolvers/generated.go:3314.19,3316.36 2 1
meditrax/graph/resolvers/generated.go:3316.36,3318.3 1 1
meditrax/graph/resolvers/generated.go:3320.2,3321.21 2 0
meditrax/graph/resolvers/generated.go:3324.153,3328.16 4 0
meditrax/graph/resolvers/generated.go:3328.16,3330.3 1 0
meditrax/graph/resolvers/generated.go:3331.2,3332.18 2 0
meditrax/graph/resolvers/generated.go:3337.19,3339.40 2 0
meditrax/graph/resolvers/generated.go:3339.40,3341.3 1 0
meditrax/graph/resolvers/generated.go:3343.2,3344.21 2 0
meditrax/graph/resolvers/generated.go:3347.153,3351.16 4 0
meditrax/graph/resolvers/generated.go:3351.16,3353.3 1 0
meditrax/graph/resolvers/generated.go:3354.2,3355.18 2 0
meditrax/graph/resolvers/generated.go:3360.19,3362.40 2 0
meditrax/graph/resolvers/generated.go:3362.40,3364.3 1 0
meditrax/graph/resolvers/generated.go:3366.2,3367.21 2 0
meditrax/graph/resolvers/generated.go:3370.154,3374.16 4 0
meditrax/graph/resolvers/generated.go:3374.16,3376.3 1 0
meditrax/graph/resolvers/generated.go:3377.2,3378.18 2 0
meditrax/graph/resolvers/generated.go:3383.19,3385.40 2 0
meditrax/graph/resolvers/generated.go:3385.40,3387.3 1 0
meditrax/graph/resolvers/generated.go:3389.2,3390.21 2 0
meditrax/graph/resolvers/generated.go:3393.159,3397.16 4 0
meditrax/graph/resolvers/generated.go:3397.16,3399.3 1 0
meditrax/graph/resolvers/generated.go:3400.2,3401.18 2 0
meditrax/graph/resolvers/generated.go:3406.19,3408.42 2 0
meditrax/graph/resolvers/generated.go:3408.42,3410.3 1 0
meditrax/graph/resolvers/generated.go:3412.2,3413.21 2 0
meditrax/graph/resolvers/generated.go:3416.151,3420.16 4 0
meditrax/graph/resolvers/generated.go:3420.16,3422.3 1 0
meditrax/graph/resolvers/generated.go:3423.2,3424.18 2 0
meditrax/graph/resolvers/generated.go:3429.19,3431.44 2 0
meditrax/graph/resolvers/generated.go:3431.44,3433.3 1 0
meditrax/graph/resolvers/generated.go:3435.2,3436.21 2 0
meditrax/graph/resolvers/generated.go:3439.158,3443.16 4 0
meditrax/graph/resolvers/generated.go:3443.16,3445.3 1 0
meditrax/graph/resolvers/generated.go:3446.2,3447.18 2 0
meditrax/graph/resolvers/generated.go:3452.19,3454.42 2 0
meditrax/graph/resolvers/generated.go:3454.42,3456.3 1 0
meditrax/graph/resolvers/generated.go:3458.2,3459.21 2 0
meditrax/graph/resolvers/generated.go:3462.144,3466.16 4 1
meditrax/graph/resolvers/generated.go:3466.16,3468.3 1 0
meditrax/graph/resolvers/generated.go:3469.2,3471.16 3 1
meditrax/graph/resolvers/generated.go:3471.16,3473.3 1 0
meditrax/graph/resolvers/generated.go:3474.2,3475.18 2 1
meditrax/graph/resolvers/generated.go:3480.19,3482.43 2 1
meditrax/graph/resolvers/generated.go:3482.43,3484.3 1 1
meditrax/graph/resolvers/generated.go:3486.2,3487.21 2 0
meditrax/graph/resolvers/generated.go:3493.19,3495.40 2 1
meditrax/graph/resolvers/generated.go:3495.40,3497.3 1 1
meditrax/graph/resolvers/generated.go:3499.2,3500.21 2 0
meditrax/graph/resolvers/generated.go:3503.147,3507.16 4 0
meditrax/graph/resolvers/generated.go:3507.16,3509.3 1 0
meditrax/graph/resolvers/generated.go:3510.2,3512.16 3 0
meditrax/graph/resolvers/generated.go:3512.16,3514.3 1 0
meditrax/graph/resolvers/generated.go:3515.2,3517.16 3 0
meditrax/graph/resolvers/generated.go:3517.16,3519.3 1 0
meditrax/graph/resolvers/generated.go:3520.2,3521.18 2 0
meditrax/graph/resolvers/generated.go:3526.19,3528.43 2 0
meditrax/graph/resolvers/generated.go:3528.43,3530.3 1 0
meditrax/graph/resolvers/generated.go:3532.2,3533.21 2 0
meditrax/graph/resolvers/generated.go:3539.19,3541.44 2 0
meditrax/graph/resolvers/generated.go:3541.44,3543.3 1 0
meditrax/graph/resolvers/generated.go:3545.2,3546.21 2 0
meditrax/graph/resolvers/generated.go:3552.19,3554.38 2 0
meditrax/graph/resolvers/generated.go:3554.38,3556.3 1 0
meditrax/graph/resolvers/generated.go:3558.2,3559.21 2 0
meditrax/graph/resolvers/generated.go:3562.155,3566.16 4 0
meditrax/graph/resolvers/generated.go:3566.16,3568.3 1 0
meditrax/graph/resolvers/generated.go:3569.2,3570.18 2 0
meditrax/graph/resolvers/generated.go:3575.19,3577.43 2 0
meditrax/graph/resolvers/generated.go:3577.43,3579.3 1 0
meditrax/graph/resolvers/generated.go:3581.2,3582.21 2 0
meditrax/graph/resolvers/generated.go:3585.148,3589.16 4 0
meditrax/graph/resolvers/generated.go:3589.16,3591.3 1 0
meditrax/graph/resolvers/generated.go:3592.2,3594.16 3 0
meditrax/graph/resolvers/generated.go:3594.16,3596.3 1 0
meditrax/graph/resolvers/generated.go:3597.2,3598.18 2 0
meditrax/graph/resolvers/generated.go:3603.19,3605.37 2 0
meditrax/graph/resolvers/generated.go:3605.37,3607.3 1 0
meditrax/graph/resolvers/generated.go:3609.2,3610.21 2 0
meditrax/graph/resolvers/generated.go:3616.19,3618.43 2 0
meditrax/graph/resolvers/generated.go:3618.43,3620.3 1 0
meditrax/graph/resolvers/generated.go:3622.2,3623.21 2 0
meditrax/graph/resolvers/generated.go:3626.153,3630.16 4 0
meditrax/graph/resolvers/generated.go:3630.16,3632.3 1 0
meditrax/graph/resolvers/generated.go:3633.2,3635.16 3 0
meditrax/graph/resolvers/generated.go:3635.16,3637.3 1 0
meditrax/graph/resolvers/generated.go:3638.2,3640.16 3 0
meditrax/graph/resolvers/generated.go:3640.16,3642.3 1 0
meditrax/graph/resolvers/generated.go:3643.2,3644.18 2 0
meditrax/graph/resolvers/generated.go:3649.19,3651.40 2 0
meditrax/graph/resolvers/generated.go:3651.40,3653.3 1 0
meditrax/graph/resolvers/generated.go:3655.2,3656.21 2 0
meditrax/graph/resolvers/generated.go:3662.20,3664.44 2 0
meditrax/graph/resolvers/generated.go:3664.44,3666.3 1 0
meditrax/graph/resolvers/generated.go:3668.2,3669.21 2 0
meditrax/graph/resolvers/generated.go:3675.20,3677.43 2 0
meditrax/graph/resolvers/generated.go:3677.43,3679.3 1 0
meditrax/graph/resolvers/generated.go:3681.2,3682.21 2 0
meditrax/graph/resolvers/generated.go:3685.153,3689.16 4 0
meditrax/graph/resolvers/generated.go:3689.16,3691.3 1 0
meditrax/graph/resolvers/generated.go:3692.2,3694.16 3 0
meditrax/graph/resolvers/generated.go:3694.16,3696.3 1 0
meditrax/graph/resolvers/generated.go:3697.2,3699.16 3 0
meditrax/graph/resolvers/generated.go:3699.16,3701.3 1 0
meditrax/graph/resolvers/generated.go:3702.2,3703.18 2 0
meditrax/graph/resolvers/generated.go:3708.19,3710.40 2 0
meditrax/graph/resolvers/generated.go:3710.40,3712.3 1 0
meditrax/graph/resolvers/generated.go:3714.2,3715.21 2 0
meditrax/graph/resolvers/generated.go:3721.21,3723.37 2 0
meditrax/graph/resolvers/generated.go:3723.37,3725.3 1 0
meditrax/graph/resolvers/generated.go:3727.2,3728.21 2 0
meditrax/graph/resolvers/generated.go:3734.20,3736.36 2 0
meditrax/graph/resolvers/generated.go:3736.36,3738.3 1 0
meditrax/graph/resolvers/generated.go:3740.2,3741.21 2 0
meditrax/graph/resolvers/generated.go:3744.161,3748.16 4 0
meditrax/graph/resolvers/generated.go:3748.16,3750.3 1 0
meditrax/graph/resolvers/generated.go:3751.2,3753.16 3 0
meditrax/graph/resolvers/generated.go:3753.16,3755.3 1 0
meditrax/graph/resolvers/generated.go:3756.2,3757.18 2 0
meditrax/graph/resolvers/generated.go:3762.19,3764.44 2 0
meditrax/graph/resolvers/generated.go:3764.44,3766.3 1 0
meditrax/graph/resolvers/generated.go:3768.2,3769.21 2 0
meditrax/graph/resolvers/generated.go:3775.19,3777.49 2 0
meditrax/graph/resolvers/generated.go:3777.49,3779.3 1 0
meditrax/graph/resolvers/generated.go:3781.2,3782.21 2 0
meditrax/graph/resolvers/generated.go:3785.154,3789.16 4 0
meditrax/graph/resolvers/generated.go:3789.16,3791.3 1 0
meditrax/graph/resolvers/generated.go:3792.2,3794.16 3 0
meditrax/graph/resolvers/generated.go:3794.16,3796.3 1 0
meditrax/graph/resolvers/generated.go:3797.2,3799.16 3 0
meditrax/graph/resolvers/generated.go:3799.16,3801.3 1 0
meditrax/graph/resolvers/generated.go:3802.2,3803.18 2 0
meditrax/graph/resolvers/generated.go:3808.19,3810.40 2 0
meditrax/graph/resolvers/generated.go:3810.40,3812.3 1 0
meditrax/graph/resolvers/generated.go:3814.2,3815.21 2 0
meditrax/graph/resolvers/generated.go:3821.20,3823.42 2 0
meditrax/graph/resolvers/generated.go:3823.42,3825.3 1 0
meditrax/graph/resolvers/generated.go:3827.2,3828.21 2 0
meditrax/graph/resolvers/generated.go:3834.20,3836.39 2 0
meditrax/graph/resolvers/generated.go:3836.39,3838.3 1 0
meditrax/graph/resolvers/generated.go:3840.2,3841.21 2 0
meditrax/graph/resolvers/generated.go:3844.159,3848.16 4 0
meditrax/graph/resolvers/generated.go:3848.16,3850.3 1 0
meditrax/graph/resolvers/generated.go:3851.2,3853.16 3 0
meditrax/graph/resolvers/generated.go:3853.16,3855.3 1 0
meditrax/graph/resolvers/generated.go:3856.2,3858.16 3 0
meditrax/graph/resolvers/generated.go:3858.16,3860.3 1 0
meditrax/graph/resolvers/generated.go:3861.2,3862.18 2 0
meditrax/graph/resolvers/generated.go:3867.19,3869.42 2 0
meditrax/graph/resolvers/generated.go:3869.42,3871.3 1 0
meditrax/graph/resolvers/generated.go:3873.2,3874.21 2 0
meditrax/graph/resolvers/generated.go:3880.20,3882.44 2 0
meditrax/graph/resolvers/generated.go:3882.44,3884.3 1 0
meditrax/graph/resolvers/generated.go:3886.2,3887.21 2 0
meditrax/graph/resolvers/generated.go:3893.18,3895.39 2 0
meditrax/graph/resolvers/generated.go:3895.39,3897.3 1 0
meditrax/graph/resolvers/generated.go:3899.2,3900.21 2 0
meditrax/graph/resolvers/generated.go:3903.151,3907.16 4 0
meditrax/graph/resolvers/generated.go:3907.16,3909.3 1 0
meditrax/graph/resolvers/generated.go:3910.2,3912.16 3 0
meditrax/graph/resolvers/generated.go:3912.16,3914.3 1 0
meditrax/graph/resolvers/generated.go:3915.2,3917.16 3 0
meditrax/graph/resolvers/generated.go:3917.16,3919.3 1 0
meditrax/graph/resolvers/generated.go:3920.2,3922.16 3 0
meditrax/graph/resolvers/generated.go:3922.16,3924.3 1 0
meditrax/graph/resolvers/generated.go:3925.2,3927.16 3 0
meditrax/graph/resolvers/generated.go:3927.16,3929.3 1 0
meditrax/graph/resolvers/generated.go:3930.2,3932.16 3 0
meditrax/graph/resolvers/generated.go:3932.16,3934.3 1 0
meditrax/graph/resolvers/generated.go:3935.2,3936.18 2 0
meditrax/graph/resolvers/generated.go:3941.19,3943.44 2 0
meditrax/graph/resolvers/generated.go:3943.44,3945.3 1 0
meditrax/graph/resolvers/generated.go:3947.2,3948.21 2 0
meditrax/graph/resolvers/generated.go:3954.20,3956.36 2 0
meditrax/graph/resolvers/generated.go:3956.36,3958.3 1 0
meditrax/graph/resolvers/generated.go:3960.2,3961.21 2 0
meditrax/graph/resolvers/generated.go:3967.21,3969.38 2 0
meditrax/graph/resolvers/generated.go:3969.38,3971.3 1 0
meditrax/graph/resolvers/generated.go:3973.2,3974.21 2 0
meditrax/graph/resolvers/generated.go:3980.20,3982.36 2 0
meditrax/graph/resolvers/generated.go:3982.36,3984.3 1 0
meditrax/graph/resolvers/generated.go:3986.2,3987.21 2 0
meditrax/graph/resolvers/generated.go:3993.20,3995.41 2 0
meditrax/graph/resolvers/generated.go:3995.41,3997.3 1 0
meditrax/graph/resolvers/generated.go:3999.2,4000.21 2 0
meditrax/graph/resolvers/generated.go:4006.21,4008.41 2 0
meditrax/graph/resolvers/generated.go:4008.41,4010.3 1 0
meditrax/graph/resolvers/generated.go:4012.2,4013.21 2 0
meditrax/graph/resolvers/generated.go:4016.158,4020.16 4 0
meditrax/graph/resolvers/generated.go:4020.16,4022.3 1 0
meditrax/graph/resolvers/generated.go:4023.2,4025.16 3 0
meditrax/graph/resolvers/generated.go:4025.16,4027.3 1 0
meditrax/graph/resolvers/generated.go:4028.2,4030.16 3 0
meditrax/graph/resolvers/generated.go:4030.16,4032.3 1 0
meditrax/graph/resolvers/generated.go:4033.2,4035.16 3 0
meditrax/graph/resolvers/generated.go:4035.16,4037.3 1 0
meditrax/graph/resolvers/generated.go:4038.2,4040.16 3 0
meditrax/graph/resolvers/generated.go:4040.16,4042.3 1 0
meditrax/graph/resolvers/generated.go:4043.2,4044.18 2 0
meditrax/graph/resolvers/generated.go:4049.19,4051.42 2 0
meditrax/graph/resolvers/generated.go:4051.42,4053.3 1 0
meditrax/graph/resolvers/generated.go:4055.2,4056.21 2 0
meditrax/graph/resolvers/generated.go:4062.20,4064.45 2 0
meditrax/graph/resolvers/generated.go:4064.45,4066.3 1 0
meditrax/graph/resolvers/generated.go:4068.2,4069.21 2 0
meditrax/graph/resolvers/generated.go:4075.20,4077.45 2 0
meditrax/graph/resolvers/generated.go:4077.45,4079.3 1 0
meditrax/graph/resolvers/generated.go:4081.2,4082.21 2 0
meditrax/graph/resolvers/generated.go:4088.20,4090.40 2 0
meditrax/graph/resolvers/generated.go:4090.40,4092.3 1 0
meditrax/graph/resolvers/generated.go:4094.2,4095.21 2 0
meditrax/graph/resolvers/generated.go:4101.20,4103.37 2 0
meditrax/graph/resolvers/generated.go:4103.37,4105.3 1 0
meditrax/graph/resolvers/generated.go:4107.2,4108.21 2 0
meditrax/graph/resolvers/generated.go:4111.145,4115.16 4 0
meditrax/graph/resolvers/generated.go:4115.16,4117.3 1 0
meditrax/graph/resolvers/generated.go:4118.2,4120.16 3 0
meditrax/graph/resolvers/generated.go:4120.16,4122.3 1 0
meditrax/graph/resolvers/generated.go:4123.2,4125.16 3 0
meditrax/graph/resolvers/generated.go:4125.16,4127.3 1 0
meditrax/graph/resolvers/generated.go:4128.2,4129.18 2 0
meditrax/graph/resolvers/generated.go:4134.20,4136.36 2 0
meditrax/graph/resolvers/generated.go:4136.36,4138.3 1 0
meditrax/graph/resolvers/generated.go:4140.2,4141.21 2 0
meditrax/graph/resolvers/generated.go:4147.20,4149.43 2 0
meditrax/graph/resolvers/generated.go:4149.43,4151.3 1 0
meditrax/graph/resolvers/generated.go:4153.2,4154.21 2 0
meditrax/graph/resolvers/generated.go:4160.20,4162.40 2 0
meditrax/graph/resolvers/generated.go:4162.40,4164.3 1 0
meditrax/graph/resolvers/generated.go:4166.2,4167.21 2 0
meditrax/graph/resolvers/generated.go:4170.138,4174.16 4 0
meditrax/graph/resolvers/generated.go:4174.16,4176.3 1 0
meditrax/graph/resolvers/generated.go:4177.2,4178.18 2 0
meditrax/graph/resolvers/generated.go:4183.19,4185.36 2 0
meditrax/graph/resolvers/generated.go:4185.36,4187.3 1 0
meditrax/graph/resolvers/generated.go:4189.2,4190.21 2 0
meditrax/graph/resolvers/generated.go:4193.144,4197.16 4 0
meditrax/graph/resolvers/generated.go:4197.16,4199.3 1 0
meditrax/graph/resolvers/generated.go:4200.2,4201.18 2 0
meditrax/graph/resolvers/generated.go:4206.19,4208.36 2 0
meditrax/graph/resolvers/generated.go:4208.36,4210.3 1 0
meditrax/graph/resolvers/generated.go:4212.2,4213.21 2 0
meditrax/graph/resolvers/generated.go:4216.148,4220.16 4 0
meditrax/graph/resolvers/generated.go:4220.16,4222.3 1 0
meditrax/graph/resolvers/generated.go:4223.2,4225.16 3 0
meditrax/graph/resolvers/generated.go:4225.16,4227.3 1 0
meditrax/graph/resolvers/generated.go:4228.2,4230.16 3 0
meditrax/graph/resolvers/generated.go:4230.16,4232.3 1 0
meditrax/graph/resolvers/generated.go:4233.2,4234.18 2 0
meditrax/graph/resolvers/generated.go:4239.20,4241.41 2 0
meditrax/graph/resolvers/generated.go:4241.41,4243.3 1 0
meditrax/graph/resolvers/generated.go:4245.2,4246.21 2 0
meditrax/graph/resolvers/generated.go:4252.20,4254.39 2 0
meditrax/graph/resolvers/generated.go:4254.39,4256.3 1 0
meditrax/graph/resolvers/generated.go:4258.2,4259.21 2 0
meditrax/graph/resolvers/generated.go:4265.20,4267.42 2 0
meditrax/graph/resolvers/generated.go:4267.42,4269.3 1 0
meditrax/graph/resolvers/generated.go:4271.2,4272.21 2 0
meditrax/graph/resolvers/generated.go:4275.148,4279.16 4 0
meditrax/graph/resolvers/generated.go:4279.16,4281.3 1 0
meditrax/graph/resolvers/generated.go:4282.2,4283.18 2 0
meditrax/graph/resolvers/generated.go:4288.19,4290.36 2 0
meditrax/graph/resolvers/generated.go:4290.36,4292.3 1 0
meditrax/graph/resolvers/generated.go:4294.2,4295.21 2 0
meditrax/graph/resolvers/generated.go:4298.143,4302.16 4 0
meditrax/graph/resolvers/generated.go:4302.16,4304.3 1 0
meditrax/graph/resolvers/generated.go:4305.2,4306.18 2 0
meditrax/graph/resolvers/generated.go:4311.17,4313.49 2 0
meditrax/graph/resolvers/generated.go:4313.49,4315.3 1 0
meditrax/graph/resolvers/generated.go:4317.2,4318.21 2 0
meditrax/graph/resolvers/generated.go:4321.139,4325.16 4 0
meditrax/graph/resolvers/generated.go:4325.16,4327.3 1 0
meditrax/graph/resolvers/generated.go:4328.2,4329.18 2 0
meditrax/graph/resolvers/generated.go:4334.17,4336.49 2 0
meditrax/graph/resolvers/generated.go:4336.49,4338.3 1 0
meditrax/graph/resolvers/generated.go:4340.2,4341.21 2 0
meditrax/graph/resolvers/generated.go:4352.154,4354.16 2 0
meditrax/graph/resolvers/generated.go:4354.16,4356.3 1 0
meditrax/graph/resolvers/generated.go:4357.2,4358.15 2 0
meditrax/graph/resolvers/generated.go:4358.15,4359.31 1 0
meditrax/graph/resolvers/generated.go:4359.31,4362.4 2 0
meditrax/graph/resolvers/generated.go:4364.2,4364.92 1 0
meditrax/graph/resolvers/generated.go:4364.92,4367.3 2 0
meditrax/graph/resolvers/generated.go:4368.2,4368.16 1 0
meditrax/graph/resolvers/generated.go:4368.16,4371.3 2 0
meditrax/graph/resolvers/generated.go:4372.2,4372.19 1 0
meditrax/graph/resolvers/generated.go:4372.19,4373.38 1 0
meditrax/graph/resolvers/generated.go:4373.38,4375.4 1 0
meditrax/graph/resolvers/generated.go:4376.3,4376.22 1 0
meditrax/graph/resolvers/generated.go:4378.2,4380.61 3 0
meditrax/graph/resolvers/generated.go:4383.149,4389.97 1 0
meditrax/graph/resolvers/generated.go:4389.97,4391.4 1 0
meditrax/graph/resolvers/generated.go:4393.2,4393.16 1 0
meditrax/graph/resolvers/generated.go:4396.156,4398.16 2 0
meditrax/graph/resolvers/generated.go:4398.16,4400.3 1 0
meditrax/graph/resolvers/generated.go:4401.2,4402.15 2 0
meditrax/graph/resolvers/generated.go:4402.15,4403.31 1 0
meditrax/graph/resolvers/generated.go:4403.31,4406.4 2 0
meditrax/graph/resolvers/generated.go:4408.2,4408.92 1 0
meditrax/graph/resolvers/generated.go:4408.92,4411.3 2 0
meditrax/graph/resolvers/generated.go:4412.2,4412.16 1 0
meditrax/graph/resolvers/generated.go:4412.16,4415.3 2 0
meditrax/graph/resolvers/generated.go:4416.2,4416.19 1 0
meditrax/graph/resolvers/generated.go:4416.19,4417.38 1 0
meditrax/graph/resolvers/generated.go:4417.38,4419.4 1 0
meditrax/graph/resolvers/generated.go:4420.3,4420.22 1 0
meditrax/graph/resolvers/generated.go:4422.2,4424.61 3 0
meditrax/graph/resolvers/generated.go:4427.151,4433.97 1 0
meditrax/graph/resolvers/generated.go:4433.97,4435.4 1 0
meditrax/graph/resolvers/generated.go:4437.2,4437.16 1 0
meditrax/graph/resolvers/generated.go:4440.163,4442.16 2 0
meditrax/graph/resolvers/generated.go:4442.16,4444.3 1 0
meditrax/graph/resolvers/generated.go:4445.2,4446.15 2 0
meditrax/graph/resolvers/generated.go:4446.15,4447.31 1 0
meditrax/graph/resolvers/generated.go:4447.31,4450.4 2 0
meditrax/graph/resolvers/generated.go:4452.2,4452.92 1 0
meditrax/graph/resolvers/generated.go:4452.92,4455.3 2 0
meditrax/graph/resolvers/generated.go:4456.2,4456.16 1 0
meditrax/graph/resolvers/generated.go:4456.16,4459.3 2 0
meditrax/graph/resolvers/generated.go:4460.2,4460.19 1 0
meditrax/graph/resolvers/generated.go:4460.19,4461.38 1 0
meditrax/graph/resolvers/generated.go:4461.38,4463.4 1 0
meditrax/graph/resolvers/generated.go:4464.3,4464.22 1 0
meditrax/graph/resolvers/generated.go:4466.2,4468.61 3 0
meditrax/graph/resolvers/generated.go:4471.158,4477.97 1 0
meditrax/graph/resolvers/generated.go:4477.97,4479.4 1 0
meditrax/graph/resolvers/generated.go:4481.2,4481.16 1 0
meditrax/graph/resolvers/generated.go:4484.160,4486.16 2 0
meditrax/graph/resolvers/generated.go:4486.16,4488.3 1 0
meditrax/graph/resolvers/generated.go:4489.2,4490.15 2 0
meditrax/graph/resolvers/generated.go:4490.15,4491.31 1 0
meditrax/graph/resolvers/generated.go:4491.31,4494.4 2 0
meditrax/graph/resolvers/generated.go:4496.2,4496.92 1 0
meditrax/graph/resolvers/generated.go:4496.92,4499.3 2 0
meditrax/graph/resolvers/generated.go:4500.2,4500.16 1 0
meditrax/graph/resolvers/generated.go:4500.16,4503.3 2 0
meditrax/graph/resolvers/generated.go:4504.2,4504.19 1 0
meditrax/graph/resolvers/generated.go:4504.19,4505.38 1 0
meditrax/graph/resolvers/generated.go:4505.38,4507.4 1 0
meditrax/graph/resolvers/generated.go:4508.3,4508.22 1 0
meditrax/graph/resolvers/generated.go:4510.2,4512.61 3 0
meditrax/graph/resolvers/generated.go:4515.155,4521.97 1 0
meditrax/graph/resolvers/generated.go:4521.97,4523.4 1 0
meditrax/graph/resolvers/generated.go:4525.2,4525.16 1 0
meditrax/graph/resolvers/generated.go:4528.162,4530.16 2 0
meditrax/graph/resolvers/generated.go:4530.16,4532.3 1 0
meditrax/graph/resolvers/generated.go:4533.2,4534.15 2 0
meditrax/graph/resolvers/generated.go:4534.15,4535.31 1 0
meditrax/graph/resolvers/generated.go:4535.31,4538.4 2 0
meditrax/graph/resolvers/generated.go:4540.2,4540.92 1 0
meditrax/graph/resolvers/generated.go:4540.92,4543.3 2 0
meditrax/graph/resolvers/generated.go:4544.2,4544.16 1 0
meditrax/graph/resolvers/generated.go:4544.16,4547.3 2 0
meditrax/graph/resolvers/generated.go:4548.2,4548.19 1 0
meditrax/graph/resolvers/generated.go:4548.19,4549.38 1 0
meditrax/graph/resolvers/generated.go:4549.38,4551.4 1 0
meditrax/graph/resolvers/generated.go:4552.3,4552.22 1 0
meditrax/graph/resolvers/generated.go:4554.2,4556.63 3 0
meditrax/graph/resolvers/generated.go:4559.157,4565.97 1 0
meditrax/graph/resolvers/generated.go:4565.97,4567.4 1 0
meditrax/graph/resolvers/generated.go:4569.2,4569.16 1 0
meditrax/graph/resolvers/generated.go:4572.171,4574.16 2 0
meditrax/graph/resolvers/generated.go:4574.16,4576.3 1 0
meditrax/graph/resolvers/generated.go:4577.2,4578.15 2 0
meditrax/graph/resolvers/generated.go:4578.15,4579.31 1 0
meditrax/graph/resolvers/generated.go:4579.31,4582.4 2 0
meditrax/graph/resolvers/generated.go:4584.2,4584.92 1 0
meditrax/graph/resolvers/generated.go:4584.92,4587.3 2 0
meditrax/graph/resolvers/generated.go:4588.2,4588.16 1 0
meditrax/graph/resolvers/generated.go:4588.16,4591.3 2 0
meditrax/graph/resolvers/generated.go:4592.2,4592.19 1 0
meditrax/graph/resolvers/generated.go:4592.19,4593.38 1 0
meditrax/graph/resolvers/generated.go:4593.38,4595.4 1 0
meditrax/graph/resolvers/generated.go:4596.3,4596.22 1 0
meditrax/graph/resolvers/generated.go:4598.2,4600.61 3 0
meditrax/graph/resolvers/generated.go:4603.160,4609.97 1 0
meditrax/graph/resolvers/generated.go:4609.97,4611.4 1 0
meditrax/graph/resolvers/generated.go:4613.2,4613.16 1 0
meditrax/graph/resolvers/generated.go:4616.168,4618.16 2 0
meditrax/graph/resolvers/generated.go:4618.16,4620.3 1 0
meditrax/graph/resolvers/generated.go:4621.2,4622.15 2 0
meditrax/graph/resolvers/generated.go:4622.15,4623.31 1 0
meditrax/graph/resolvers/generated.go:4623.31,4626.4 2 0
meditrax/graph/resolvers/generated.go:4628.2,4628.92 1 0
meditrax/graph/resolvers/generated.go:4628.92,4631.3 2 0
meditrax/graph/resolvers/generated.go:4632.2,4632.16 1 0
meditrax/graph/resolvers/generated.go:4632.16,4635.3 2 0
meditrax/graph/resolvers/generated.go:4636.2,4636.19 1 0
meditrax/graph/resolvers/generated.go:4636.19,4637.38 1 0
meditrax/graph/resolvers/generated.go:4637.38,4639.4 1 0
meditrax/graph/resolvers/generated.go:4640.3,4640.22 1 0
meditrax/graph/resolvers/generated.go:4642.2,4644.61 3 0
meditrax/graph/resolvers/generated.go:4647.157,4653.97 1 0
meditrax/graph/resolvers/generated.go:4653.97,4655.4 1 0
meditrax/graph/resolvers/generated.go:4657.2,4657.16 1 0
meditrax/graph/resolvers/generated.go:4660.175,4662.16 2 0
meditrax/graph/resolvers/generated.go:4662.16,4664.3 1 0
meditrax/graph/resolvers/generated.go:4665.2,4666.15 2 0
meditrax/graph/resolvers/generated.go:4666.15,4667.31 1 0
meditrax/graph/resolvers/generated.go:4667.31,4670.4 2 0
meditrax/graph/resolvers/generated.go:4672.2,4672.92 1 0
meditrax/graph/resolvers/generated.go:4672.92,4675.3 2 0
meditrax/graph/resolvers/generated.go:4676.2,4676.16 1 0
meditrax/graph/resolvers/generated.go:4676.16,4679.3 2 0
meditrax/graph/resolvers/generated.go:4680.2,4680.19 1 0
[...]
meditrax/graph/resolvers/medications.resolvers.go:295.17,297.3 1 0
meditrax/graph/resolvers/medications.resolvers.go:300.2,300.55 1 0
meditrax/graph/resolvers/medications.resolvers.go:300.55,302.3 1 0
meditrax/graph/resolvers/medications.resolvers.go:305.2,312.16 2 0
meditrax/graph/resolvers/medications.resolvers.go:312.16,314.3 1 0
meditrax/graph/resolvers/medications.resolvers.go:315.2,316.16 2 0
meditrax/graph/resolvers/medications.resolvers.go:316.16,318.3 1 0
meditrax/graph/resolvers/medications.resolvers.go:319.2,319.24 1 0
meditrax/graph/resolvers/medications.resolvers.go:319.24,321.3 1 0
meditrax/graph/resolvers/medications.resolvers.go:324.2,327.20 2 0
meditrax/graph/resolvers/medications.resolvers.go:327.20,328.37 1 0
meditrax/graph/resolvers/medications.resolvers.go:328.37,336.18 2 0
meditrax/graph/resolvers/medications.resolvers.go:336.18,338.5 1 0
meditrax/graph/resolvers/medications.resolvers.go:341.4,342.18 2 0
meditrax/graph/resolvers/medications.resolvers.go:342.18,344.5 1 0
meditrax/graph/resolvers/medications.resolvers.go:345.4,345.29 1 0
meditrax/graph/resolvers/medications.resolvers.go:345.29,347.5 1 0
meditrax/graph/resolvers/medications.resolvers.go:350.4,352.25 2 0
meditrax/graph/resolvers/medications.resolvers.go:352.25,354.5 1 0
meditrax/graph/resolvers/medications.resolvers.go:357.4,364.18 2 0
meditrax/graph/resolvers/medications.resolvers.go:364.18,366.5 1 0
meditrax/graph/resolvers/medications.resolvers.go:371.2,375.25 3 0
meditrax/graph/resolvers/medications.resolvers.go:375.25,378.3 2 0
meditrax/graph/resolvers/medications.resolvers.go:379.2,379.20 1 0
meditrax/graph/resolvers/medications.resolvers.go:379.20,382.3 2 0
meditrax/graph/resolvers/medications.resolvers.go:385.2,388.16 3 0
meditrax/graph/resolvers/medications.resolvers.go:388.16,390.3 1 0
meditrax/graph/resolvers/medications.resolvers.go:393.2,394.16 2 0
meditrax/graph/resolvers/medications.resolvers.go:394.16,396.3 1 0
meditrax/graph/resolvers/medications.resolvers.go:397.2,402.22 2 0
meditrax/graph/resolvers/medications.resolvers.go:406.142,408.17 2 0
meditrax/graph/resolvers/medications.resolvers.go:408.17,410.3 1 0
meditrax/graph/resolvers/medications.resolvers.go:413.2,413.55 1 0
meditrax/graph/resolvers/medications.resolvers.go:413.55,415.3 1 0
meditrax/graph/resolvers/medications.resolvers.go:418.2,425.16 2 0
meditrax/graph/resolvers/medications.resolvers.go:425.16,427.3 1 0
meditrax/graph/resolvers/medications.resolvers.go:430.2,431.16 2 0
meditrax/graph/resolvers/medications.resolvers.go:431.16,433.3 1 0
meditrax/graph/resolvers/medications.resolvers.go:434.2,434.23 1 0
meditrax/graph/resolvers/medications.resolvers.go:434.23,436.3 1 0
meditrax/graph/resolvers/medications.resolvers.go:439.2,444.22 2 0
meditrax/graph/resolvers/medications.resolvers.go:448.197,451.17 2 0
meditrax/graph/resolvers/medications.resolvers.go:451.17,453.3 1 0
meditrax/graph/resolvers/medications.resolvers.go:456.2,473.16 2 0
meditrax/graph/resolvers/medications.resolvers.go:473.16,475.3 1 0
meditrax/graph/resolvers/medications.resolvers.go:478.2,479.16 2 0
meditrax/graph/resolvers/medications.resolvers.go:479.16,481.3 1 0
meditrax/graph/resolvers/medications.resolvers.go:482.2,487.22 2 0
meditrax/graph/resolvers/medications.resolvers.go:491.219,493.17 2 0
meditrax/graph/resolvers/medications.resolvers.go:493.17,495.3 1 0
meditrax/graph/resolvers/medications.resolvers.go:497.2,497.54 1 0
meditrax/graph/resolvers/medications.resolvers.go:497.54,499.3 1 0
meditrax/graph/resolvers/medications.resolvers.go:502.2,505.26 3 0
meditrax/graph/resolvers/medications.resolvers.go:505.26,508.3 2 0
meditrax/graph/resolvers/medications.resolvers.go:509.2,509.26 1 0
meditrax/graph/resolvers/medications.resolvers.go:509.26,512.3 2 0
meditrax/graph/resolvers/medications.resolvers.go:513.2,513.21 1 0
meditrax/graph/resolvers/medications.resolvers.go:513.21,516.3 2 0
meditrax/graph/resolvers/medications.resolvers.go:517.2,517.18 1 0
meditrax/graph/resolvers/medications.resolvers.go:517.18,520.3 2 0
meditrax/graph/resolvers/medications.resolvers.go:521.2,526.16 4 0
meditrax/graph/resolvers/medications.resolvers.go:526.16,528.3 1 0
meditrax/graph/resolvers/medications.resolvers.go:531.2,532.16 2 0
meditrax/graph/resolvers/medications.resolvers.go:532.16,534.3 1 0
meditrax/graph/resolvers/medications.resolvers.go:535.2,535.25 1 0
meditrax/graph/resolvers/medications.resolvers.go:535.25,537.3 1 0
meditrax/graph/resolvers/medications.resolvers.go:539.2,544.22 2 0
meditrax/graph/resolvers/medications.resolvers.go:548.140,550.17 2 0
meditrax/graph/resolvers/medications.resolvers.go:550.17,552.3 1 0
meditrax/graph/resolvers/medications.resolvers.go:554.2,554.54 1 0
meditrax/graph/resolvers/medications.resolvers.go:554.54,556.3 1 0
meditrax/graph/resolvers/medications.resolvers.go:559.2,566.16 2 0
meditrax/graph/resolvers/medications.resolvers.go:566.16,568.3 1 0
meditrax/graph/resolvers/medications.resolvers.go:571.2,572.16 2 0
meditrax/graph/resolvers/medications.resolvers.go:572.16,574.3 1 0
meditrax/graph/resolvers/medications.resolvers.go:575.2,575.25 1 0
meditrax/graph/resolvers/medications.resolvers.go:575.25,577.3 1 0
meditrax/graph/resolvers/medications.resolvers.go:579.2,583.22 2 0
meditrax/graph/resolvers/medications.resolvers.go:587.96,589.17 2 0
meditrax/graph/resolvers/medications.resolvers.go:589.17,591.3 1 0
meditrax/graph/resolvers/medications.resolvers.go:594.2,600.16 2 0
meditrax/graph/resolvers/medications.resolvers.go:600.16,602.3 1 0
meditrax/graph/resolvers/medications.resolvers.go:604.2,605.16 2 0
meditrax/graph/resolvers/medications.resolvers.go:605.16,607.3 1 0
meditrax/graph/resolvers/medications.resolvers.go:610.2,611.34 2 0
meditrax/graph/resolvers/medications.resolvers.go:611.34,621.3 2 0
meditrax/graph/resolvers/medications.resolvers.go:623.2,623.31 1 0
meditrax/graph/resolvers/medications.resolvers.go:627.112,629.17 2 0
meditrax/graph/resolvers/medications.resolvers.go:629.17,631.3 1 0
meditrax/graph/resolvers/medications.resolvers.go:634.2,640.16 2 0
meditrax/graph/resolvers/medications.resolvers.go:640.16,642.3 1 0
meditrax/graph/resolvers/medications.resolvers.go:643.2,644.16 2 0
meditrax/graph/resolvers/medications.resolvers.go:644.16,646.3 1 0
meditrax/graph/resolvers/medications.resolvers.go:649.2,650.32 2 0
meditrax/graph/resolvers/medications.resolvers.go:650.32,658.3 2 0
meditrax/graph/resolvers/medications.resolvers.go:660.2,660.29 1 0
meditrax/graph/resolvers/medications.resolvers.go:664.110,666.17 2 0
meditrax/graph/resolvers/medications.resolvers.go:666.17,668.3 1 0
meditrax/graph/resolvers/medications.resolvers.go:671.2,674.16 2 0
meditrax/graph/resolvers/medications.resolvers.go:674.16,676.3 1 0
meditrax/graph/resolvers/medications.resolvers.go:679.2,680.16 2 0
meditrax/graph/resolvers/medications.resolvers.go:680.16,682.3 1 0
meditrax/graph/resolvers/medications.resolvers.go:684.2,684.23 1 0
meditrax/graph/resolvers/record.resolvers.go:20.171,22.17 2 0
meditrax/graph/resolvers/record.resolvers.go:22.17,24.3 1 0
meditrax/graph/resolvers/record.resolvers.go:27.2,35.16 2 0
meditrax/graph/resolvers/record.resolvers.go:35.16,37.3 1 0
meditrax/graph/resolvers/record.resolvers.go:38.2,39.16 2 0
meditrax/graph/resolvers/record.resolvers.go:39.16,41.3 1 0
meditrax/graph/resolvers/record.resolvers.go:42.2,42.22 1 0
meditrax/graph/resolvers/record.resolvers.go:42.22,44.3 1 0
meditrax/graph/resolvers/record.resolvers.go:47.2,65.16 2 0
meditrax/graph/resolvers/record.resolvers.go:65.16,67.3 1 0
meditrax/graph/resolvers/record.resolvers.go:70.2,71.16 2 0
meditrax/graph/resolvers/record.resolvers.go:71.16,73.3 1 0
meditrax/graph/resolvers/record.resolvers.go:74.2,79.22 2 0
meditrax/graph/resolvers/record.resolvers.go:83.158,85.17 2 0
meditrax/graph/resolvers/record.resolvers.go:85.17,87.3 1 0
meditrax/graph/resolvers/record.resolvers.go:90.2,90.47 1 0
meditrax/graph/resolvers/record.resolvers.go:90.47,92.3 1 0
meditrax/graph/resolvers/record.resolvers.go:95.2,99.18 3 0
meditrax/graph/resolvers/record.resolvers.go:99.18,102.3 2 0
meditrax/graph/resolvers/record.resolvers.go:103.2,103.17 1 0
meditrax/graph/resolvers/record.resolvers.go:103.17,106.3 2 0
meditrax/graph/resolvers/record.resolvers.go:109.2,112.16 3 0
meditrax/graph/resolvers/record.resolvers.go:112.16,114.3 1 0
meditrax/graph/resolvers/record.resolvers.go:117.2,118.16 2 0
meditrax/graph/resolvers/record.resolvers.go:118.16,120.3 1 0
meditrax/graph/resolvers/record.resolvers.go:121.2,121.23 1 0
meditrax/graph/resolvers/record.resolvers.go:121.23,123.3 1 0
meditrax/graph/resolvers/record.resolvers.go:125.2,130.22 2 0
meditrax/graph/resolvers/record.resolvers.go:134.128,136.17 2 0
meditrax/graph/resolvers/record.resolvers.go:136.17,138.3 1 0
meditrax/graph/resolvers/record.resolvers.go:141.2,141.47 1 0
meditrax/graph/resolvers/record.resolvers.go:141.47,143.3 1 0
meditrax/graph/resolvers/record.resolvers.go:146.2,153.16 2 0
meditrax/graph/resolvers/record.resolvers.go:153.16,155.3 1 0
meditrax/graph/resolvers/record.resolvers.go:158.2,159.16 2 0
meditrax/graph/resolvers/record.resolvers.go:159.16,161.3 1 0
meditrax/graph/resolvers/record.resolvers.go:162.2,162.23 1 0
meditrax/graph/resolvers/record.resolvers.go:162.23,164.3 1 0
meditrax/graph/resolvers/record.resolvers.go:167.2,171.22 2 0
meditrax/graph/resolvers/record.resolvers.go:175.142,177.17 2 0
meditrax/graph/resolvers/record.resolvers.go:177.17,179.3 1 0
meditrax/graph/resolvers/record.resolvers.go:181.2,192.16 2 0
meditrax/graph/resolvers/record.resolvers.go:192.16,194.3 1 0
meditrax/graph/resolvers/record.resolvers.go:196.2,197.16 2 0
meditrax/graph/resolvers/record.resolvers.go:197.16,199.3 1 0
meditrax/graph/resolvers/record.resolvers.go:201.2,206.22 2 0
meditrax/graph/resolvers/record.resolvers.go:210.167,213.17 2 0
meditrax/graph/resolvers/record.resolvers.go:213.17,215.3 1 0
meditrax/graph/resolvers/record.resolvers.go:217.2,220.23 3 0
meditrax/graph/resolvers/record.resolvers.go:220.23,223.3 2 0
meditrax/graph/resolvers/record.resolvers.go:224.2,224.20 1 0
meditrax/graph/resolvers/record.resolvers.go:224.20,227.3 2 0
meditrax/graph/resolvers/record.resolvers.go:228.2,233.16 4 0
meditrax/graph/resolvers/record.resolvers.go:233.16,235.3 1 0
meditrax/graph/resolvers/record.resolvers.go:237.2,242.22 2 0
meditrax/graph/resolvers/record.resolvers.go:246.130,249.17 2 0
meditrax/graph/resolvers/record.resolvers.go:249.17,251.3 1 0
meditrax/graph/resolvers/record.resolvers.go:253.2,256.16 2 0
meditrax/graph/resolvers/record.resolvers.go:256.16,258.3 1 0
meditrax/graph/resolvers/record.resolvers.go:260.2,264.22 2 0
meditrax/graph/resolvers/record.resolvers.go:268.156,270.17 2 0
meditrax/graph/resolvers/record.resolvers.go:270.17,272.3 1 0
meditrax/graph/resolvers/record.resolvers.go:274.2,278.23 3 0
meditrax/graph/resolvers/record.resolvers.go:278.23,285.3 1 0
meditrax/graph/resolvers/record.resolvers.go:285.8,293.3 1 0
meditrax/graph/resolvers/record.resolvers.go:295.2,295.16 1 0
meditrax/graph/resolvers/record.resolvers.go:295.16,297.3 1 0
meditrax/graph/resolvers/record.resolvers.go:300.2,301.16 2 0
meditrax/graph/resolvers/record.resolvers.go:301.16,303.3 1 0
meditrax/graph/resolvers/record.resolvers.go:306.2,307.33 2 0
meditrax/graph/resolvers/record.resolvers.go:307.33,309.114 1 0
meditrax/graph/resolvers/record.resolvers.go:309.114,318.4 2 0
meditrax/graph/resolvers/record.resolvers.go:321.2,321.27 1 0
meditrax/graph/resolvers/record.resolvers.go:325.102,327.17 2 0
meditrax/graph/resolvers/record.resolvers.go:327.17,329.3 1 0
meditrax/graph/resolvers/record.resolvers.go:332.2,335.16 2 0
meditrax/graph/resolvers/record.resolvers.go:335.16,337.3 1 0
meditrax/graph/resolvers/record.resolvers.go:340.2,341.16 2 0
meditrax/graph/resolvers/record.resolvers.go:341.16,343.3 1 0
meditrax/graph/resolvers/record.resolvers.go:345.2,346.33 2 0
meditrax/graph/resolvers/record.resolvers.go:346.33,354.3 2 0
meditrax/graph/resolvers/record.resolvers.go:356.2,356.28 1 0
meditrax/graph/resolvers/schema.resolvers.go:8.48,8.79 1 1
meditrax/graph/resolvers/schema.resolvers.go:11.42,11.70 1 0
meditrax/graph/resolvers/user.resolvers.go:20.140,25.16 2 0
meditrax/graph/resolvers/user.resolvers.go:25.16,27.3 1 0
meditrax/graph/resolvers/user.resolvers.go:29.2,30.16 2 0
meditrax/graph/resolvers/user.resolvers.go:30.16,32.3 1 0
meditrax/graph/resolvers/user.resolvers.go:33.2,33.23 1 0
meditrax/graph/resolvers/user.resolvers.go:33.23,35.3 1 0
meditrax/graph/resolvers/user.resolvers.go:36.2,40.16 4 0
meditrax/graph/resolvers/user.resolvers.go:40.16,42.3 1 0
meditrax/graph/resolvers/user.resolvers.go:43.2,44.16 2 0
meditrax/graph/resolvers/user.resolvers.go:44.16,46.3 1 0
meditrax/graph/resolvers/user.resolvers.go:48.2,49.16 2 0
meditrax/graph/resolvers/user.resolvers.go:49.16,51.3 1 0
meditrax/graph/resolvers/user.resolvers.go:53.2,54.22 2 0
meditrax/graph/resolvers/user.resolvers.go:58.162,67.16 2 1
meditrax/graph/resolvers/user.resolvers.go:67.16,69.3 1 0
meditrax/graph/resolvers/user.resolvers.go:71.2,72.16 2 1
meditrax/graph/resolvers/user.resolvers.go:72.16,74.3 1 0
meditrax/graph/resolvers/user.resolvers.go:75.2,75.20 1 1
meditrax/graph/resolvers/user.resolvers.go:75.20,77.3 1 0
meditrax/graph/resolvers/user.resolvers.go:80.2,93.16 2 1
meditrax/graph/resolvers/user.resolvers.go:93.16,95.3 1 0
meditrax/graph/resolvers/user.resolvers.go:97.2,98.16 2 1
meditrax/graph/resolvers/user.resolvers.go:98.16,100.3 1 0
meditrax/graph/resolvers/user.resolvers.go:102.2,107.22 2 1
meditrax/graph/resolvers/user.resolvers.go:111.130,118.16 2 1
meditrax/graph/resolvers/user.resolvers.go:118.16,120.3 1 0
meditrax/graph/resolvers/user.resolvers.go:122.2,123.16 2 1
meditrax/graph/resolvers/user.resolvers.go:123.16,125.3 1 0
meditrax/graph/resolvers/user.resolvers.go:126.2,126.21 1 1
meditrax/graph/resolvers/user.resolvers.go:126.21,128.3 1 0
meditrax/graph/resolvers/user.resolvers.go:130.2,131.25 2 1
meditrax/graph/resolvers/user.resolvers.go:131.25,133.3 1 0
meditrax/graph/resolvers/user.resolvers.go:135.2,136.16 2 1
meditrax/graph/resolvers/user.resolvers.go:136.16,138.3 1 0
meditrax/graph/resolvers/user.resolvers.go:140.2,150.16 3 1
meditrax/graph/resolvers/user.resolvers.go:150.16,152.3 1 0
meditrax/graph/resolvers/user.resolvers.go:154.2,154.22 1 1
meditrax/graph/resolvers/user.resolvers.go:158.148,161.17 2 0
meditrax/graph/resolvers/user.resolvers.go:161.17,163.3 1 0
meditrax/graph/resolvers/user.resolvers.go:166.2,171.17 3 0
meditrax/graph/resolvers/user.resolvers.go:171.17,174.3 2 0
meditrax/graph/resolvers/user.resolvers.go:176.2,176.24 1 0
meditrax/graph/resolvers/user.resolvers.go:176.24,180.3 2 0
meditrax/graph/resolvers/user.resolvers.go:182.2,182.21 1 0
meditrax/graph/resolvers/user.resolvers.go:182.21,185.3 2 0
meditrax/graph/resolvers/user.resolvers.go:188.2,188.28 1 0
meditrax/graph/resolvers/user.resolvers.go:188.28,190.3 1 0
meditrax/graph/resolvers/user.resolvers.go:193.2,197.16 3 0
meditrax/graph/resolvers/user.resolvers.go:197.16,199.3 1 0
meditrax/graph/resolvers/user.resolvers.go:202.2,203.16 2 0
meditrax/graph/resolvers/user.resolvers.go:203.16,205.3 1 0
meditrax/graph/resolvers/user.resolvers.go:206.2,206.23 1 0
meditrax/graph/resolvers/user.resolvers.go:206.23,208.3 1 0
meditrax/graph/resolvers/user.resolvers.go:211.2,216.22 2 0
meditrax/graph/resolvers/user.resolvers.go:220.95,223.17 2 1
meditrax/graph/resolvers/user.resolvers.go:223.17,225.3 1 0
meditrax/graph/resolvers/user.resolvers.go:228.2,234.16 2 1
meditrax/graph/resolvers/user.resolvers.go:234.16,236.3 1 0
meditrax/graph/resolvers/user.resolvers.go:239.2,240.16 2 1
meditrax/graph/resolvers/user.resolvers.go:240.16,242.3 1 0
meditrax/graph/resolvers/user.resolvers.go:243.2,243.23 1 1
meditrax/graph/resolvers/user.resolvers.go:243.23,245.3 1 0
meditrax/graph/resolvers/user.resolvers.go:248.2,252.22 2 1
meditrax/graph/resolvers/user.resolvers.go:256.135,262.16 2 0
meditrax/graph/resolvers/user.resolvers.go:262.16,264.3 1 0
meditrax/graph/resolvers/user.resolvers.go:266.2,267.16 2 0
meditrax/graph/resolvers/user.resolvers.go:267.16,269.3 1 0
meditrax/graph/resolvers/user.resolvers.go:270.2,270.21 1 0
meditrax/graph/resolvers/user.resolvers.go:270.21,272.3 1 0
meditrax/graph/resolvers/user.resolvers.go:275.2,280.16 2 0
meditrax/graph/resolvers/user.resolvers.go:280.16,282.3 1 0
meditrax/graph/resolvers/user.resolvers.go:284.2,285.16 2 0
meditrax/graph/resolvers/user.resolvers.go:285.16,287.3 1 0
meditrax/graph/resolvers/user.resolvers.go:290.2,300.22 3 0
meditrax/graph/resolvers/user.resolvers.go:304.135,307.16 2 0
meditrax/graph/resolvers/user.resolvers.go:307.16,310.3 1 0
meditrax/graph/resolvers/user.resolvers.go:311.2,312.16 2 0
meditrax/graph/resolvers/user.resolvers.go:312.16,315.3 1 0
meditrax/graph/resolvers/user.resolvers.go:318.2,322.16 2 0
meditrax/graph/resolvers/user.resolvers.go:322.16,325.3 1 0
meditrax/graph/resolvers/user.resolvers.go:328.2,330.8 1 0
meditrax/graph/resolvers/user.resolvers.go:334.168,337.17 2 0
meditrax/graph/resolvers/user.resolvers.go:337.17,339.3 1 0
meditrax/graph/resolvers/user.resolvers.go:341.2,347.16 2 0
meditrax/graph/resolvers/user.resolvers.go:347.16,349.3 1 0
meditrax/graph/resolvers/user.resolvers.go:350.2,351.16 2 0
meditrax/graph/resolvers/user.resolvers.go:351.16,353.3 1 0
meditrax/graph/resolvers/user.resolvers.go:354.2,354.28 1 0
meditrax/graph/resolvers/user.resolvers.go:354.28,356.3 1 0
meditrax/graph/resolvers/user.resolvers.go:358.2,376.16 3 0
meditrax/graph/resolvers/user.resolvers.go:376.16,378.3 1 0
meditrax/graph/resolvers/user.resolvers.go:381.2,382.16 2 0
meditrax/graph/resolvers/user.resolvers.go:382.16,384.3 1 0
meditrax/graph/resolvers/user.resolvers.go:387.2,391.22 2 0
meditrax/graph/resolvers/user.resolvers.go:395.171,397.17 2 0
meditrax/graph/resolvers/user.resolvers.go:397.17,399.3 1 0
meditrax/graph/resolvers/user.resolvers.go:402.2,402.47 1 0
meditrax/graph/resolvers/user.resolvers.go:402.47,404.3 1 0
meditrax/graph/resolvers/user.resolvers.go:407.2,411.25 3 0
meditrax/graph/resolvers/user.resolvers.go:411.25,414.3 2 0
meditrax/graph/resolvers/user.resolvers.go:415.2,415.24 1 0
meditrax/graph/resolvers/user.resolvers.go:415.24,418.3 2 0
meditrax/graph/resolvers/user.resolvers.go:421.2,425.16 3 0
meditrax/graph/resolvers/user.resolvers.go:425.16,427.3 1 0
meditrax/graph/resolvers/user.resolvers.go:430.2,431.16 2 0
meditrax/graph/resolvers/user.resolvers.go:431.16,433.3 1 0
meditrax/graph/resolvers/user.resolvers.go:434.2,434.23 1 0
meditrax/graph/resolvers/user.resolvers.go:434.23,436.3 1 0
meditrax/graph/resolvers/user.resolvers.go:439.2,445.22 2 0
meditrax/graph/resolvers/user.resolvers.go:449.128,451.17 2 0
meditrax/graph/resolvers/user.resolvers.go:451.17,453.3 1 0
meditrax/graph/resolvers/user.resolvers.go:456.2,456.47 1 0
meditrax/graph/resolvers/user.resolvers.go:456.47,458.3 1 0
meditrax/graph/resolvers/user.resolvers.go:461.2,468.16 2 0
meditrax/graph/resolvers/user.resolvers.go:468.16,470.3 1 0
meditrax/graph/resolvers/user.resolvers.go:473.2,474.16 2 0
meditrax/graph/resolvers/user.resolvers.go:474.16,476.3 1 0
meditrax/graph/resolvers/user.resolvers.go:477.2,477.23 1 0
meditrax/graph/resolvers/user.resolvers.go:477.23,479.3 1 0
meditrax/graph/resolvers/user.resolvers.go:482.2,487.22 2 0
meditrax/graph/resolvers/user.resolvers.go:491.89,494.17 2 0
meditrax/graph/resolvers/user.resolvers.go:494.17,496.3 1 0
meditrax/graph/resolvers/user.resolvers.go:498.2,506.22 2 0
meditrax/graph/resolvers/user.resolvers.go:510.100,512.17 2 0
meditrax/graph/resolvers/user.resolvers.go:512.17,514.3 1 0
meditrax/graph/resolvers/user.resolvers.go:517.2,520.16 2 0
meditrax/graph/resolvers/user.resolvers.go:520.16,522.3 1 0
meditrax/graph/resolvers/user.resolvers.go:524.2,525.16 2 0
meditrax/graph/resolvers/user.resolvers.go:525.16,527.3 1 0
meditrax/graph/resolvers/user.resolvers.go:529.2,530.33 2 0
meditrax/graph/resolvers/user.resolvers.go:530.33,538.3 2 0
meditrax/graph/resolvers/user.resolvers.go:540.2,540.28 1 0
