mode: set
meditrax/graph/resolvers/achievements.resolvers.go:18.168,21.17 2 0
meditrax/graph/resolvers/achievements.resolvers.go:21.17,23.3 1 0
meditrax/graph/resolvers/achievements.resolvers.go:25.2,37.16 2 0
meditrax/graph/resolvers/achievements.resolvers.go:37.16,39.3 1 0
meditrax/graph/resolvers/achievements.resolvers.go:41.2,42.16 2 0
meditrax/graph/resolvers/achievements.resolvers.go:42.16,44.3 1 0
meditrax/graph/resolvers/achievements.resolvers.go:46.2,51.22 2 0
meditrax/graph/resolvers/achievements.resolvers.go:55.123,58.17 2 0
meditrax/graph/resolvers/achievements.resolvers.go:58.17,60.3 1 0
meditrax/graph/resolvers/achievements.resolvers.go:62.2,74.16 2 0
meditrax/graph/resolvers/achievements.resolvers.go:74.16,76.3 1 0
meditrax/graph/resolvers/achievements.resolvers.go:78.2,79.16 2 0
meditrax/graph/resolvers/achievements.resolvers.go:79.16,81.3 1 0
meditrax/graph/resolvers/achievements.resolvers.go:83.2,88.22 2 0
meditrax/graph/resolvers/achievements.resolvers.go:92.108,94.17 2 0
meditrax/graph/resolvers/achievements.resolvers.go:94.17,96.3 1 0
meditrax/graph/resolvers/achievements.resolvers.go:99.2,100.16 2 0
meditrax/graph/resolvers/achievements.resolvers.go:100.16,102.3 1 0
meditrax/graph/resolvers/achievements.resolvers.go:104.2,105.16 2 0
meditrax/graph/resolvers/achievements.resolvers.go:105.16,107.3 1 0
meditrax/graph/resolvers/achievements.resolvers.go:109.2,110.31 2 0
meditrax/graph/resolvers/achievements.resolvers.go:110.31,118.3 2 0
meditrax/graph/resolvers/achievements.resolvers.go:120.2,120.26 1 0
meditrax/graph/resolvers/achievements.resolvers.go:124.106,126.17 2 0
meditrax/graph/resolvers/achievements.resolvers.go:126.17,128.3 1 0
meditrax/graph/resolvers/achievements.resolvers.go:131.2,134.16 2 0
meditrax/graph/resolvers/achievements.resolvers.go:134.16,136.3 1 0
meditrax/graph/resolvers/achievements.resolvers.go:138.2,139.16 2 0
meditrax/graph/resolvers/achievements.resolvers.go:139.16,141.3 1 0
meditrax/graph/resolvers/achievements.resolvers.go:143.2,144.43 2 0
meditrax/graph/resolvers/achievements.resolvers.go:144.43,151.3 2 0
meditrax/graph/resolvers/achievements.resolvers.go:153.2,153.32 1 0
meditrax/graph/resolvers/assessment.resolvers.go:20.147,23.17 2 0
meditrax/graph/resolvers/assessment.resolvers.go:23.17,25.3 1 0
meditrax/graph/resolvers/assessment.resolvers.go:27.2,44.16 3 0
meditrax/graph/resolvers/assessment.resolvers.go:44.16,46.3 1 0
meditrax/graph/resolvers/assessment.resolvers.go:48.2,49.16 2 0
meditrax/graph/resolvers/assessment.resolvers.go:49.16,51.3 1 0
meditrax/graph/resolvers/assessment.resolvers.go:53.2,59.22 2 0
meditrax/graph/resolvers/assessment.resolvers.go:63.174,67.17 2 0
meditrax/graph/resolvers/assessment.resolvers.go:67.17,69.3 1 0
meditrax/graph/resolvers/assessment.resolvers.go:71.2,71.60 1 0
meditrax/graph/resolvers/assessment.resolvers.go:71.60,73.3 1 0
meditrax/graph/resolvers/assessment.resolvers.go:75.2,84.29 3 0
meditrax/graph/resolvers/assessment.resolvers.go:84.29,96.3 6 0
meditrax/graph/resolvers/assessment.resolvers.go:99.2,108.16 5 0
meditrax/graph/resolvers/assessment.resolvers.go:108.16,110.3 1 0
meditrax/graph/resolvers/assessment.resolvers.go:113.2,114.16 2 0
meditrax/graph/resolvers/assessment.resolvers.go:114.16,116.3 1 0
meditrax/graph/resolvers/assessment.resolvers.go:117.2,117.23 1 0
meditrax/graph/resolvers/assessment.resolvers.go:117.23,119.3 1 0
meditrax/graph/resolvers/assessment.resolvers.go:122.2,128.22 2 0
meditrax/graph/resolvers/assessment.resolvers.go:132.121,134.17 2 0
meditrax/graph/resolvers/assessment.resolvers.go:134.17,136.3 1 0
meditrax/graph/resolvers/assessment.resolvers.go:138.2,139.16 2 0
meditrax/graph/resolvers/assessment.resolvers.go:139.16,141.3 1 0
meditrax/graph/resolvers/assessment.resolvers.go:143.2,144.16 2 0
meditrax/graph/resolvers/assessment.resolvers.go:144.16,146.3 1 0
meditrax/graph/resolvers/assessment.resolvers.go:148.2,148.25 1 0
meditrax/graph/resolvers/foodspec.resolvers.go:16.98,20.16 3 0
meditrax/graph/resolvers/foodspec.resolvers.go:20.16,22.3 1 0
meditrax/graph/resolvers/foodspec.resolvers.go:24.2,31.29 6 0
meditrax/graph/resolvers/foodspec.resolvers.go:31.29,41.17 7 0
meditrax/graph/resolvers/foodspec.resolvers.go:41.17,42.12 1 0
meditrax/graph/resolvers/foodspec.resolvers.go:45.3,52.46 3 0
meditrax/graph/resolvers/foodspec.resolvers.go:52.46,53.36 1 0
meditrax/graph/resolvers/foodspec.resolvers.go:53.36,65.5 4 0
meditrax/graph/resolvers/foodspec.resolvers.go:68.3,68.17 1 0
meditrax/graph/resolvers/foodspec.resolvers.go:68.17,70.4 1 0
meditrax/graph/resolvers/foodspec.resolvers.go:73.2,78.23 2 0
meditrax/graph/resolvers/foodspec.resolvers.go:82.102,84.45 2 0
meditrax/graph/resolvers/foodspec.resolvers.go:84.45,86.3 1 0
meditrax/graph/resolvers/foodspec.resolvers.go:88.2,93.23 2 0
meditrax/graph/resolvers/generated.go:24.63,31.2 1 1
meditrax/graph/resolvers/generated.go:500.49,501.21 1 1
meditrax/graph/resolvers/generated.go:501.21,503.3 1 0
meditrax/graph/resolvers/generated.go:504.2,504.21 1 1
meditrax/graph/resolvers/generated.go:507.128,510.32 3 0
meditrax/graph/resolvers/generated.go:512.37,513.53 1 0
meditrax/graph/resolvers/generated.go:513.53,514.9 1 0
meditrax/graph/resolvers/generated.go:517.3,517.72 1 0
meditrax/graph/resolvers/generated.go:519.38,520.55 1 0
meditrax/graph/resolvers/generated.go:520.55,521.9 1 0
meditrax/graph/resolvers/generated.go:524.3,524.74 1 0
meditrax/graph/resolvers/generated.go:526.29,527.46 1 0
meditrax/graph/resolvers/generated.go:527.46,528.9 1 0
meditrax/graph/resolvers/generated.go:531.3,531.65 1 0
meditrax/graph/resolvers/generated.go:533.35,534.51 1 0
meditrax/graph/resolvers/generated.go:534.51,535.9 1 0
meditrax/graph/resolvers/generated.go:538.3,538.70 1 0
meditrax/graph/resolvers/generated.go:540.31,541.48 1 0
meditrax/graph/resolvers/generated.go:541.48,542.9 1 0
meditrax/graph/resolvers/generated.go:545.3,545.67 1 0
meditrax/graph/resolvers/generated.go:547.40,548.57 1 0
meditrax/graph/resolvers/generated.go:548.57,549.9 1 0
meditrax/graph/resolvers/generated.go:552.3,552.76 1 0
meditrax/graph/resolvers/generated.go:554.44,555.61 1 0
meditrax/graph/resolvers/generated.go:555.61,556.9 1 0
meditrax/graph/resolvers/generated.go:559.3,559.80 1 0
meditrax/graph/resolvers/generated.go:561.40,562.57 1 0
meditrax/graph/resolvers/generated.go:562.57,563.9 1 0
meditrax/graph/resolvers/generated.go:566.3,566.76 1 0
meditrax/graph/resolvers/generated.go:568.37,569.54 1 0
meditrax/graph/resolvers/generated.go:569.54,570.9 1 0
meditrax/graph/resolvers/generated.go:573.3,573.73 1 0
meditrax/graph/resolvers/generated.go:575.42,576.59 1 0
meditrax/graph/resolvers/generated.go:576.59,577.9 1 0
meditrax/graph/resolvers/generated.go:580.3,580.78 1 0
meditrax/graph/resolvers/generated.go:582.41,583.58 1 0
meditrax/graph/resolvers/generated.go:583.58,584.9 1 0
meditrax/graph/resolvers/generated.go:587.3,587.77 1 0
meditrax/graph/resolvers/generated.go:589.41,590.58 1 0
meditrax/graph/resolvers/generated.go:590.58,591.9 1 0
meditrax/graph/resolvers/generated.go:594.3,594.77 1 0
meditrax/graph/resolvers/generated.go:596.42,597.59 1 0
meditrax/graph/resolvers/generated.go:597.59,598.9 1 0
meditrax/graph/resolvers/generated.go:601.3,601.78 1 0
meditrax/graph/resolvers/generated.go:603.42,604.59 1 0
meditrax/graph/resolvers/generated.go:604.59,605.9 1 0
meditrax/graph/resolvers/generated.go:608.3,608.78 1 0
meditrax/graph/resolvers/generated.go:610.43,611.60 1 0
meditrax/graph/resolvers/generated.go:611.60,612.9 1 0
meditrax/graph/resolvers/generated.go:615.3,615.79 1 0
meditrax/graph/resolvers/generated.go:617.44,618.61 1 0
meditrax/graph/resolvers/generated.go:618.61,619.9 1 0
meditrax/graph/resolvers/generated.go:622.3,622.80 1 0
meditrax/graph/resolvers/generated.go:624.39,625.56 1 0
meditrax/graph/resolvers/generated.go:625.56,626.9 1 0
meditrax/graph/resolvers/generated.go:629.3,629.75 1 0
meditrax/graph/resolvers/generated.go:631.42,632.59 1 0
meditrax/graph/resolvers/generated.go:632.59,633.9 1 0
meditrax/graph/resolvers/generated.go:636.3,636.78 1 0
meditrax/graph/resolvers/generated.go:638.52,639.69 1 0
meditrax/graph/resolvers/generated.go:639.69,640.9 1 0
meditrax/graph/resolvers/generated.go:643.3,643.88 1 0
meditrax/graph/resolvers/generated.go:645.48,646.65 1 0
meditrax/graph/resolvers/generated.go:646.65,647.9 1 0
meditrax/graph/resolvers/generated.go:650.3,650.84 1 0
meditrax/graph/resolvers/generated.go:652.48,653.65 1 0
meditrax/graph/resolvers/generated.go:653.65,654.9 1 0
meditrax/graph/resolvers/generated.go:657.3,657.84 1 0
meditrax/graph/resolvers/generated.go:659.50,660.67 1 0
meditrax/graph/resolvers/generated.go:660.67,661.9 1 0
meditrax/graph/resolvers/generated.go:664.3,664.86 1 0
meditrax/graph/resolvers/generated.go:666.53,667.70 1 0
meditrax/graph/resolvers/generated.go:667.70,668.9 1 0
meditrax/graph/resolvers/generated.go:671.3,671.89 1 0
meditrax/graph/resolvers/generated.go:673.49,674.66 1 0
meditrax/graph/resolvers/generated.go:674.66,675.9 1 0
meditrax/graph/resolvers/generated.go:678.3,678.85 1 0
meditrax/graph/resolvers/generated.go:680.52,681.69 1 0
meditrax/graph/resolvers/generated.go:681.69,682.9 1 0
meditrax/graph/resolvers/generated.go:685.3,685.88 1 0
meditrax/graph/resolvers/generated.go:687.36,688.53 1 0
meditrax/graph/resolvers/generated.go:688.53,689.9 1 0
meditrax/graph/resolvers/generated.go:692.3,692.72 1 0
meditrax/graph/resolvers/generated.go:694.35,695.52 1 0
meditrax/graph/resolvers/generated.go:695.52,696.9 1 0
meditrax/graph/resolvers/generated.go:699.3,699.71 1 0
meditrax/graph/resolvers/generated.go:701.44,702.61 1 0
meditrax/graph/resolvers/generated.go:702.61,703.9 1 0
meditrax/graph/resolvers/generated.go:706.3,706.80 1 0
meditrax/graph/resolvers/generated.go:708.44,709.61 1 0
meditrax/graph/resolvers/generated.go:709.61,710.9 1 0
meditrax/graph/resolvers/generated.go:713.3,713.80 1 0
meditrax/graph/resolvers/generated.go:715.45,716.62 1 0
meditrax/graph/resolvers/generated.go:716.62,717.9 1 0
meditrax/graph/resolvers/generated.go:720.3,720.81 1 0
meditrax/graph/resolvers/generated.go:722.50,723.67 1 0
meditrax/graph/resolvers/generated.go:723.67,724.9 1 0
meditrax/graph/resolvers/generated.go:727.3,727.86 1 0
meditrax/graph/resolvers/generated.go:729.42,730.59 1 0
meditrax/graph/resolvers/generated.go:730.59,731.9 1 0
meditrax/graph/resolvers/generated.go:734.3,734.78 1 0
meditrax/graph/resolvers/generated.go:736.49,737.66 1 0
meditrax/graph/resolvers/generated.go:737.66,738.9 1 0
meditrax/graph/resolvers/generated.go:741.3,741.85 1 0
meditrax/graph/resolvers/generated.go:743.36,744.53 1 0
meditrax/graph/resolvers/generated.go:744.53,745.9 1 0
meditrax/graph/resolvers/generated.go:748.3,748.72 1 0
meditrax/graph/resolvers/generated.go:750.35,751.51 1 0
meditrax/graph/resolvers/generated.go:751.51,752.9 1 0
meditrax/graph/resolvers/generated.go:755.3,755.70 1 0
meditrax/graph/resolvers/generated.go:757.33,758.49 1 0
meditrax/graph/resolvers/generated.go:758.49,759.9 1 0
meditrax/graph/resolvers/generated.go:762.3,762.68 1 0
meditrax/graph/resolvers/generated.go:764.25,765.42 1 0
meditrax/graph/resolvers/generated.go:765.42,766.9 1 0
meditrax/graph/resolvers/generated.go:769.3,769.61 1 0
meditrax/graph/resolvers/generated.go:771.38,772.53 1 0
meditrax/graph/resolvers/generated.go:772.53,773.9 1 0
meditrax/graph/resolvers/generated.go:776.3,776.72 1 0
meditrax/graph/resolvers/generated.go:778.35,779.52 1 0
meditrax/graph/resolvers/generated.go:779.52,780.9 1 0
meditrax/graph/resolvers/generated.go:783.3,783.71 1 0
meditrax/graph/resolvers/generated.go:785.30,786.46 1 0
meditrax/graph/resolvers/generated.go:786.46,787.9 1 0
meditrax/graph/resolvers/generated.go:790.3,790.65 1 0
meditrax/graph/resolvers/generated.go:792.40,793.57 1 0
meditrax/graph/resolvers/generated.go:793.57,794.9 1 0
meditrax/graph/resolvers/generated.go:797.3,797.76 1 0
meditrax/graph/resolvers/generated.go:799.37,800.54 1 0
meditrax/graph/resolvers/generated.go:800.54,801.9 1 0
meditrax/graph/resolvers/generated.go:804.3,804.73 1 0
meditrax/graph/resolvers/generated.go:806.42,807.59 1 0
meditrax/graph/resolvers/generated.go:807.59,808.9 1 0
meditrax/graph/resolvers/generated.go:811.3,811.78 1 0
meditrax/graph/resolvers/generated.go:813.41,814.58 1 0
meditrax/graph/resolvers/generated.go:814.58,815.9 1 0
meditrax/graph/resolvers/generated.go:818.3,818.77 1 0
meditrax/graph/resolvers/generated.go:820.26,821.43 1 0
meditrax/graph/resolvers/generated.go:821.43,822.9 1 0
meditrax/graph/resolvers/generated.go:825.3,825.62 1 0
meditrax/graph/resolvers/generated.go:827.23,828.40 1 0
meditrax/graph/resolvers/generated.go:828.40,829.9 1 0
meditrax/graph/resolvers/generated.go:832.3,832.59 1 0
meditrax/graph/resolvers/generated.go:834.23,835.40 1 0
meditrax/graph/resolvers/generated.go:835.40,836.9 1 0
meditrax/graph/resolvers/generated.go:839.3,839.59 1 0
meditrax/graph/resolvers/generated.go:841.24,842.41 1 0
meditrax/graph/resolvers/generated.go:842.41,843.9 1 0
meditrax/graph/resolvers/generated.go:846.3,846.60 1 0
meditrax/graph/resolvers/generated.go:848.32,849.49 1 0
meditrax/graph/resolvers/generated.go:849.49,850.9 1 0
meditrax/graph/resolvers/generated.go:853.3,853.68 1 0
meditrax/graph/resolvers/generated.go:855.25,856.42 1 0
meditrax/graph/resolvers/generated.go:856.42,857.9 1 0
meditrax/graph/resolvers/generated.go:860.3,860.61 1 0
meditrax/graph/resolvers/generated.go:862.33,863.49 1 0
meditrax/graph/resolvers/generated.go:863.49,864.9 1 0
meditrax/graph/resolvers/generated.go:867.3,867.68 1 0
meditrax/graph/resolvers/generated.go:869.25,870.42 1 0
meditrax/graph/resolvers/generated.go:870.42,871.9 1 0
meditrax/graph/resolvers/generated.go:874.3,874.61 1 0
meditrax/graph/resolvers/generated.go:876.34,877.50 1 0
meditrax/graph/resolvers/generated.go:877.50,878.9 1 0
meditrax/graph/resolvers/generated.go:881.3,881.69 1 0
meditrax/graph/resolvers/generated.go:883.34,884.50 1 0
meditrax/graph/resolvers/generated.go:884.50,885.9 1 0
meditrax/graph/resolvers/generated.go:888.3,888.69 1 0
meditrax/graph/resolvers/generated.go:890.27,891.44 1 0
meditrax/graph/resolvers/generated.go:891.44,892.9 1 0
meditrax/graph/resolvers/generated.go:895.3,895.63 1 0
meditrax/graph/resolvers/generated.go:897.30,898.46 1 0
meditrax/graph/resolvers/generated.go:898.46,899.9 1 0
meditrax/graph/resolvers/generated.go:902.3,902.65 1 0
meditrax/graph/resolvers/generated.go:904.28,905.45 1 0
meditrax/graph/resolvers/generated.go:905.45,906.9 1 0
meditrax/graph/resolvers/generated.go:909.3,909.64 1 0
meditrax/graph/resolvers/generated.go:911.37,912.54 1 0
meditrax/graph/resolvers/generated.go:912.54,913.9 1 0
meditrax/graph/resolvers/generated.go:916.3,916.73 1 0
meditrax/graph/resolvers/generated.go:918.39,919.56 1 0
meditrax/graph/resolvers/generated.go:919.56,920.9 1 0
meditrax/graph/resolvers/generated.go:923.3,923.75 1 0
meditrax/graph/resolvers/generated.go:925.39,926.56 1 0
meditrax/graph/resolvers/generated.go:926.56,927.9 1 0
meditrax/graph/resolvers/generated.go:930.3,930.75 1 0
meditrax/graph/resolvers/generated.go:932.33,933.50 1 0
meditrax/graph/resolvers/generated.go:933.50,934.9 1 0
meditrax/graph/resolvers/generated.go:937.3,937.69 1 0
meditrax/graph/resolvers/generated.go:939.34,940.51 1 0
meditrax/graph/resolvers/generated.go:940.51,941.9 1 0
meditrax/graph/resolvers/generated.go:944.3,944.70 1 0
meditrax/graph/resolvers/generated.go:946.41,947.57 1 0
meditrax/graph/resolvers/generated.go:947.57,948.9 1 0
meditrax/graph/resolvers/generated.go:951.3,951.76 1 0
meditrax/graph/resolvers/generated.go:953.33,954.50 1 0
meditrax/graph/resolvers/generated.go:954.50,955.9 1 0
meditrax/graph/resolvers/generated.go:958.3,958.69 1 0
meditrax/graph/resolvers/generated.go:960.49,961.65 1 0
meditrax/graph/resolvers/generated.go:961.65,962.9 1 0
meditrax/graph/resolvers/generated.go:965.3,965.84 1 0
meditrax/graph/resolvers/generated.go:967.46,968.63 1 0
meditrax/graph/resolvers/generated.go:968.63,969.9 1 0
meditrax/graph/resolvers/generated.go:972.3,972.82 1 0
meditrax/graph/resolvers/generated.go:974.41,975.57 1 0
meditrax/graph/resolvers/generated.go:975.57,976.9 1 0
meditrax/graph/resolvers/generated.go:979.3,979.76 1 0
meditrax/graph/resolvers/generated.go:981.38,982.54 1 0
meditrax/graph/resolvers/generated.go:982.54,983.9 1 0
meditrax/graph/resolvers/generated.go:986.3,986.73 1 0
meditrax/graph/resolvers/generated.go:988.57,989.74 1 0
meditrax/graph/resolvers/generated.go:989.74,990.9 1 0
meditrax/graph/resolvers/generated.go:993.3,993.93 1 0
meditrax/graph/resolvers/generated.go:995.54,996.71 1 0
meditrax/graph/resolvers/generated.go:996.71,997.9 1 0
meditrax/graph/resolvers/generated.go:1000.3,1000.90 1 0
meditrax/graph/resolvers/generated.go:1002.62,1003.79 1 0
meditrax/graph/resolvers/generated.go:1003.79,1004.9 1 0
meditrax/graph/resolvers/generated.go:1007.3,1007.98 1 0
meditrax/graph/resolvers/generated.go:1009.60,1010.77 1 0
meditrax/graph/resolvers/generated.go:1010.77,1011.9 1 0
meditrax/graph/resolvers/generated.go:1014.3,1014.96 1 0
meditrax/graph/resolvers/generated.go:1016.54,1017.71 1 0
meditrax/graph/resolvers/generated.go:1017.71,1018.9 1 0
meditrax/graph/resolvers/generated.go:1021.3,1021.90 1 0
meditrax/graph/resolvers/generated.go:1023.51,1024.68 1 0
meditrax/graph/resolvers/generated.go:1024.68,1025.9 1 0
meditrax/graph/resolvers/generated.go:1028.3,1028.87 1 0
meditrax/graph/resolvers/generated.go:1030.54,1031.71 1 0
meditrax/graph/resolvers/generated.go:1031.71,1032.9 1 0
meditrax/graph/resolvers/generated.go:1035.3,1035.90 1 0
meditrax/graph/resolvers/generated.go:1037.48,1038.65 1 0
meditrax/graph/resolvers/generated.go:1038.65,1039.9 1 0
meditrax/graph/resolvers/generated.go:1042.3,1042.84 1 0
meditrax/graph/resolvers/generated.go:1044.35,1045.52 1 0
meditrax/graph/resolvers/generated.go:1045.52,1046.9 1 0
meditrax/graph/resolvers/generated.go:1049.3,1049.71 1 0
meditrax/graph/resolvers/generated.go:1051.33,1052.50 1 0
meditrax/graph/resolvers/generated.go:1052.50,1053.9 1 0
meditrax/graph/resolvers/generated.go:1056.3,1056.69 1 0
meditrax/graph/resolvers/generated.go:1058.34,1059.51 1 0
meditrax/graph/resolvers/generated.go:1059.51,1060.9 1 0
meditrax/graph/resolvers/generated.go:1063.3,1063.70 1 0
meditrax/graph/resolvers/generated.go:1065.31,1066.48 1 0
meditrax/graph/resolvers/generated.go:1066.48,1067.9 1 0
meditrax/graph/resolvers/generated.go:1070.3,1070.67 1 0
meditrax/graph/resolvers/generated.go:1072.34,1073.50 1 0
meditrax/graph/resolvers/generated.go:1073.50,1074.9 1 0
meditrax/graph/resolvers/generated.go:1077.3,1077.69 1 0
meditrax/graph/resolvers/generated.go:1079.26,1080.43 1 0
meditrax/graph/resolvers/generated.go:1080.43,1081.9 1 0
meditrax/graph/resolvers/generated.go:1084.3,1084.62 1 0
meditrax/graph/resolvers/generated.go:1086.35,1087.51 1 0
meditrax/graph/resolvers/generated.go:1087.51,1088.9 1 0
meditrax/graph/resolvers/generated.go:1091.3,1091.70 1 0
meditrax/graph/resolvers/generated.go:1093.34,1094.50 1 0
meditrax/graph/resolvers/generated.go:1094.50,1095.9 1 0
meditrax/graph/resolvers/generated.go:1098.3,1098.69 1 0
meditrax/graph/resolvers/generated.go:1100.31,1101.47 1 0
meditrax/graph/resolvers/generated.go:1101.47,1102.9 1 0
meditrax/graph/resolvers/generated.go:1105.3,1105.66 1 0
meditrax/graph/resolvers/generated.go:1107.37,1108.54 1 0
meditrax/graph/resolvers/generated.go:1108.54,1109.9 1 0
meditrax/graph/resolvers/generated.go:1112.3,1112.73 1 0
meditrax/graph/resolvers/generated.go:1114.39,1115.56 1 0
meditrax/graph/resolvers/generated.go:1115.56,1116.9 1 0
meditrax/graph/resolvers/generated.go:1119.3,1119.75 1 0
meditrax/graph/resolvers/generated.go:1121.38,1122.55 1 0
meditrax/graph/resolvers/generated.go:1122.55,1123.9 1 0
meditrax/graph/resolvers/generated.go:1126.3,1126.74 1 0
meditrax/graph/resolvers/generated.go:1128.40,1129.57 1 0
meditrax/graph/resolvers/generated.go:1129.57,1130.9 1 0
meditrax/graph/resolvers/generated.go:1133.3,1133.76 1 0
meditrax/graph/resolvers/generated.go:1135.31,1136.47 1 0
meditrax/graph/resolvers/generated.go:1136.47,1137.9 1 0
meditrax/graph/resolvers/generated.go:1140.3,1140.66 1 0
meditrax/graph/resolvers/generated.go:1142.27,1143.44 1 0
meditrax/graph/resolvers/generated.go:1143.44,1144.9 1 0
meditrax/graph/resolvers/generated.go:1147.3,1147.63 1 0
meditrax/graph/resolvers/generated.go:1149.30,1150.47 1 0
meditrax/graph/resolvers/generated.go:1150.47,1151.9 1 0
meditrax/graph/resolvers/generated.go:1154.3,1154.66 1 0
meditrax/graph/resolvers/generated.go:1156.23,1157.40 1 0
meditrax/graph/resolvers/generated.go:1157.40,1158.9 1 0
meditrax/graph/resolvers/generated.go:1161.3,1161.59 1 0
meditrax/graph/resolvers/generated.go:1163.30,1164.47 1 0
meditrax/graph/resolvers/generated.go:1164.47,1165.9 1 0
meditrax/graph/resolvers/generated.go:1168.3,1168.66 1 0
meditrax/graph/resolvers/generated.go:1170.25,1171.42 1 0
meditrax/graph/resolvers/generated.go:1171.42,1172.9 1 0
meditrax/graph/resolvers/generated.go:1175.3,1175.61 1 0
meditrax/graph/resolvers/generated.go:1177.25,1178.42 1 0
meditrax/graph/resolvers/generated.go:1178.42,1179.9 1 0
meditrax/graph/resolvers/generated.go:1182.3,1182.61 1 0
meditrax/graph/resolvers/generated.go:1184.31,1185.47 1 0
meditrax/graph/resolvers/generated.go:1185.47,1186.9 1 0
meditrax/graph/resolvers/generated.go:1189.3,1189.66 1 0
meditrax/graph/resolvers/generated.go:1191.28,1192.44 1 0
meditrax/graph/resolvers/generated.go:1192.44,1193.9 1 0
meditrax/graph/resolvers/generated.go:1196.3,1196.63 1 0
meditrax/graph/resolvers/generated.go:1198.33,1199.50 1 0
meditrax/graph/resolvers/generated.go:1199.50,1200.9 1 0
meditrax/graph/resolvers/generated.go:1203.3,1203.69 1 0
meditrax/graph/resolvers/generated.go:1205.36,1206.53 1 0
meditrax/graph/resolvers/generated.go:1206.53,1207.9 1 0
meditrax/graph/resolvers/generated.go:1210.3,1210.72 1 0
meditrax/graph/resolvers/generated.go:1212.36,1213.53 1 0
meditrax/graph/resolvers/generated.go:1213.53,1214.9 1 0
meditrax/graph/resolvers/generated.go:1217.3,1217.72 1 0
meditrax/graph/resolvers/generated.go:1219.39,1220.56 1 0
meditrax/graph/resolvers/generated.go:1220.56,1221.9 1 0
meditrax/graph/resolvers/generated.go:1224.3,1224.75 1 0
meditrax/graph/resolvers/generated.go:1226.31,1227.48 1 0
meditrax/graph/resolvers/generated.go:1227.48,1228.9 1 0
meditrax/graph/resolvers/generated.go:1231.3,1231.67 1 0
meditrax/graph/resolvers/generated.go:1233.31,1234.48 1 0
meditrax/graph/resolvers/generated.go:1234.48,1235.9 1 0
meditrax/graph/resolvers/generated.go:1238.3,1238.67 1 0
meditrax/graph/resolvers/generated.go:1240.39,1241.55 1 0
meditrax/graph/resolvers/generated.go:1241.55,1242.9 1 0
meditrax/graph/resolvers/generated.go:1245.3,1245.74 1 0
meditrax/graph/resolvers/generated.go:1247.31,1248.48 1 0
meditrax/graph/resolvers/generated.go:1248.48,1249.9 1 0
meditrax/graph/resolvers/generated.go:1252.3,1252.67 1 0
meditrax/graph/resolvers/generated.go:1254.37,1255.53 1 0
meditrax/graph/resolvers/generated.go:1255.53,1256.9 1 0
meditrax/graph/resolvers/generated.go:1259.3,1259.72 1 0
meditrax/graph/resolvers/generated.go:1261.42,1262.58 1 0
meditrax/graph/resolvers/generated.go:1262.58,1263.9 1 0
meditrax/graph/resolvers/generated.go:1266.3,1266.77 1 0
meditrax/graph/resolvers/generated.go:1268.42,1269.58 1 0
meditrax/graph/resolvers/generated.go:1269.58,1270.9 1 0
meditrax/graph/resolvers/generated.go:1273.3,1273.77 1 0
meditrax/graph/resolvers/generated.go:1275.36,1276.52 1 0
meditrax/graph/resolvers/generated.go:1276.52,1277.9 1 0
meditrax/graph/resolvers/generated.go:1280.3,1280.71 1 0
meditrax/graph/resolvers/generated.go:1282.42,1283.59 1 0
meditrax/graph/resolvers/generated.go:1283.59,1284.9 1 0
meditrax/graph/resolvers/generated.go:1287.3,1287.78 1 0
meditrax/graph/resolvers/generated.go:1289.47,1290.64 1 0
meditrax/graph/resolvers/generated.go:1290.64,1291.9 1 0
meditrax/graph/resolvers/generated.go:1294.3,1294.83 1 0
meditrax/graph/resolvers/generated.go:1296.45,1297.62 1 0
meditrax/graph/resolvers/generated.go:1297.62,1298.9 1 0
meditrax/graph/resolvers/generated.go:1301.3,1301.81 1 0
meditrax/graph/resolvers/generated.go:1303.47,1304.64 1 0
meditrax/graph/resolvers/generated.go:1304.64,1305.9 1 0
meditrax/graph/resolvers/generated.go:1308.3,1308.83 1 0
meditrax/graph/resolvers/generated.go:1310.34,1311.51 1 0
meditrax/graph/resolvers/generated.go:1311.51,1312.9 1 0
meditrax/graph/resolvers/generated.go:1315.3,1316.17 2 0
meditrax/graph/resolvers/generated.go:1316.17,1318.4 1 0
meditrax/graph/resolvers/generated.go:1320.3,1320.163 1 0
meditrax/graph/resolvers/generated.go:1322.34,1323.51 1 0
meditrax/graph/resolvers/generated.go:1323.51,1324.9 1 0
meditrax/graph/resolvers/generated.go:1327.3,1328.17 2 0
meditrax/graph/resolvers/generated.go:1328.17,1330.4 1 0
meditrax/graph/resolvers/generated.go:1332.3,1332.176 1 0
meditrax/graph/resolvers/generated.go:1334.35,1335.52 1 0
meditrax/graph/resolvers/generated.go:1335.52,1336.9 1 0
meditrax/graph/resolvers/generated.go:1339.3,1340.17 2 0
meditrax/graph/resolvers/generated.go:1340.17,1342.4 1 0
meditrax/graph/resolvers/generated.go:1344.3,1344.126 1 0
meditrax/graph/resolvers/generated.go:1346.32,1347.49 1 0
meditrax/graph/resolvers/generated.go:1347.49,1348.9 1 0
meditrax/graph/resolvers/generated.go:1351.3,1352.17 2 0
meditrax/graph/resolvers/generated.go:1352.17,1354.4 1 0
meditrax/graph/resolvers/generated.go:1356.3,1356.197 1 0
meditrax/graph/resolvers/generated.go:1358.35,1359.52 1 0
meditrax/graph/resolvers/generated.go:1359.52,1360.9 1 0
meditrax/graph/resolvers/generated.go:1363.3,1364.17 2 0
meditrax/graph/resolvers/generated.go:1364.17,1366.4 1 0
meditrax/graph/resolvers/generated.go:1368.3,1368.97 1 0
meditrax/graph/resolvers/generated.go:1370.41,1371.58 1 0
meditrax/graph/resolvers/generated.go:1371.58,1372.9 1 0
meditrax/graph/resolvers/generated.go:1375.3,1376.17 2 0
meditrax/graph/resolvers/generated.go:1376.17,1378.4 1 0
meditrax/graph/resolvers/generated.go:1380.3,1380.156 1 0
meditrax/graph/resolvers/generated.go:1382.45,1383.62 1 0
meditrax/graph/resolvers/generated.go:1383.62,1384.9 1 0
meditrax/graph/resolvers/generated.go:1387.3,1388.17 2 0
meditrax/graph/resolvers/generated.go:1388.17,1390.4 1 0
meditrax/graph/resolvers/generated.go:1392.3,1392.117 1 0
meditrax/graph/resolvers/generated.go:1394.43,1395.60 1 0
meditrax/graph/resolvers/generated.go:1395.60,1396.9 1 0
meditrax/graph/resolvers/generated.go:1399.3,1400.17 2 0
meditrax/graph/resolvers/generated.go:1400.17,1402.4 1 0
meditrax/graph/resolvers/generated.go:1404.3,1404.141 1 0
meditrax/graph/resolvers/generated.go:1406.42,1407.59 1 0
meditrax/graph/resolvers/generated.go:1407.59,1408.9 1 0
meditrax/graph/resolvers/generated.go:1411.3,1412.17 2 0
meditrax/graph/resolvers/generated.go:1412.17,1414.4 1 0
meditrax/graph/resolvers/generated.go:1416.3,1416.194 1 0
meditrax/graph/resolvers/generated.go:1418.29,1419.46 1 0
meditrax/graph/resolvers/generated.go:1419.46,1420.9 1 0
meditrax/graph/resolvers/generated.go:1423.3,1424.17 2 0
meditrax/graph/resolvers/generated.go:1424.17,1426.4 1 0
meditrax/graph/resolvers/generated.go:1428.3,1428.172 1 0
meditrax/graph/resolvers/generated.go:1430.37,1431.54 1 0
meditrax/graph/resolvers/generated.go:1431.54,1432.9 1 0
meditrax/graph/resolvers/generated.go:1435.3,1436.17 2 0
meditrax/graph/resolvers/generated.go:1436.17,1438.4 1 0
meditrax/graph/resolvers/generated.go:1440.3,1440.100 1 0
meditrax/graph/resolvers/generated.go:1442.37,1443.54 1 0
meditrax/graph/resolvers/generated.go:1443.54,1444.9 1 0
meditrax/graph/resolvers/generated.go:1447.3,1448.17 2 0
meditrax/graph/resolvers/generated.go:1448.17,1450.4 1 0
meditrax/graph/resolvers/generated.go:1452.3,1452.100 1 0
meditrax/graph/resolvers/generated.go:1454.38,1455.55 1 0
meditrax/graph/resolvers/generated.go:1455.55,1456.9 1 0
meditrax/graph/resolvers/generated.go:1459.3,1460.17 2 0
meditrax/graph/resolvers/generated.go:1460.17,1462.4 1 0
meditrax/graph/resolvers/generated.go:1464.3,1464.101 1 0
meditrax/graph/resolvers/generated.go:1466.35,1467.52 1 0
meditrax/graph/resolvers/generated.go:1467.52,1468.9 1 0
meditrax/graph/resolvers/generated.go:1471.3,1472.17 2 0
meditrax/graph/resolvers/generated.go:1472.17,1474.4 1 0
meditrax/graph/resolvers/generated.go:1476.3,1476.102 1 0
meditrax/graph/resolvers/generated.go:1478.43,1479.60 1 0
meditrax/graph/resolvers/generated.go:1479.60,1480.9 1 0
meditrax/graph/resolvers/generated.go:1483.3,1484.17 2 0
meditrax/graph/resolvers/generated.go:1484.17,1486.4 1 0
meditrax/graph/resolvers/generated.go:1488.3,1488.108 1 0
meditrax/graph/resolvers/generated.go:1490.42,1491.59 1 0
meditrax/graph/resolvers/generated.go:1491.59,1492.9 1 0
meditrax/graph/resolvers/generated.go:1495.3,1496.17 2 0
meditrax/graph/resolvers/generated.go:1496.17,1498.4 1 0
meditrax/graph/resolvers/generated.go:1500.3,1500.107 1 0
meditrax/graph/resolvers/generated.go:1502.29,1503.46 1 0
meditrax/graph/resolvers/generated.go:1503.46,1504.9 1 0
meditrax/graph/resolvers/generated.go:1507.3,1507.65 1 0
meditrax/graph/resolvers/generated.go:1509.28,1510.45 1 0
meditrax/graph/resolvers/generated.go:1510.45,1511.9 1 0
meditrax/graph/resolvers/generated.go:1514.3,1515.17 2 0
meditrax/graph/resolvers/generated.go:1515.17,1517.4 1 0
meditrax/graph/resolvers/generated.go:1519.3,1519.121 1 0
meditrax/graph/resolvers/generated.go:1521.31,1522.48 1 0
meditrax/graph/resolvers/generated.go:1522.48,1523.9 1 0
meditrax/graph/resolvers/generated.go:1526.3,1527.17 2 0
meditrax/graph/resolvers/generated.go:1527.17,1529.4 1 0
meditrax/graph/resolvers/generated.go:1531.3,1531.153 1 0
meditrax/graph/resolvers/generated.go:1533.39,1534.56 1 0
meditrax/graph/resolvers/generated.go:1534.56,1535.9 1 0
meditrax/graph/resolvers/generated.go:1538.3,1539.17 2 0
meditrax/graph/resolvers/generated.go:1539.17,1541.4 1 0
meditrax/graph/resolvers/generated.go:1543.3,1543.105 1 0
meditrax/graph/resolvers/generated.go:1545.32,1546.49 1 0
meditrax/graph/resolvers/generated.go:1546.49,1547.9 1 0
meditrax/graph/resolvers/generated.go:1550.3,1551.17 2 0
meditrax/graph/resolvers/generated.go:1551.17,1553.4 1 0
meditrax/graph/resolvers/generated.go:1555.3,1555.122 1 0
meditrax/graph/resolvers/generated.go:1557.37,1558.54 1 0
meditrax/graph/resolvers/generated.go:1558.54,1559.9 1 0
meditrax/graph/resolvers/generated.go:1562.3,1563.17 2 0
meditrax/graph/resolvers/generated.go:1563.17,1565.4 1 0
meditrax/graph/resolvers/generated.go:1567.3,1567.163 1 0
meditrax/graph/resolvers/generated.go:1569.37,1570.54 1 0
meditrax/graph/resolvers/generated.go:1570.54,1571.9 1 0
meditrax/graph/resolvers/generated.go:1574.3,1575.17 2 0
meditrax/graph/resolvers/generated.go:1575.17,1577.4 1 0
meditrax/graph/resolvers/generated.go:1579.3,1579.150 1 0
meditrax/graph/resolvers/generated.go:1581.45,1582.62 1 0
meditrax/graph/resolvers/generated.go:1582.62,1583.9 1 0
meditrax/graph/resolvers/generated.go:1586.3,1587.17 2 0
meditrax/graph/resolvers/generated.go:1587.17,1589.4 1 0
meditrax/graph/resolvers/generated.go:1591.3,1591.148 1 0
meditrax/graph/resolvers/generated.go:1593.38,1594.55 1 0
meditrax/graph/resolvers/generated.go:1594.55,1595.9 1 0
meditrax/graph/resolvers/generated.go:1598.3,1599.17 2 0
meditrax/graph/resolvers/generated.go:1599.17,1601.4 1 0
meditrax/graph/resolvers/generated.go:1603.3,1603.158 1 0
meditrax/graph/resolvers/generated.go:1605.35,1606.52 1 0
meditrax/graph/resolvers/generated.go:1606.52,1607.9 1 0
meditrax/graph/resolvers/generated.go:1610.3,1611.17 2 0
meditrax/graph/resolvers/generated.go:1611.17,1613.4 1 0
meditrax/graph/resolvers/generated.go:1615.3,1615.236 1 0
meditrax/graph/resolvers/generated.go:1617.43,1618.60 1 0
meditrax/graph/resolvers/generated.go:1618.60,1619.9 1 0
meditrax/graph/resolvers/generated.go:1622.3,1623.17 2 0
meditrax/graph/resolvers/generated.go:1623.17,1625.4 1 0
meditrax/graph/resolvers/generated.go:1627.3,1627.165 1 0
meditrax/graph/resolvers/generated.go:1629.42,1630.59 1 0
meditrax/graph/resolvers/generated.go:1630.59,1631.9 1 0
meditrax/graph/resolvers/generated.go:1634.3,1635.17 2 0
meditrax/graph/resolvers/generated.go:1635.17,1637.4 1 0
meditrax/graph/resolvers/generated.go:1639.3,1639.226 1 0
meditrax/graph/resolvers/generated.go:1641.29,1642.46 1 0
meditrax/graph/resolvers/generated.go:1642.46,1643.9 1 0
meditrax/graph/resolvers/generated.go:1646.3,1647.17 2 0
meditrax/graph/resolvers/generated.go:1647.17,1649.4 1 0
meditrax/graph/resolvers/generated.go:1651.3,1651.148 1 0
meditrax/graph/resolvers/generated.go:1653.34,1654.51 1 0
meditrax/graph/resolvers/generated.go:1654.51,1655.9 1 0
meditrax/graph/resolvers/generated.go:1658.3,1658.70 1 0
meditrax/graph/resolvers/generated.go:1660.27,1661.44 1 0
meditrax/graph/resolvers/generated.go:1661.44,1662.9 1 0
meditrax/graph/resolvers/generated.go:1665.3,1665.63 1 0
meditrax/graph/resolvers/generated.go:1667.30,1668.47 1 0
meditrax/graph/resolvers/generated.go:1668.47,1669.9 1 0
meditrax/graph/resolvers/generated.go:1672.3,1672.66 1 0
meditrax/graph/resolvers/generated.go:1674.29,1675.46 1 0
meditrax/graph/resolvers/generated.go:1675.46,1676.9 1 0
meditrax/graph/resolvers/generated.go:1679.3,1679.65 1 0
meditrax/graph/resolvers/generated.go:1681.36,1682.53 1 0
meditrax/graph/resolvers/generated.go:1682.53,1683.9 1 0
meditrax/graph/resolvers/generated.go:1686.3,1686.72 1 0
meditrax/graph/resolvers/generated.go:1688.32,1689.49 1 0
meditrax/graph/resolvers/generated.go:1689.49,1690.9 1 0
meditrax/graph/resolvers/generated.go:1693.3,1693.68 1 0
meditrax/graph/resolvers/generated.go:1695.28,1696.45 1 0
meditrax/graph/resolvers/generated.go:1696.45,1697.9 1 0
meditrax/graph/resolvers/generated.go:1700.3,1701.17 2 0
meditrax/graph/resolvers/generated.go:1701.17,1703.4 1 0
meditrax/graph/resolvers/generated.go:1705.3,1705.87 1 0
meditrax/graph/resolvers/generated.go:1707.32,1708.49 1 0
meditrax/graph/resolvers/generated.go:1708.49,1709.9 1 0
meditrax/graph/resolvers/generated.go:1712.3,1713.17 2 0
meditrax/graph/resolvers/generated.go:1713.17,1715.4 1 0
meditrax/graph/resolvers/generated.go:1717.3,1717.154 1 0
meditrax/graph/resolvers/generated.go:1719.39,1720.56 1 0
meditrax/graph/resolvers/generated.go:1720.56,1721.9 1 0
meditrax/graph/resolvers/generated.go:1724.3,1724.75 1 0
meditrax/graph/resolvers/generated.go:1726.33,1727.50 1 0
meditrax/graph/resolvers/generated.go:1727.50,1728.9 1 0
meditrax/graph/resolvers/generated.go:1731.3,1731.69 1 0
meditrax/graph/resolvers/generated.go:1733.38,1734.55 1 0
meditrax/graph/resolvers/generated.go:1734.55,1735.9 1 0
meditrax/graph/resolvers/generated.go:1738.3,1738.74 1 0
meditrax/graph/resolvers/generated.go:1740.30,1741.47 1 0
meditrax/graph/resolvers/generated.go:1741.47,1742.9 1 0
meditrax/graph/resolvers/generated.go:1745.3,1745.66 1 0
meditrax/graph/resolvers/generated.go:1747.32,1748.49 1 0
meditrax/graph/resolvers/generated.go:1748.49,1749.9 1 0
meditrax/graph/resolvers/generated.go:1752.3,1753.17 2 0
meditrax/graph/resolvers/generated.go:1753.17,1755.4 1 0
meditrax/graph/resolvers/generated.go:1757.3,1757.91 1 0
meditrax/graph/resolvers/generated.go:1759.37,1760.54 1 0
meditrax/graph/resolvers/generated.go:1760.54,1761.9 1 0
meditrax/graph/resolvers/generated.go:1764.3,1764.73 1 0
meditrax/graph/resolvers/generated.go:1766.23,1767.40 1 0
meditrax/graph/resolvers/generated.go:1767.40,1768.9 1 0
meditrax/graph/resolvers/generated.go:1771.3,1771.59 1 0
meditrax/graph/resolvers/generated.go:1773.35,1774.52 1 0
meditrax/graph/resolvers/generated.go:1774.52,1775.9 1 0
meditrax/graph/resolvers/generated.go:1778.3,1778.71 1 0
meditrax/graph/resolvers/generated.go:1780.25,1781.42 1 0
meditrax/graph/resolvers/generated.go:1781.42,1782.9 1 0
meditrax/graph/resolvers/generated.go:1785.3,1785.61 1 0
meditrax/graph/resolvers/generated.go:1787.26,1788.43 1 0
meditrax/graph/resolvers/generated.go:1788.43,1789.9 1 0
meditrax/graph/resolvers/generated.go:1792.3,1792.62 1 0
meditrax/graph/resolvers/generated.go:1794.27,1795.44 1 0
meditrax/graph/resolvers/generated.go:1795.44,1796.9 1 0
meditrax/graph/resolvers/generated.go:1799.3,1799.63 1 0
meditrax/graph/resolvers/generated.go:1801.31,1802.48 1 0
meditrax/graph/resolvers/generated.go:1802.48,1803.9 1 0
meditrax/graph/resolvers/generated.go:1806.3,1806.67 1 0
meditrax/graph/resolvers/generated.go:1808.34,1809.51 1 0
meditrax/graph/resolvers/generated.go:1809.51,1810.9 1 0
meditrax/graph/resolvers/generated.go:1813.3,1813.70 1 0
meditrax/graph/resolvers/generated.go:1815.27,1816.44 1 0
meditrax/graph/resolvers/generated.go:1816.44,1817.9 1 0
meditrax/graph/resolvers/generated.go:1820.3,1820.63 1 0
meditrax/graph/resolvers/generated.go:1822.46,1823.63 1 0
meditrax/graph/resolvers/generated.go:1823.63,1824.9 1 0
meditrax/graph/resolvers/generated.go:1827.3,1827.82 1 0
meditrax/graph/resolvers/generated.go:1829.39,1830.56 1 0
meditrax/graph/resolvers/generated.go:1830.56,1831.9 1 0
meditrax/graph/resolvers/generated.go:1834.3,1834.75 1 0
meditrax/graph/resolvers/generated.go:1836.27,1837.44 1 0
meditrax/graph/resolvers/generated.go:1837.44,1838.9 1 0
meditrax/graph/resolvers/generated.go:1841.3,1841.63 1 0
meditrax/graph/resolvers/generated.go:1843.33,1844.50 1 0
meditrax/graph/resolvers/generated.go:1844.50,1845.9 1 0
meditrax/graph/resolvers/generated.go:1848.3,1848.69 1 0
meditrax/graph/resolvers/generated.go:1850.25,1851.42 1 0
meditrax/graph/resolvers/generated.go:1851.42,1852.9 1 0
meditrax/graph/resolvers/generated.go:1855.3,1855.61 1 0
meditrax/graph/resolvers/generated.go:1857.22,1858.39 1 0
meditrax/graph/resolvers/generated.go:1858.39,1859.9 1 0
meditrax/graph/resolvers/generated.go:1862.3,1862.58 1 0
meditrax/graph/resolvers/generated.go:1864.18,1865.35 1 0
meditrax/graph/resolvers/generated.go:1865.35,1866.9 1 0
meditrax/graph/resolvers/generated.go:1869.3,1869.54 1 0
meditrax/graph/resolvers/generated.go:1871.28,1872.45 1 0
meditrax/graph/resolvers/generated.go:1872.45,1873.9 1 0
meditrax/graph/resolvers/generated.go:1876.3,1876.64 1 0
meditrax/graph/resolvers/generated.go:1878.34,1879.51 1 0
meditrax/graph/resolvers/generated.go:1879.51,1880.9 1 0
meditrax/graph/resolvers/generated.go:1883.3,1883.70 1 0
meditrax/graph/resolvers/generated.go:1885.25,1886.42 1 0
meditrax/graph/resolvers/generated.go:1886.42,1887.9 1 0
meditrax/graph/resolvers/generated.go:1890.3,1890.61 1 0
meditrax/graph/resolvers/generated.go:1892.20,1893.37 1 0
meditrax/graph/resolvers/generated.go:1893.37,1894.9 1 0
meditrax/graph/resolvers/generated.go:1897.3,1897.56 1 0
meditrax/graph/resolvers/generated.go:1899.30,1900.47 1 0
meditrax/graph/resolvers/generated.go:1900.47,1901.9 1 0
meditrax/graph/resolvers/generated.go:1904.3,1904.66 1 0
meditrax/graph/resolvers/generated.go:1906.36,1907.53 1 0
meditrax/graph/resolvers/generated.go:1907.53,1908.9 1 0
meditrax/graph/resolvers/generated.go:1911.3,1911.72 1 0
meditrax/graph/resolvers/generated.go:1913.33,1914.50 1 0
meditrax/graph/resolvers/generated.go:1914.50,1915.9 1 0
meditrax/graph/resolvers/generated.go:1918.3,1918.69 1 0
meditrax/graph/resolvers/generated.go:1920.41,1921.58 1 0
meditrax/graph/resolvers/generated.go:1921.58,1922.9 1 0
meditrax/graph/resolvers/generated.go:1925.3,1925.77 1 0
meditrax/graph/resolvers/generated.go:1927.41,1928.58 1 0
meditrax/graph/resolvers/generated.go:1928.58,1929.9 1 0
meditrax/graph/resolvers/generated.go:1932.3,1932.77 1 0
meditrax/graph/resolvers/generated.go:1934.42,1935.59 1 0
meditrax/graph/resolvers/generated.go:1935.59,1936.9 1 0
meditrax/graph/resolvers/generated.go:1939.3,1939.78 1 0
meditrax/graph/resolvers/generated.go:1941.39,1942.56 1 0
meditrax/graph/resolvers/generated.go:1942.56,1943.9 1 0
meditrax/graph/resolvers/generated.go:1946.3,1946.75 1 0
meditrax/graph/resolvers/generated.go:1948.44,1949.61 1 0
meditrax/graph/resolvers/generated.go:1949.61,1950.9 1 0
meditrax/graph/resolvers/generated.go:1953.3,1953.80 1 0
meditrax/graph/resolvers/generated.go:1955.47,1956.64 1 0
meditrax/graph/resolvers/generated.go:1956.64,1957.9 1 0
meditrax/graph/resolvers/generated.go:1960.3,1960.83 1 0
meditrax/graph/resolvers/generated.go:1962.47,1963.64 1 0
meditrax/graph/resolvers/generated.go:1963.64,1964.9 1 0
meditrax/graph/resolvers/generated.go:1967.3,1967.83 1 0
meditrax/graph/resolvers/generated.go:1969.45,1970.62 1 0
meditrax/graph/resolvers/generated.go:1970.62,1971.9 1 0
meditrax/graph/resolvers/generated.go:1974.3,1974.81 1 0
meditrax/graph/resolvers/generated.go:1976.44,1977.61 1 0
meditrax/graph/resolvers/generated.go:1977.61,1978.9 1 0
meditrax/graph/resolvers/generated.go:1981.3,1981.80 1 0
meditrax/graph/resolvers/generated.go:1983.44,1984.61 1 0
meditrax/graph/resolvers/generated.go:1984.61,1985.9 1 0
meditrax/graph/resolvers/generated.go:1988.3,1988.80 1 0
meditrax/graph/resolvers/generated.go:1990.45,1991.62 1 0
meditrax/graph/resolvers/generated.go:1991.62,1992.9 1 0
meditrax/graph/resolvers/generated.go:1995.3,1995.81 1 0
meditrax/graph/resolvers/generated.go:1997.57,1998.74 1 0
meditrax/graph/resolvers/generated.go:1998.74,1999.9 1 0
meditrax/graph/resolvers/generated.go:2002.3,2002.93 1 0
meditrax/graph/resolvers/generated.go:2004.60,2005.77 1 0
meditrax/graph/resolvers/generated.go:2005.77,2006.9 1 0
meditrax/graph/resolvers/generated.go:2009.3,2009.96 1 0
meditrax/graph/resolvers/generated.go:2011.54,2012.71 1 0
meditrax/graph/resolvers/generated.go:2012.71,2013.9 1 0
meditrax/graph/resolvers/generated.go:2016.3,2016.90 1 0
meditrax/graph/resolvers/generated.go:2018.45,2019.62 1 0
meditrax/graph/resolvers/generated.go:2019.62,2020.9 1 0
meditrax/graph/resolvers/generated.go:2023.3,2023.81 1 0
meditrax/graph/resolvers/generated.go:2025.46,2026.63 1 0
meditrax/graph/resolvers/generated.go:2026.63,2027.9 1 0
meditrax/graph/resolvers/generated.go:2030.3,2030.82 1 0
meditrax/graph/resolvers/generated.go:2032.50,2033.67 1 0
meditrax/graph/resolvers/generated.go:2033.67,2034.9 1 0
meditrax/graph/resolvers/generated.go:2037.3,2037.86 1 0
meditrax/graph/resolvers/generated.go:2039.53,2040.70 1 0
meditrax/graph/resolvers/generated.go:2040.70,2041.9 1 0
meditrax/graph/resolvers/generated.go:2044.3,2044.89 1 0
meditrax/graph/resolvers/generated.go:2046.47,2047.64 1 0
meditrax/graph/resolvers/generated.go:2047.64,2048.9 1 0
meditrax/graph/resolvers/generated.go:2051.3,2051.83 1 0
meditrax/graph/resolvers/generated.go:2053.42,2054.59 1 0
meditrax/graph/resolvers/generated.go:2054.59,2055.9 1 0
meditrax/graph/resolvers/generated.go:2058.3,2058.78 1 0
meditrax/graph/resolvers/generated.go:2060.49,2061.66 1 0
meditrax/graph/resolvers/generated.go:2061.66,2062.9 1 0
meditrax/graph/resolvers/generated.go:2065.3,2065.85 1 0
meditrax/graph/resolvers/generated.go:2067.52,2068.69 1 0
meditrax/graph/resolvers/generated.go:2068.69,2069.9 1 0
meditrax/graph/resolvers/generated.go:2072.3,2072.88 1 0
meditrax/graph/resolvers/generated.go:2074.36,2075.53 1 0
meditrax/graph/resolvers/generated.go:2075.53,2076.9 1 0
meditrax/graph/resolvers/generated.go:2079.3,2079.72 1 0
meditrax/graph/resolvers/generated.go:2081.35,2082.52 1 0
meditrax/graph/resolvers/generated.go:2082.52,2083.9 1 0
meditrax/graph/resolvers/generated.go:2086.3,2086.71 1 0
meditrax/graph/resolvers/generated.go:2088.25,2089.41 1 0
meditrax/graph/resolvers/generated.go:2089.41,2090.9 1 0
meditrax/graph/resolvers/generated.go:2093.3,2093.60 1 0
meditrax/graph/resolvers/generated.go:2095.17,2096.34 1 0
meditrax/graph/resolvers/generated.go:2096.34,2097.9 1 0
meditrax/graph/resolvers/generated.go:2100.3,2100.53 1 0
meditrax/graph/resolvers/generated.go:2102.25,2103.41 1 0
meditrax/graph/resolvers/generated.go:2103.41,2104.9 1 0
meditrax/graph/resolvers/generated.go:2107.3,2107.60 1 0
meditrax/graph/resolvers/generated.go:2109.19,2110.36 1 0
meditrax/graph/resolvers/generated.go:2110.36,2111.9 1 0
meditrax/graph/resolvers/generated.go:2114.3,2114.55 1 0
meditrax/graph/resolvers/generated.go:2116.23,2117.40 1 0
meditrax/graph/resolvers/generated.go:2117.40,2118.9 1 0
meditrax/graph/resolvers/generated.go:2121.3,2121.59 1 0
meditrax/graph/resolvers/generated.go:2123.26,2124.43 1 0
meditrax/graph/resolvers/generated.go:2124.43,2125.9 1 0
meditrax/graph/resolvers/generated.go:2128.3,2128.62 1 0
meditrax/graph/resolvers/generated.go:2130.19,2131.36 1 0
meditrax/graph/resolvers/generated.go:2131.36,2132.9 1 0
meditrax/graph/resolvers/generated.go:2135.3,2135.55 1 0
meditrax/graph/resolvers/generated.go:2137.21,2138.38 1 0
meditrax/graph/resolvers/generated.go:2138.38,2139.9 1 0
meditrax/graph/resolvers/generated.go:2142.3,2142.57 1 0
meditrax/graph/resolvers/generated.go:2144.25,2145.41 1 0
meditrax/graph/resolvers/generated.go:2145.41,2146.9 1 0
meditrax/graph/resolvers/generated.go:2149.3,2149.60 1 0
meditrax/graph/resolvers/generated.go:2151.34,2152.50 1 0
meditrax/graph/resolvers/generated.go:2152.50,2153.9 1 0
meditrax/graph/resolvers/generated.go:2156.3,2156.69 1 0
meditrax/graph/resolvers/generated.go:2158.36,2159.52 1 0
meditrax/graph/resolvers/generated.go:2159.52,2160.9 1 0
meditrax/graph/resolvers/generated.go:2163.3,2163.71 1 0
meditrax/graph/resolvers/generated.go:2165.35,2166.51 1 0
meditrax/graph/resolvers/generated.go:2166.51,2167.9 1 0
meditrax/graph/resolvers/generated.go:2170.3,2170.70 1 0
meditrax/graph/resolvers/generated.go:2172.28,2173.45 1 0
meditrax/graph/resolvers/generated.go:2173.45,2174.9 1 0
meditrax/graph/resolvers/generated.go:2177.3,2177.64 1 0
meditrax/graph/resolvers/generated.go:2179.33,2180.49 1 0
meditrax/graph/resolvers/generated.go:2180.49,2181.9 1 0
meditrax/graph/resolvers/generated.go:2184.3,2184.68 1 0
meditrax/graph/resolvers/generated.go:2186.39,2187.56 1 0
meditrax/graph/resolvers/generated.go:2187.56,2188.9 1 0
meditrax/graph/resolvers/generated.go:2191.3,2191.75 1 0
meditrax/graph/resolvers/generated.go:2193.40,2194.57 1 0
meditrax/graph/resolvers/generated.go:2194.57,2195.9 1 0
meditrax/graph/resolvers/generated.go:2198.3,2198.76 1 0
meditrax/graph/resolvers/generated.go:2200.49,2201.66 1 0
meditrax/graph/resolvers/generated.go:2201.66,2202.9 1 0
meditrax/graph/resolvers/generated.go:2205.3,2205.85 1 0
meditrax/graph/resolvers/generated.go:2207.38,2208.55 1 0
meditrax/graph/resolvers/generated.go:2208.55,2209.9 1 0
meditrax/graph/resolvers/generated.go:2212.3,2212.74 1 0
meditrax/graph/resolvers/generated.go:2214.38,2215.55 1 0
meditrax/graph/resolvers/generated.go:2215.55,2216.9 1 0
meditrax/graph/resolvers/generated.go:2219.3,2219.74 1 0
meditrax/graph/resolvers/generated.go:2221.33,2222.50 1 0
meditrax/graph/resolvers/generated.go:2222.50,2223.9 1 0
meditrax/graph/resolvers/generated.go:2226.3,2226.69 1 0
meditrax/graph/resolvers/generated.go:2228.40,2229.57 1 0
meditrax/graph/resolvers/generated.go:2229.57,2230.9 1 0
meditrax/graph/resolvers/generated.go:2233.3,2233.76 1 0
meditrax/graph/resolvers/generated.go:2235.33,2236.50 1 0
meditrax/graph/resolvers/generated.go:2236.50,2237.9 1 0
meditrax/graph/resolvers/generated.go:2240.3,2240.69 1 0
meditrax/graph/resolvers/generated.go:2242.35,2243.52 1 0
meditrax/graph/resolvers/generated.go:2243.52,2244.9 1 0
meditrax/graph/resolvers/generated.go:2247.3,2247.71 1 0
meditrax/graph/resolvers/generated.go:2250.2,2250.17 1 0
meditrax/graph/resolvers/generated.go:2253.78,2259.32 5 1
meditrax/graph/resolvers/generated.go:2260.17,2261.54 1 0
meditrax/graph/resolvers/generated.go:2261.54,2264.13 3 0
meditrax/graph/resolvers/generated.go:2264.13,2268.5 3 0
meditrax/graph/resolvers/generated.go:2268.10,2269.50 1 0
meditrax/graph/resolvers/generated.go:2269.50,2276.6 6 0
meditrax/graph/resolvers/generated.go:2276.11,2278.6 1 0
meditrax/graph/resolvers/generated.go:2280.4,2283.42 4 0
meditrax/graph/resolvers/generated.go:2283.42,2286.5 2 0
meditrax/graph/resolvers/generated.go:2288.4,2288.20 1 0
meditrax/graph/resolvers/generated.go:2290.20,2291.54 1 1
meditrax/graph/resolvers/generated.go:2291.54,2292.14 1 1
meditrax/graph/resolvers/generated.go:2292.14,2294.5 1 0
meditrax/graph/resolvers/generated.go:2295.4,2303.5 6 1
meditrax/graph/resolvers/generated.go:2306.10,2307.86 1 0
meditrax/graph/resolvers/generated.go:2319.76,2321.12 2 0
meditrax/graph/resolvers/generated.go:2321.12,2331.31 4 0
meditrax/graph/resolvers/generated.go:2331.31,2333.4 1 0
meditrax/graph/resolvers/generated.go:2334.3,2334.27 1 0
meditrax/graph/resolvers/generated.go:2338.79,2339.29 1 0
meditrax/graph/resolvers/generated.go:2339.29,2341.3 1 0
meditrax/graph/resolvers/generated.go:2342.2,2342.51 1 0
meditrax/graph/resolvers/generated.go:2345.86,2346.29 1 0
meditrax/graph/resolvers/generated.go:2346.29,2348.3 1 0
meditrax/graph/resolvers/generated.go:2349.2,2349.81 1 0
meditrax/graph/resolvers/generated.go:2806.150,2810.16 4 0
meditrax/graph/resolvers/generated.go:2810.16,2812.3 1 0
meditrax/graph/resolvers/generated.go:2813.2,2815.16 3 0
meditrax/graph/resolvers/generated.go:2815.16,2817.3 1 0
meditrax/graph/resolvers/generated.go:2818.2,2820.16 3 0
meditrax/graph/resolvers/generated.go:2820.16,2822.3 1 0
meditrax/graph/resolvers/generated.go:2823.2,2824.18 2 0
meditrax/graph/resolvers/generated.go:2829.19,2831.45 2 0
meditrax/graph/resolvers/generated.go:2831.45,2833.3 1 0
meditrax/graph/resolvers/generated.go:2835.2,2836.21 2 0
meditrax/graph/resolvers/generated.go:2842.19,2844.44 2 0
meditrax/graph/resolvers/generated.go:2844.44,2846.3 1 0
meditrax/graph/resolvers/generated.go:2848.2,2849.21 2 0
meditrax/graph/resolvers/generated.go:2855.19,2857.43 2 0
meditrax/graph/resolvers/generated.go:2857.43,2859.3 1 0
meditrax/graph/resolvers/generated.go:2861.2,2862.21 2 0
meditrax/graph/resolvers/generated.go:2865.150,2869.16 4 0
meditrax/graph/resolvers/generated.go:2869.16,2871.3 1 0
meditrax/graph/resolvers/generated.go:2872.2,2874.16 3 0
meditrax/graph/resolvers/generated.go:2874.16,2876.3 1 0
meditrax/graph/resolvers/generated.go:2877.2,2879.16 3 0
meditrax/graph/resolvers/generated.go:2879.16,2881.3 1 0
meditrax/graph/resolvers/generated.go:2882.2,2884.16 3 0
meditrax/graph/resolvers/generated.go:2884.16,2886.3 1 0
meditrax/graph/resolvers/generated.go:2887.2,2888.18 2 0
meditrax/graph/resolvers/generated.go:2893.19,2895.42 2 0
meditrax/graph/resolvers/generated.go:2895.42,2897.3 1 0
meditrax/graph/resolvers/generated.go:2899.2,2900.21 2 0
meditrax/graph/resolvers/generated.go:2906.20,2908.37 2 0
meditrax/graph/resolvers/generated.go:2908.37,2910.3 1 0
meditrax/graph/resolvers/generated.go:2912.2,2913.21 2 0
meditrax/graph/resolvers/generated.go:2919.19,2921.36 2 0
meditrax/graph/resolvers/generated.go:2921.36,2923.3 1 0
meditrax/graph/resolvers/generated.go:2925.2,2926.21 2 0
meditrax/graph/resolvers/generated.go:2932.19,2934.42 2 0
meditrax/graph/resolvers/generated.go:2934.42,2936.3 1 0
meditrax/graph/resolvers/generated.go:2938.2,2939.21 2 0
meditrax/graph/resolvers/generated.go:2942.151,2946.16 4 0
meditrax/graph/resolvers/generated.go:2946.16,2948.3 1 0
meditrax/graph/resolvers/generated.go:2949.2,2951.16 3 0
meditrax/graph/resolvers/generated.go:2951.16,2953.3 1 0
meditrax/graph/resolvers/generated.go:2954.2,2955.18 2 0
meditrax/graph/resolvers/generated.go:2960.19,2962.42 2 0
meditrax/graph/resolvers/generated.go:2962.42,2964.3 1 0
meditrax/graph/resolvers/generated.go:2966.2,2967.21 2 0
meditrax/graph/resolvers/generated.go:2973.19,2975.39 2 0
meditrax/graph/resolvers/generated.go:2975.39,2977.3 1 0
meditrax/graph/resolvers/generated.go:2979.2,2980.21 2 0
meditrax/graph/resolvers/generated.go:2983.148,2987.16 4 1
meditrax/graph/resolvers/generated.go:2987.16,2989.3 1 0
meditrax/graph/resolvers/generated.go:2990.2,2992.16 3 1
meditrax/graph/resolvers/generated.go:2992.16,2994.3 1 0
meditrax/graph/resolvers/generated.go:2995.2,2997.16 3 1
meditrax/graph/resolvers/generated.go:2997.16,2999.3 1 0
meditrax/graph/resolvers/generated.go:3000.2,3002.16 3 1
meditrax/graph/resolvers/generated.go:3002.16,3004.3 1 0
meditrax/graph/resolvers/generated.go:3005.2,3007.16 3 1
meditrax/graph/resolvers/generated.go:3007.16,3009.3 1 0
meditrax/graph/resolvers/generated.go:3010.2,3011.18 2 1
meditrax/graph/resolvers/generated.go:3016.19,3018.36 2 1
meditrax/graph/resolvers/generated.go:3018.36,3020.3 1 1
meditrax/graph/resolvers/generated.go:3022.2,3023.21 2 0
meditrax/graph/resolvers/generated.go:3029.20,3031.38 2 1
meditrax/graph/resolvers/generated.go:3031.38,3033.3 1 1
meditrax/graph/resolvers/generated.go:3035.2,3036.21 2 0
meditrax/graph/resolvers/generated.go:3042.19,3044.36 2 1
meditrax/graph/resolvers/generated.go:3044.36,3046.3 1 1
meditrax/graph/resolvers/generated.go:3048.2,3049.21 2 0
meditrax/graph/resolvers/generated.go:3055.19,3057.41 2 1
meditrax/graph/resolvers/generated.go:3057.41,3059.3 1 1
meditrax/graph/resolvers/generated.go:3061.2,3062.21 2 0
meditrax/graph/resolvers/generated.go:3068.20,3070.41 2 1
meditrax/graph/resolvers/generated.go:3070.41,3072.3 1 1
meditrax/graph/resolvers/generated.go:3074.2,3075.21 2 0
meditrax/graph/resolvers/generated.go:3078.151,3082.16 4 0
meditrax/graph/resolvers/generated.go:3082.16,3084.3 1 0
meditrax/graph/resolvers/generated.go:3085.2,3086.18 2 0
meditrax/graph/resolvers/generated.go:3091.19,3093.39 2 0
meditrax/graph/resolvers/generated.go:3093.39,3095.3 1 0
meditrax/graph/resolvers/generated.go:3097.2,3098.21 2 0
meditrax/graph/resolvers/generated.go:3101.157,3105.16 4 0
meditrax/graph/resolvers/generated.go:3105.16,3107.3 1 0
meditrax/graph/resolvers/generated.go:3108.2,3110.16 3 0
meditrax/graph/resolvers/generated.go:3110.16,3112.3 1 0
meditrax/graph/resolvers/generated.go:3113.2,3115.16 3 0
meditrax/graph/resolvers/generated.go:3115.16,3117.3 1 0
meditrax/graph/resolvers/generated.go:3118.2,3119.18 2 0
meditrax/graph/resolvers/generated.go:3124.19,3126.36 2 0
meditrax/graph/resolvers/generated.go:3126.36,3128.3 1 0
meditrax/graph/resolvers/generated.go:3130.2,3131.21 2 0
meditrax/graph/resolvers/generated.go:3137.19,3139.43 2 0
meditrax/graph/resolvers/generated.go:3139.43,3141.3 1 0
meditrax/graph/resolvers/generated.go:3143.2,3144.21 2 0
meditrax/graph/resolvers/generated.go:3150.19,3152.39 2 0
meditrax/graph/resolvers/generated.go:3152.39,3154.3 1 0
meditrax/graph/resolvers/generated.go:3156.2,3157.21 2 0
meditrax/graph/resolvers/generated.go:3160.161,3164.16 4 0
meditrax/graph/resolvers/generated.go:3164.16,3166.3 1 0
meditrax/graph/resolvers/generated.go:3167.2,3168.18 2 0
meditrax/graph/resolvers/generated.go:3173.19,3175.49 2 0
meditrax/graph/resolvers/generated.go:3175.49,3177.3 1 0
meditrax/graph/resolvers/generated.go:3179.2,3180.21 2 0
meditrax/graph/resolvers/generated.go:3183.159,3187.16 4 0
meditrax/graph/resolvers/generated.go:3187.16,3189.3 1 0
meditrax/graph/resolvers/generated.go:3190.2,3192.16 3 0
meditrax/graph/resolvers/generated.go:3192.16,3194.3 1 0
meditrax/graph/resolvers/generated.go:3195.2,3196.18 2 0
meditrax/graph/resolvers/generated.go:3201.19,3203.44 2 0
meditrax/graph/resolvers/generated.go:3203.44,3205.3 1 0
meditrax/graph/resolvers/generated.go:3207.2,3208.21 2 0
meditrax/graph/resolvers/generated.go:3214.19,3216.44 2 0
meditrax/graph/resolvers/generated.go:3216.44,3218.3 1 0
meditrax/graph/resolvers/generated.go:3220.2,3221.21 2 0
meditrax/graph/resolvers/generated.go:3224.158,3228.16 4 0
meditrax/graph/resolvers/generated.go:3228.16,3230.3 1 0
meditrax/graph/resolvers/generated.go:3231.2,3233.16 3 0
meditrax/graph/resolvers/generated.go:3233.16,3235.3 1 0
meditrax/graph/resolvers/generated.go:3236.2,3238.16 3 0
meditrax/graph/resolvers/generated.go:3238.16,3240.3 1 0
meditrax/graph/resolvers/generated.go:3241.2,3243.16 3 0
meditrax/graph/resolvers/generated.go:3243.16,3245.3 1 0
meditrax/graph/resolvers/generated.go:3246.2,3247.18 2 0
meditrax/graph/resolvers/generated.go:3252.19,3254.45 2 0
meditrax/graph/resolvers/generated.go:3254.45,3256.3 1 0
meditrax/graph/resolvers/generated.go:3258.2,3259.21 2 0
meditrax/graph/resolvers/generated.go:3265.19,3267.45 2 0
meditrax/graph/resolvers/generated.go:3267.45,3269.3 1 0
meditrax/graph/resolvers/generated.go:3271.2,3272.21 2 0
meditrax/graph/resolvers/generated.go:3278.19,3280.40 2 0
meditrax/graph/resolvers/generated.go:3280.40,3282.3 1 0
meditrax/graph/resolvers/generated.go:3284.2,3285.21 2 0
meditrax/graph/resolvers/generated.go:3291.20,3293.37 2 0
meditrax/graph/resolvers/generated.go:3293.37,3295.3 1 0
meditrax/graph/resolvers/generated.go:3297.2,3298.21 2 0
meditrax/graph/resolvers/generated.go:3301.145,3305.16 4 1
meditrax/graph/resolvers/generated.go:3305.16,3307.3 1 0
meditrax/graph/resolvers/generated.go:3308.2,3310.16 3 1
meditrax/graph/resolvers/generated.go:3310.16,3312.3 1 0
meditrax/graph/resolvers/generated.go:3313.2,3315.16 3 1
meditrax/graph/resolvers/generated.go:3315.16,3317.3 1 0
meditrax/graph/resolvers/generated.go:3318.2,3320.16 3 1
meditrax/graph/resolvers/generated.go:3320.16,3322.3 1 0
meditrax/graph/resolvers/generated.go:3323.2,3324.18 2 1
meditrax/graph/resolvers/generated.go:3329.19,3331.43 2 1
meditrax/graph/resolvers/generated.go:3331.43,3333.3 1 1
meditrax/graph/resolvers/generated.go:3335.2,3336.21 2 0
meditrax/graph/resolvers/generated.go:3342.19,3344.40 2 1
meditrax/graph/resolvers/generated.go:3344.40,3346.3 1 1
meditrax/graph/resolvers/generated.go:3348.2,3349.21 2 0
meditrax/graph/resolvers/generated.go:3355.19,3357.40 2 1
meditrax/graph/resolvers/generated.go:3357.40,3359.3 1 1
meditrax/graph/resolvers/generated.go:3361.2,3362.21 2 0
meditrax/graph/resolvers/generated.go:3368.19,3370.36 2 1
meditrax/graph/resolvers/generated.go:3370.36,3372.3 1 1
meditrax/graph/resolvers/generated.go:3374.2,3375.21 2 0
meditrax/graph/resolvers/generated.go:3378.153,3382.16 4 0
meditrax/graph/resolvers/generated.go:3382.16,3384.3 1 0
meditrax/graph/resolvers/generated.go:3385.2,3386.18 2 0
meditrax/graph/resolvers/generated.go:3391.19,3393.40 2 0
meditrax/graph/resolvers/generated.go:3393.40,3395.3 1 0
meditrax/graph/resolvers/generated.go:3397.2,3398.21 2 0
meditrax/graph/resolvers/generated.go:3401.153,3405.16 4 0
meditrax/graph/resolvers/generated.go:3405.16,3407.3 1 0
meditrax/graph/resolvers/generated.go:3408.2,3409.18 2 0
meditrax/graph/resolvers/generated.go:3414.19,3416.40 2 0
meditrax/graph/resolvers/generated.go:3416.40,3418.3 1 0
meditrax/graph/resolvers/generated.go:3420.2,3421.21 2 0
meditrax/graph/resolvers/generated.go:3424.154,3428.16 4 0
meditrax/graph/resolvers/generated.go:3428.16,3430.3 1 0
meditrax/graph/resolvers/generated.go:3431.2,3432.18 2 0
meditrax/graph/resolvers/generated.go:3437.19,3439.40 2 0
meditrax/graph/resolvers/generated.go:3439.40,3441.3 1 0
meditrax/graph/resolvers/generated.go:3443.2,3444.21 2 0
meditrax/graph/resolvers/generated.go:3447.159,3451.16 4 0
meditrax/graph/resolvers/generated.go:3451.16,3453.3 1 0
meditrax/graph/resolvers/generated.go:3454.2,3455.18 2 0
meditrax/graph/resolvers/generated.go:3460.19,3462.42 2 0
meditrax/graph/resolvers/generated.go:3462.42,3464.3 1 0
meditrax/graph/resolvers/generated.go:3466.2,3467.21 2 0
meditrax/graph/resolvers/generated.go:3470.151,3474.16 4 0
meditrax/graph/resolvers/generated.go:3474.16,3476.3 1 0
meditrax/graph/resolvers/generated.go:3477.2,3478.18 2 0
meditrax/graph/resolvers/generated.go:3483.19,3485.44 2 0
meditrax/graph/resolvers/generated.go:3485.44,3487.3 1 0
meditrax/graph/resolvers/generated.go:3489.2,3490.21 2 0
meditrax/graph/resolvers/generated.go:3493.158,3497.16 4 0
meditrax/graph/resolvers/generated.go:3497.16,3499.3 1 0
meditrax/graph/resolvers/generated.go:3500.2,3501.18 2 0
meditrax/graph/resolvers/generated.go:3506.19,3508.42 2 0
meditrax/graph/resolvers/generated.go:3508.42,3510.3 1 0
meditrax/graph/resolvers/generated.go:3512.2,3513.21 2 0
meditrax/graph/resolvers/generated.go:3516.144,3520.16 4 1
meditrax/graph/resolvers/generated.go:3520.16,3522.3 1 0
meditrax/graph/resolvers/generated.go:3523.2,3525.16 3 1
meditrax/graph/resolvers/generated.go:3525.16,3527.3 1 0
meditrax/graph/resolvers/generated.go:3528.2,3529.18 2 1
meditrax/graph/resolvers/generated.go:3534.19,3536.43 2 1
meditrax/graph/resolvers/generated.go:3536.43,3538.3 1 1
meditrax/graph/resolvers/generated.go:3540.2,3541.21 2 0
meditrax/graph/resolvers/generated.go:3547.19,3549.40 2 1
meditrax/graph/resolvers/generated.go:3549.40,3551.3 1 1
meditrax/graph/resolvers/generated.go:3553.2,3554.21 2 0
meditrax/graph/resolvers/generated.go:3557.147,3561.16 4 0
meditrax/graph/resolvers/generated.go:3561.16,3563.3 1 0
meditrax/graph/resolvers/generated.go:3564.2,3566.16 3 0
meditrax/graph/resolvers/generated.go:3566.16,3568.3 1 0
meditrax/graph/resolvers/generated.go:3569.2,3571.16 3 0
meditrax/graph/resolvers/generated.go:3571.16,3573.3 1 0
meditrax/graph/resolvers/generated.go:3574.2,3575.18 2 0
meditrax/graph/resolvers/generated.go:3580.19,3582.43 2 0
meditrax/graph/resolvers/generated.go:3582.43,3584.3 1 0
meditrax/graph/resolvers/generated.go:3586.2,3587.21 2 0
meditrax/graph/resolvers/generated.go:3593.19,3595.44 2 0
meditrax/graph/resolvers/generated.go:3595.44,3597.3 1 0
meditrax/graph/resolvers/generated.go:3599.2,3600.21 2 0
meditrax/graph/resolvers/generated.go:3606.19,3608.38 2 0
meditrax/graph/resolvers/generated.go:3608.38,3610.3 1 0
meditrax/graph/resolvers/generated.go:3612.2,3613.21 2 0
meditrax/graph/resolvers/generated.go:3616.155,3620.16 4 0
meditrax/graph/resolvers/generated.go:3620.16,3622.3 1 0
meditrax/graph/resolvers/generated.go:3623.2,3624.18 2 0
meditrax/graph/resolvers/generated.go:3629.19,3631.43 2 0
meditrax/graph/resolvers/generated.go:3631.43,3633.3 1 0
meditrax/graph/resolvers/generated.go:3635.2,3636.21 2 0
meditrax/graph/resolvers/generated.go:3639.148,3643.16 4 0
meditrax/graph/resolvers/generated.go:3643.16,3645.3 1 0
meditrax/graph/resolvers/generated.go:3646.2,3648.16 3 0
meditrax/graph/resolvers/generated.go:3648.16,3650.3 1 0
meditrax/graph/resolvers/generated.go:3651.2,3652.18 2 0
meditrax/graph/resolvers/generated.go:3657.19,3659.37 2 0
meditrax/graph/resolvers/generated.go:3659.37,3661.3 1 0
meditrax/graph/resolvers/generated.go:3663.2,3664.21 2 0
meditrax/graph/resolvers/generated.go:3670.19,3672.43 2 0
meditrax/graph/resolvers/generated.go:3672.43,3674.3 1 0
meditrax/graph/resolvers/generated.go:3676.2,3677.21 2 0
meditrax/graph/resolvers/generated.go:3680.153,3684.16 4 0
meditrax/graph/resolvers/generated.go:3684.16,3686.3 1 0
meditrax/graph/resolvers/generated.go:3687.2,3689.16 3 0
meditrax/graph/resolvers/generated.go:3689.16,3691.3 1 0
meditrax/graph/resolvers/generated.go:3692.2,3694.16 3 0
meditrax/graph/resolvers/generated.go:3694.16,3696.3 1 0
meditrax/graph/resolvers/generated.go:3697.2,3698.18 2 0
meditrax/graph/resolvers/generated.go:3703.19,3705.40 2 0
meditrax/graph/resolvers/generated.go:3705.40,3707.3 1 0
meditrax/graph/resolvers/generated.go:3709.2,3710.21 2 0
meditrax/graph/resolvers/generated.go:3716.20,3718.44 2 0
meditrax/graph/resolvers/generated.go:3718.44,3720.3 1 0
meditrax/graph/resolvers/generated.go:3722.2,3723.21 2 0
meditrax/graph/resolvers/generated.go:3729.20,3731.43 2 0
meditrax/graph/resolvers/generated.go:3731.43,3733.3 1 0
meditrax/graph/resolvers/generated.go:3735.2,3736.21 2 0
meditrax/graph/resolvers/generated.go:3739.153,3743.16 4 0
meditrax/graph/resolvers/generated.go:3743.16,3745.3 1 0
meditrax/graph/resolvers/generated.go:3746.2,3748.16 3 0
meditrax/graph/resolvers/generated.go:3748.16,3750.3 1 0
meditrax/graph/resolvers/generated.go:3751.2,3753.16 3 0
meditrax/graph/resolvers/generated.go:3753.16,3755.3 1 0
meditrax/graph/resolvers/generated.go:3756.2,3757.18 2 0
meditrax/graph/resolvers/generated.go:3762.19,3764.40 2 0
meditrax/graph/resolvers/generated.go:3764.40,3766.3 1 0
meditrax/graph/resolvers/generated.go:3768.2,3769.21 2 0
meditrax/graph/resolvers/generated.go:3775.21,3777.37 2 0
meditrax/graph/resolvers/generated.go:3777.37,3779.3 1 0
meditrax/graph/resolvers/generated.go:3781.2,3782.21 2 0
meditrax/graph/resolvers/generated.go:3788.20,3790.36 2 0
meditrax/graph/resolvers/generated.go:3790.36,3792.3 1 0
meditrax/graph/resolvers/generated.go:3794.2,3795.21 2 0
meditrax/graph/resolvers/generated.go:3798.161,3802.16 4 0
meditrax/graph/resolvers/generated.go:3802.16,3804.3 1 0
meditrax/graph/resolvers/generated.go:3805.2,3807.16 3 0
meditrax/graph/resolvers/generated.go:3807.16,3809.3 1 0
meditrax/graph/resolvers/generated.go:3810.2,3811.18 2 0
meditrax/graph/resolvers/generated.go:3816.19,3818.44 2 0
meditrax/graph/resolvers/generated.go:3818.44,3820.3 1 0
meditrax/graph/resolvers/generated.go:3822.2,3823.21 2 0
meditrax/graph/resolvers/generated.go:3829.19,3831.49 2 0
meditrax/graph/resolvers/generated.go:3831.49,3833.3 1 0
meditrax/graph/resolvers/generated.go:3835.2,3836.21 2 0
meditrax/graph/resolvers/generated.go:3839.154,3843.16 4 0
meditrax/graph/resolvers/generated.go:3843.16,3845.3 1 0
meditrax/graph/resolvers/generated.go:3846.2,3848.16 3 0
meditrax/graph/resolvers/generated.go:3848.16,3850.3 1 0
meditrax/graph/resolvers/generated.go:3851.2,3853.16 3 0
meditrax/graph/resolvers/generated.go:3853.16,3855.3 1 0
meditrax/graph/resolvers/generated.go:3856.2,3857.18 2 0
meditrax/graph/resolvers/generated.go:3862.19,3864.40 2 0
meditrax/graph/resolvers/generated.go:3864.40,3866.3 1 0
meditrax/graph/resolvers/generated.go:3868.2,3869.21 2 0
meditrax/graph/resolvers/generated.go:3875.20,3877.42 2 0
meditrax/graph/resolvers/generated.go:3877.42,3879.3 1 0
meditrax/graph/resolvers/generated.go:3881.2,3882.21 2 0
meditrax/graph/resolvers/generated.go:3888.20,3890.39 2 0
meditrax/graph/resolvers/generated.go:3890.39,3892.3 1 0
meditrax/graph/resolvers/generated.go:3894.2,3895.21 2 0
meditrax/graph/resolvers/generated.go:3898.159,3902.16 4 0
meditrax/graph/resolvers/generated.go:3902.16,3904.3 1 0
meditrax/graph/resolvers/generated.go:3905.2,3907.16 3 0
meditrax/graph/resolvers/generated.go:3907.16,3909.3 1 0
meditrax/graph/resolvers/generated.go:3910.2,3912.16 3 0
meditrax/graph/resolvers/generated.go:3912.16,3914.3 1 0
meditrax/graph/resolvers/generated.go:3915.2,3916.18 2 0
meditrax/graph/resolvers/generated.go:3921.19,3923.42 2 0
meditrax/graph/resolvers/generated.go:3923.42,3925.3 1 0
meditrax/graph/resolvers/generated.go:3927.2,3928.21 2 0
meditrax/graph/resolvers/generated.go:3934.20,3936.44 2 0
meditrax/graph/resolvers/generated.go:3936.44,3938.3 1 0
meditrax/graph/resolvers/generated.go:3940.2,3941.21 2 0
meditrax/graph/resolvers/generated.go:3947.18,3949.39 2 0
meditrax/graph/resolvers/generated.go:3949.39,3951.3 1 0
meditrax/graph/resolvers/generated.go:3953.2,3954.21 2 0
meditrax/graph/resolvers/generated.go:3957.151,3961.16 4 0
meditrax/graph/resolvers/generated.go:3961.16,3963.3 1 0
meditrax/graph/resolvers/generated.go:3964.2,3966.16 3 0
meditrax/graph/resolvers/generated.go:3966.16,3968.3 1 0
meditrax/graph/resolvers/generated.go:3969.2,3971.16 3 0
meditrax/graph/resolvers/generated.go:3971.16,3973.3 1 0
meditrax/graph/resolvers/generated.go:3974.2,3976.16 3 0
meditrax/graph/resolvers/generated.go:3976.16,3978.3 1 0
meditrax/graph/resolvers/generated.go:3979.2,3981.16 3 0
meditrax/graph/resolvers/generated.go:3981.16,3983.3 1 0
meditrax/graph/resolvers/generated.go:3984.2,3986.16 3 0
meditrax/graph/resolvers/generated.go:3986.16,3988.3 1 0
meditrax/graph/resolvers/generated.go:3989.2,3990.18 2 0
meditrax/graph/resolvers/generated.go:3995.19,3997.44 2 0
meditrax/graph/resolvers/generated.go:3997.44,3999.3 1 0
meditrax/graph/resolvers/generated.go:4001.2,4002.21 2 0
meditrax/graph/resolvers/generated.go:4008.20,4010.36 2 0
meditrax/graph/resolvers/generated.go:4010.36,4012.3 1 0
meditrax/graph/resolvers/generated.go:4014.2,4015.21 2 0
meditrax/graph/resolvers/generated.go:4021.21,4023.38 2 0
meditrax/graph/resolvers/generated.go:4023.38,4025.3 1 0
meditrax/graph/resolvers/generated.go:4027.2,4028.21 2 0
meditrax/graph/resolvers/generated.go:4034.20,4036.36 2 0
meditrax/graph/resolvers/generated.go:4036.36,4038.3 1 0
meditrax/graph/resolvers/generated.go:4040.2,4041.21 2 0
meditrax/graph/resolvers/generated.go:4047.20,4049.41 2 0
meditrax/graph/resolvers/generated.go:4049.41,4051.3 1 0
meditrax/graph/resolvers/generated.go:4053.2,4054.21 2 0
meditrax/graph/resolvers/generated.go:4060.21,4062.41 2 0
meditrax/graph/resolvers/generated.go:4062.41,4064.3 1 0
meditrax/graph/resolvers/generated.go:4066.2,4067.21 2 0
meditrax/graph/resolvers/generated.go:4070.158,4074.16 4 0
meditrax/graph/resolvers/generated.go:4074.16,4076.3 1 0
meditrax/graph/resolvers/generated.go:4077.2,4079.16 3 0
meditrax/graph/resolvers/generated.go:4079.16,4081.3 1 0
meditrax/graph/resolvers/generated.go:4082.2,4084.16 3 0
meditrax/graph/resolvers/generated.go:4084.16,4086.3 1 0
meditrax/graph/resolvers/generated.go:4087.2,4089.16 3 0
meditrax/graph/resolvers/generated.go:4089.16,4091.3 1 0
meditrax/graph/resolvers/generated.go:4092.2,4094.16 3 0
meditrax/graph/resolvers/generated.go:4094.16,4096.3 1 0
meditrax/graph/resolvers/generated.go:4097.2,4098.18 2 0
meditrax/graph/resolvers/generated.go:4103.19,4105.42 2 0
meditrax/graph/resolvers/generated.go:4105.42,4107.3 1 0
meditrax/graph/resolvers/generated.go:4109.2,4110.21 2 0
meditrax/graph/resolvers/generated.go:4116.20,4118.45 2 0
meditrax/graph/resolvers/generated.go:4118.45,4120.3 1 0
meditrax/graph/resolvers/generated.go:4122.2,4123.21 2 0
meditrax/graph/resolvers/generated.go:4129.20,4131.45 2 0
meditrax/graph/resolvers/generated.go:4131.45,4133.3 1 0
meditrax/graph/resolvers/generated.go:4135.2,4136.21 2 0
meditrax/graph/resolvers/generated.go:4142.20,4144.40 2 0
meditrax/graph/resolvers/generated.go:4144.40,4146.3 1 0
meditrax/graph/resolvers/generated.go:4148.2,4149.21 2 0
meditrax/graph/resolvers/generated.go:4155.20,4157.37 2 0
meditrax/graph/resolvers/generated.go:4157.37,4159.3 1 0
meditrax/graph/resolvers/generated.go:4161.2,4162.21 2 0
meditrax/graph/resolvers/generated.go:4165.145,4169.16 4 0
meditrax/graph/resolvers/generated.go:4169.16,4171.3 1 0
meditrax/graph/resolvers/generated.go:4172.2,4174.16 3 0
meditrax/graph/resolvers/generated.go:4174.16,4176.3 1 0
meditrax/graph/resolvers/generated.go:4177.2,4179.16 3 0
meditrax/graph/resolvers/generated.go:4179.16,4181.3 1 0
meditrax/graph/resolvers/generated.go:4182.2,4183.18 2 0
meditrax/graph/resolvers/generated.go:4188.20,4190.36 2 0
meditrax/graph/resolvers/generated.go:4190.36,4192.3 1 0
meditrax/graph/resolvers/generated.go:4194.2,4195.21 2 0
meditrax/graph/resolvers/generated.go:4201.20,4203.43 2 0
meditrax/graph/resolvers/generated.go:4203.43,4205.3 1 0
meditrax/graph/resolvers/generated.go:4207.2,4208.21 2 0
meditrax/graph/resolvers/generated.go:4214.20,4216.40 2 0
meditrax/graph/resolvers/generated.go:4216.40,4218.3 1 0
meditrax/graph/resolvers/generated.go:4220.2,4221.21 2 0
meditrax/graph/resolvers/generated.go:4224.138,4228.16 4 0
meditrax/graph/resolvers/generated.go:4228.16,4230.3 1 0
meditrax/graph/resolvers/generated.go:4231.2,4232.18 2 0
meditrax/graph/resolvers/generated.go:4237.19,4239.36 2 0
meditrax/graph/resolvers/generated.go:4239.36,4241.3 1 0
meditrax/graph/resolvers/generated.go:4243.2,4244.21 2 0
meditrax/graph/resolvers/generated.go:4247.144,4251.16 4 0
meditrax/graph/resolvers/generated.go:4251.16,4253.3 1 0
meditrax/graph/resolvers/generated.go:4254.2,4255.18 2 0
meditrax/graph/resolvers/generated.go:4260.19,4262.36 2 0
meditrax/graph/resolvers/generated.go:4262.36,4264.3 1 0
meditrax/graph/resolvers/generated.go:4266.2,4267.21 2 0
meditrax/graph/resolvers/generated.go:4270.148,4274.16 4 0
meditrax/graph/resolvers/generated.go:4274.16,4276.3 1 0
meditrax/graph/resolvers/generated.go:4277.2,4279.16 3 0
meditrax/graph/resolvers/generated.go:4279.16,4281.3 1 0
meditrax/graph/resolvers/generated.go:4282.2,4284.16 3 0
meditrax/graph/resolvers/generated.go:4284.16,4286.3 1 0
meditrax/graph/resolvers/generated.go:4287.2,4288.18 2 0
meditrax/graph/resolvers/generated.go:4293.20,4295.41 2 0
meditrax/graph/resolvers/generated.go:4295.41,4297.3 1 0
meditrax/graph/resolvers/generated.go:4299.2,4300.21 2 0
meditrax/graph/resolvers/generated.go:4306.20,4308.39 2 0
meditrax/graph/resolvers/generated.go:4308.39,4310.3 1 0
meditrax/graph/resolvers/generated.go:4312.2,4313.21 2 0
meditrax/graph/resolvers/generated.go:4319.20,4321.42 2 0
meditrax/graph/resolvers/generated.go:4321.42,4323.3 1 0
meditrax/graph/resolvers/generated.go:4325.2,4326.21 2 0
meditrax/graph/resolvers/generated.go:4329.148,4333.16 4 0
meditrax/graph/resolvers/generated.go:4333.16,4335.3 1 0
meditrax/graph/resolvers/generated.go:4336.2,4337.18 2 0
meditrax/graph/resolvers/generated.go:4342.19,4344.36 2 0
meditrax/graph/resolvers/generated.go:4344.36,4346.3 1 0
meditrax/graph/resolvers/generated.go:4348.2,4349.21 2 0
meditrax/graph/resolvers/generated.go:4352.143,4356.16 4 0
meditrax/graph/resolvers/generated.go:4356.16,4358.3 1 0
meditrax/graph/resolvers/generated.go:4359.2,4360.18 2 0
meditrax/graph/resolvers/generated.go:4365.17,4367.49 2 0
meditrax/graph/resolvers/generated.go:4367.49,4369.3 1 0
meditrax/graph/resolvers/generated.go:4371.2,4372.21 2 0
meditrax/graph/resolvers/generated.go:4375.139,4379.16 4 0
meditrax/graph/resolvers/generated.go:4379.16,4381.3 1 0
meditrax/graph/resolvers/generated.go:4382.2,4383.18 2 0
meditrax/graph/resolvers/generated.go:4388.17,4390.49 2 0
meditrax/graph/resolvers/generated.go:4390.49,4392.3 1 0
meditrax/graph/resolvers/generated.go:4394.2,4395.21 2 0
meditrax/graph/resolvers/generated.go:4406.154,4408.16 2 0
meditrax/graph/resolvers/generated.go:4408.16,4410.3 1 0
meditrax/graph/resolvers/generated.go:4411.2,4412.15 2 0
meditrax/graph/resolvers/generated.go:4412.15,4413.31 1 0
meditrax/graph/resolvers/generated.go:4413.31,4416.4 2 0
meditrax/graph/resolvers/generated.go:4418.2,4418.92 1 0
meditrax/graph/resolvers/generated.go:4418.92,4421.3 2 0
meditrax/graph/resolvers/generated.go:4422.2,4422.16 1 0
meditrax/graph/resolvers/generated.go:4422.16,4425.3 2 0
meditrax/graph/resolvers/generated.go:4426.2,4426.19 1 0
meditrax/graph/resolvers/generated.go:4426.19,4427.38 1 0
meditrax/graph/resolvers/generated.go:4427.38,4429.4 1 0
meditrax/graph/resolvers/generated.go:4430.3,4430.22 1 0
meditrax/graph/resolvers/generated.go:4432.2,4434.61 3 0
meditrax/graph/resolvers/generated.go:4437.149,4443.97 1 0
meditrax/graph/resolvers/generated.go:4443.97,4445.4 1 0
meditrax/graph/resolvers/generated.go:4447.2,4447.16 1 0
meditrax/graph/resolvers/generated.go:4450.156,4452.16 2 0
meditrax/graph/resolvers/generated.go:4452.16,4454.3 1 0
meditrax/graph/resolvers/generated.go:4455.2,4456.15 2 0
meditrax/graph/resolvers/generated.go:4456.15,4457.31 1 0
meditrax/graph/resolvers/generated.go:4457.31,4460.4 2 0
meditrax/graph/resolvers/generated.go:4462.2,4462.92 1 0
meditrax/graph/resolvers/generated.go:4462.92,4465.3 2 0
meditrax/graph/resolvers/generated.go:4466.2,4466.16 1 0
meditrax/graph/resolvers/generated.go:4466.16,4469.3 2 0
meditrax/graph/resolvers/generated.go:4470.2,4470.19 1 0
meditrax/graph/resolvers/generated.go:4470.19,4471.38 1 0
meditrax/graph/resolvers/generated.go:4471.38,4473.4 1 0
meditrax/graph/resolvers/generated.go:4474.3,4474.22 1 0
meditrax/graph/resolvers/generated.go:4476.2,4478.61 3 0
meditrax/graph/resolvers/generated.go:4481.151,4487.97 1 0
meditrax/graph/resolvers/generated.go:4487.97,4489.4 1 0
meditrax/graph/resolvers/generated.go:4491.2,4491.16 1 0
meditrax/graph/resolvers/generated.go:4494.163,4496.16 2 0
meditrax/graph/resolvers/generated.go:4496.16,4498.3 1 0
meditrax/graph/resolvers/generated.go:4499.2,4500.15 2 0
meditrax/graph/resolvers/generated.go:4500.15,4501.31 1 0
meditrax/graph/resolvers/generated.go:4501.31,4504.4 2 0
meditrax/graph/resolvers/generated.go:4506.2,4506.92 1 0
meditrax/graph/resolvers/generated.go:4506.92,4509.3 2 0
meditrax/graph/resolvers/generated.go:4510.2,4510.16 1 0
meditrax/graph/resolvers/generated.go:4510.16,4513.3 2 0
meditrax/graph/resolvers/generated.go:4514.2,4514.19 1 0
meditrax/graph/resolvers/generated.go:4514.19,4515.38 1 0
meditrax/graph/resolvers/generated.go:4515.38,4517.4 1 0
meditrax/graph/resolvers/generated.go:4518.3,4518.22 1 0
meditrax/graph/resolvers/generated.go:4520.2,4522.61 3 0
meditrax/graph/resolvers/generated.go:4525.158,4531.97 1 0
meditrax/graph/resolvers/generated.go:4531.97,4533.4 1 0
meditrax/graph/resolvers/generated.go:4535.2,4535.16 1 0
meditrax/graph/resolvers/generated.go:4538.160,4540.16 2 0
meditrax/graph/resolvers/generated.go:4540.16,4542.3 1 0
meditrax/graph/resolvers/generated.go:4543.2,4544.15 2 0
meditrax/graph/resolvers/generated.go:4544.15,4545.31 1 0
meditrax/graph/resolvers/generated.go:4545.31,4548.4 2 0
meditrax/graph/resolvers/generated.go:4550.2,4550.92 1 0
meditrax/graph/resolvers/generated.go:4550.92,4553.3 2 0
meditrax/graph/resolvers/generated.go:4554.2,4554.16 1 0
meditrax/graph/resolvers/generated.go:4554.16,4557.3 2 0
meditrax/graph/resolvers/generated.go:4558.2,4558.19 1 0
meditrax/graph/resolvers/generated.go:4558.19,4559.38 1 0
meditrax/graph/resolvers/generated.go:4559.38,4561.4 1 0
meditrax/graph/resolvers/generated.go:4562.3,4562.22 1 0
meditrax/graph/resolvers/generated.go:4564.2,4566.61 3 0
meditrax/graph/resolvers/generated.go:4569.155,4575.97 1 0
meditrax/graph/resolvers/generated.go:4575.97,4577.4 1 0
meditrax/graph/resolvers/generated.go:4579.2,4579.16 1 0
meditrax/graph/resolvers/generated.go:4582.162,4584.16 2 0
meditrax/graph/resolvers/generated.go:4584.16,4586.3 1 0
meditrax/graph/resolvers/generated.go:4587.2,4588.15 2 0
meditrax/graph/resolvers/generated.go:4588.15,4589.31 1 0
meditrax/graph/resolvers/generated.go:4589.31,4592.4 2 0
meditrax/graph/resolvers/generated.go:4594.2,4594.92 1 0
meditrax/graph/resolvers/generated.go:4594.92,4597.3 2 0
meditrax/graph/resolvers/generated.go:4598.2,4598.16 1 0
meditrax/graph/resolvers/generated.go:4598.16,4601.3 2 0
meditrax/graph/resolvers/generated.go:4602.2,4602.19 1 0
meditrax/graph/resolvers/generated.go:4602.19,4603.38 1 0
meditrax/graph/resolvers/generated.go:4603.38,4605.4 1 0
meditrax/graph/resolvers/generated.go:4606.3,4606.22 1 0
meditrax/graph/resolvers/generated.go:4608.2,4610.63 3 0
meditrax/graph/resolvers/generated.go:4613.157,4619.97 1 0
meditrax/graph/resolvers/generated.go:4619.97,4621.4 1 0
meditrax/graph/resolvers/generated.go:4623.2,4623.16 1 0
meditrax/graph/resolvers/generated.go:4626.171,4628.16 2 0
meditrax/graph/resolvers/generated.go:4628.16,4630.3 1 0
meditrax/graph/resolvers/generated.go:4631.2,4632.15 2 0
meditrax/graph/resolvers/generated.go:4632.15,4633.31 1 0
meditrax/graph/resolvers/generated.go:4633.31,4636.4 2 0
meditrax/graph/resolvers/generated.go:4638.2,4638.92 1 0
meditrax/graph/resolvers/generated.go:4638.92,4641.3 2 0
meditrax/graph/resolvers/generated.go:4642.2,4642.16 1 0
meditrax/graph/resolvers/generated.go:4642.16,4645.3 2 0
meditrax/graph/resolvers/generated.go:4646.2,4646.19 1 0
meditrax/graph/resolvers/generated.go:4646.19,4647.38 1 0
meditrax/graph/resolvers/generated.go:4647.38,4649.4 1 0
meditrax/graph/resolvers/generated.go:4650.3,4650.22 1 0
meditrax/graph/resolvers/generated.go:4652.2,4654.61 3 0
meditrax/graph/resolvers/generated.go:4657.160,4663.97 1 0
meditrax/graph/resolvers/generated.go:4663.97,4665.4 1 0
meditrax/graph/resolvers/generated.go:4667.2,4667.16 1 0
meditrax/graph/resolvers/generated.go:4670.168,4672.16 2 0
meditrax/graph/resolvers/generated.go:4672.16,4674.3 1 0
meditrax/graph/resolvers/generated.go:4675.2,4676.15 2 0
meditrax/graph/resolvers/generated.go:4676.15,4677.31 1 0
meditrax/graph/resolvers/generated.go:4677.31,4680.4 2 0
meditrax/graph/resolvers/generated.go:4682.2,4682.92 1 0
meditrax/graph/resolvers/generated.go:4682.92,4685.3 2 0
meditrax/graph/resolvers/generated.go:4686.2,4686.16 1 0
meditrax/graph/resolvers/generated.go:4686.16,4689.3 2 0
meditrax/graph/resolvers/generated.go:4690.2,4690.19 1 0
meditrax/graph/resolvers/generated.go:4690.19,4691.38 1 0
meditrax/graph/resolvers/generated.go:4691.38,4693.4 1 0
meditrax/graph/resolvers/generated.go:4694.3,4694.22 1 0
meditrax/graph/resolvers/generated.go:4696.2,4698.61 3 0
meditrax/graph/resolvers/generated.go:4701.157,4707.97 1 0
meditrax/graph/resolvers/generated.go:4707.97,4709.4 1 0
[...]
meditrax/graph/resolvers/medications.resolvers.go:295.17,297.3 1 0
meditrax/graph/resolvers/medications.resolvers.go:300.2,300.55 1 0
meditrax/graph/resolvers/medications.resolvers.go:300.55,302.3 1 0
meditrax/graph/resolvers/medications.resolvers.go:305.2,312.16 2 0
meditrax/graph/resolvers/medications.resolvers.go:312.16,314.3 1 0
meditrax/graph/resolvers/medications.resolvers.go:315.2,316.16 2 0
meditrax/graph/resolvers/medications.resolvers.go:316.16,318.3 1 0
meditrax/graph/resolvers/medications.resolvers.go:319.2,319.24 1 0
meditrax/graph/resolvers/medications.resolvers.go:319.24,321.3 1 0
meditrax/graph/resolvers/medications.resolvers.go:324.2,327.20 2 0
meditrax/graph/resolvers/medications.resolvers.go:327.20,328.37 1 0
meditrax/graph/resolvers/medications.resolvers.go:328.37,336.18 2 0
meditrax/graph/resolvers/medications.resolvers.go:336.18,338.5 1 0
meditrax/graph/resolvers/medications.resolvers.go:341.4,342.18 2 0
meditrax/graph/resolvers/medications.resolvers.go:342.18,344.5 1 0
meditrax/graph/resolvers/medications.resolvers.go:345.4,345.29 1 0
meditrax/graph/resolvers/medications.resolvers.go:345.29,347.5 1 0
meditrax/graph/resolvers/medications.resolvers.go:350.4,352.25 2 0
meditrax/graph/resolvers/medications.resolvers.go:352.25,354.5 1 0
meditrax/graph/resolvers/medications.resolvers.go:357.4,364.18 2 0
meditrax/graph/resolvers/medications.resolvers.go:364.18,366.5 1 0
meditrax/graph/resolvers/medications.resolvers.go:371.2,375.25 3 0
meditrax/graph/resolvers/medications.resolvers.go:375.25,378.3 2 0
meditrax/graph/resolvers/medications.resolvers.go:379.2,379.20 1 0
meditrax/graph/resolvers/medications.resolvers.go:379.20,382.3 2 0
meditrax/graph/resolvers/medications.resolvers.go:385.2,388.16 3 0
meditrax/graph/resolvers/medications.resolvers.go:388.16,390.3 1 0
meditrax/graph/resolvers/medications.resolvers.go:393.2,394.16 2 0
meditrax/graph/resolvers/medications.resolvers.go:394.16,396.3 1 0
meditrax/graph/resolvers/medications.resolvers.go:397.2,402.22 2 0
meditrax/graph/resolvers/medications.resolvers.go:406.142,408.17 2 0
meditrax/graph/resolvers/medications.resolvers.go:408.17,410.3 1 0
meditrax/graph/resolvers/medications.resolvers.go:413.2,413.55 1 0
meditrax/graph/resolvers/medications.resolvers.go:413.55,415.3 1 0
meditrax/graph/resolvers/medications.resolvers.go:418.2,425.16 2 0
meditrax/graph/resolvers/medications.resolvers.go:425.16,427.3 1 0
meditrax/graph/resolvers/medications.resolvers.go:430.2,431.16 2 0
meditrax/graph/resolvers/medications.resolvers.go:431.16,433.3 1 0
meditrax/graph/resolvers/medications.resolvers.go:434.2,434.23 1 0
meditrax/graph/resolvers/medications.resolvers.go:434.23,436.3 1 0
meditrax/graph/resolvers/medications.resolvers.go:439.2,444.22 2 0
meditrax/graph/resolvers/medications.resolvers.go:448.197,451.17 2 0
meditrax/graph/resolvers/medications.resolvers.go:451.17,453.3 1 0
meditrax/graph/resolvers/medications.resolvers.go:456.2,473.16 2 0
meditrax/graph/resolvers/medications.resolvers.go:473.16,475.3 1 0
meditrax/graph/resolvers/medications.resolvers.go:478.2,479.16 2 0
meditrax/graph/resolvers/medications.resolvers.go:479.16,481.3 1 0
meditrax/graph/resolvers/medications.resolvers.go:482.2,487.22 2 0
meditrax/graph/resolvers/medications.resolvers.go:491.219,493.17 2 0
meditrax/graph/resolvers/medications.resolvers.go:493.17,495.3 1 0
meditrax/graph/resolvers/medications.resolvers.go:497.2,497.54 1 0
meditrax/graph/resolvers/medications.resolvers.go:497.54,499.3 1 0
meditrax/graph/resolvers/medications.resolvers.go:502.2,508.26 3 0
meditrax/graph/resolvers/medications.resolvers.go:508.26,511.3 2 0
meditrax/graph/resolvers/medications.resolvers.go:512.2,512.26 1 0
meditrax/graph/resolvers/medications.resolvers.go:512.26,515.3 2 0
meditrax/graph/resolvers/medications.resolvers.go:516.2,516.21 1 0
meditrax/graph/resolvers/medications.resolvers.go:516.21,519.3 2 0
meditrax/graph/resolvers/medications.resolvers.go:520.2,520.18 1 0
meditrax/graph/resolvers/medications.resolvers.go:520.18,523.3 2 0
meditrax/graph/resolvers/medications.resolvers.go:524.2,529.16 4 0
meditrax/graph/resolvers/medications.resolvers.go:529.16,531.3 1 0
meditrax/graph/resolvers/medications.resolvers.go:534.2,535.16 2 0
meditrax/graph/resolvers/medications.resolvers.go:535.16,537.3 1 0
meditrax/graph/resolvers/medications.resolvers.go:538.2,538.25 1 0
meditrax/graph/resolvers/medications.resolvers.go:538.25,540.3 1 0
meditrax/graph/resolvers/medications.resolvers.go:542.2,547.22 2 0
meditrax/graph/resolvers/medications.resolvers.go:551.140,553.17 2 0
meditrax/graph/resolvers/medications.resolvers.go:553.17,555.3 1 0
meditrax/graph/resolvers/medications.resolvers.go:557.2,557.54 1 0
meditrax/graph/resolvers/medications.resolvers.go:557.54,559.3 1 0
meditrax/graph/resolvers/medications.resolvers.go:562.2,569.16 2 0
meditrax/graph/resolvers/medications.resolvers.go:569.16,571.3 1 0
meditrax/graph/resolvers/medications.resolvers.go:574.2,575.16 2 0
meditrax/graph/resolvers/medications.resolvers.go:575.16,577.3 1 0
meditrax/graph/resolvers/medications.resolvers.go:578.2,578.25 1 0
meditrax/graph/resolvers/medications.resolvers.go:578.25,580.3 1 0
meditrax/graph/resolvers/medications.resolvers.go:582.2,586.22 2 0
meditrax/graph/resolvers/medications.resolvers.go:590.96,592.17 2 0
meditrax/graph/resolvers/medications.resolvers.go:592.17,594.3 1 0
meditrax/graph/resolvers/medications.resolvers.go:597.2,603.16 2 0
meditrax/graph/resolvers/medications.resolvers.go:603.16,605.3 1 0
meditrax/graph/resolvers/medications.resolvers.go:607.2,608.16 2 0
meditrax/graph/resolvers/medications.resolvers.go:608.16,610.3 1 0
meditrax/graph/resolvers/medications.resolvers.go:613.2,614.34 2 0
meditrax/graph/resolvers/medications.resolvers.go:614.34,624.3 2 0
meditrax/graph/resolvers/medications.resolvers.go:626.2,626.31 1 0
meditrax/graph/resolvers/medications.resolvers.go:630.112,632.17 2 0
meditrax/graph/resolvers/medications.resolvers.go:632.17,634.3 1 0
meditrax/graph/resolvers/medications.resolvers.go:637.2,643.16 2 0
meditrax/graph/resolvers/medications.resolvers.go:643.16,645.3 1 0
meditrax/graph/resolvers/medications.resolvers.go:646.2,647.16 2 0
meditrax/graph/resolvers/medications.resolvers.go:647.16,649.3 1 0
meditrax/graph/resolvers/medications.resolvers.go:652.2,653.32 2 0
meditrax/graph/resolvers/medications.resolvers.go:653.32,661.3 2 0
meditrax/graph/resolvers/medications.resolvers.go:663.2,663.29 1 0
meditrax/graph/resolvers/medications.resolvers.go:667.110,669.17 2 0
meditrax/graph/resolvers/medications.resolvers.go:669.17,671.3 1 0
meditrax/graph/resolvers/medications.resolvers.go:674.2,677.16 2 0
meditrax/graph/resolvers/medications.resolvers.go:677.16,679.3 1 0
meditrax/graph/resolvers/medications.resolvers.go:682.2,683.16 2 0
meditrax/graph/resolvers/medications.resolvers.go:683.16,685.3 1 0
meditrax/graph/resolvers/medications.resolvers.go:687.2,687.23 1 0
meditrax/graph/resolvers/record.resolvers.go:20.171,22.17 2 0
meditrax/graph/resolvers/record.resolvers.go:22.17,24.3 1 0
meditrax/graph/resolvers/record.resolvers.go:27.2,35.16 2 0
meditrax/graph/resolvers/record.resolvers.go:35.16,37.3 1 0
meditrax/graph/resolvers/record.resolvers.go:38.2,39.16 2 0
meditrax/graph/resolvers/record.resolvers.go:39.16,41.3 1 0
meditrax/graph/resolvers/record.resolvers.go:42.2,42.22 1 0
meditrax/graph/resolvers/record.resolvers.go:42.22,44.3 1 0
meditrax/graph/resolvers/record.resolvers.go:47.2,65.16 2 0
meditrax/graph/resolvers/record.resolvers.go:65.16,67.3 1 0
meditrax/graph/resolvers/record.resolvers.go:70.2,71.16 2 0
meditrax/graph/resolvers/record.resolvers.go:71.16,73.3 1 0
meditrax/graph/resolvers/record.resolvers.go:74.2,79.22 2 0
meditrax/graph/resolvers/record.resolvers.go:83.158,85.17 2 0
meditrax/graph/resolvers/record.resolvers.go:85.17,87.3 1 0
meditrax/graph/resolvers/record.resolvers.go:90.2,90.47 1 0
meditrax/graph/resolvers/record.resolvers.go:90.47,92.3 1 0
meditrax/graph/resolvers/record.resolvers.go:95.2,99.18 3 0
meditrax/graph/resolvers/record.resolvers.go:99.18,102.3 2 0
meditrax/graph/resolvers/record.resolvers.go:103.2,103.17 1 0
meditrax/graph/resolvers/record.resolvers.go:103.17,106.3 2 0
meditrax/graph/resolvers/record.resolvers.go:109.2,112.16 3 0
meditrax/graph/resolvers/record.resolvers.go:112.16,114.3 1 0
meditrax/graph/resolvers/record.resolvers.go:117.2,118.16 2 0
meditrax/graph/resolvers/record.resolvers.go:118.16,120.3 1 0
meditrax/graph/resolvers/record.resolvers.go:121.2,121.23 1 0
meditrax/graph/resolvers/record.resolvers.go:121.23,123.3 1 0
meditrax/graph/resolvers/record.resolvers.go:125.2,130.22 2 0
meditrax/graph/resolvers/record.resolvers.go:134.128,136.17 2 0
meditrax/graph/resolvers/record.resolvers.go:136.17,138.3 1 0
meditrax/graph/resolvers/record.resolvers.go:141.2,141.47 1 0
meditrax/graph/resolvers/record.resolvers.go:141.47,143.3 1 0
meditrax/graph/resolvers/record.resolvers.go:146.2,153.16 2 0
meditrax/graph/resolvers/record.resolvers.go:153.16,155.3 1 0
meditrax/graph/resolvers/record.resolvers.go:158.2,159.16 2 0
meditrax/graph/resolvers/record.resolvers.go:159.16,161.3 1 0
meditrax/graph/resolvers/record.resolvers.go:162.2,162.23 1 0
meditrax/graph/resolvers/record.resolvers.go:162.23,164.3 1 0
meditrax/graph/resolvers/record.resolvers.go:167.2,171.22 2 0
meditrax/graph/resolvers/record.resolvers.go:175.142,177.17 2 0
meditrax/graph/resolvers/record.resolvers.go:177.17,179.3 1 0
meditrax/graph/resolvers/record.resolvers.go:181.2,192.16 2 0
meditrax/graph/resolvers/record.resolvers.go:192.16,194.3 1 0
meditrax/graph/resolvers/record.resolvers.go:196.2,197.16 2 0
meditrax/graph/resolvers/record.resolvers.go:197.16,199.3 1 0
meditrax/graph/resolvers/record.resolvers.go:201.2,206.22 2 0
meditrax/graph/resolvers/record.resolvers.go:210.167,213.17 2 0
meditrax/graph/resolvers/record.resolvers.go:213.17,215.3 1 0
meditrax/graph/resolvers/record.resolvers.go:217.2,220.23 3 0
meditrax/graph/resolvers/record.resolvers.go:220.23,223.3 2 0
meditrax/graph/resolvers/record.resolvers.go:224.2,224.20 1 0
meditrax/graph/resolvers/record.resolvers.go:224.20,227.3 2 0
meditrax/graph/resolvers/record.resolvers.go:228.2,233.16 4 0
meditrax/graph/resolvers/record.resolvers.go:233.16,235.3 1 0
meditrax/graph/resolvers/record.resolvers.go:237.2,242.22 2 0
meditrax/graph/resolvers/record.resolvers.go:246.130,249.17 2 0
meditrax/graph/resolvers/record.resolvers.go:249.17,251.3 1 0
meditrax/graph/resolvers/record.resolvers.go:253.2,256.16 2 0
meditrax/graph/resolvers/record.resolvers.go:256.16,258.3 1 0
meditrax/graph/resolvers/record.resolvers.go:260.2,264.22 2 0
meditrax/graph/resolvers/record.resolvers.go:268.156,270.17 2 0
meditrax/graph/resolvers/record.resolvers.go:270.17,272.3 1 0
meditrax/graph/resolvers/record.resolvers.go:274.2,278.23 3 0
meditrax/graph/resolvers/record.resolvers.go:278.23,285.3 1 0
meditrax/graph/resolvers/record.resolvers.go:285.8,293.3 1 0
meditrax/graph/resolvers/record.resolvers.go:295.2,295.16 1 0
meditrax/graph/resolvers/record.resolvers.go:295.16,297.3 1 0
meditrax/graph/resolvers/record.resolvers.go:300.2,301.16 2 0
meditrax/graph/resolvers/record.resolvers.go:301.16,303.3 1 0
meditrax/graph/resolvers/record.resolvers.go:306.2,307.33 2 0
meditrax/graph/resolvers/record.resolvers.go:307.33,309.114 1 0
meditrax/graph/resolvers/record.resolvers.go:309.114,318.4 2 0
meditrax/graph/resolvers/record.resolvers.go:321.2,321.27 1 0
meditrax/graph/resolvers/record.resolvers.go:325.102,327.17 2 0
meditrax/graph/resolvers/record.resolvers.go:327.17,329.3 1 0
meditrax/graph/resolvers/record.resolvers.go:332.2,335.16 2 0
meditrax/graph/resolvers/record.resolvers.go:335.16,337.3 1 0
meditrax/graph/resolvers/record.resolvers.go:340.2,341.16 2 0
meditrax/graph/resolvers/record.resolvers.go:341.16,343.3 1 0
meditrax/graph/resolvers/record.resolvers.go:345.2,346.33 2 0
meditrax/graph/resolvers/record.resolvers.go:346.33,354.3 2 0
meditrax/graph/resolvers/record.resolvers.go:356.2,356.28 1 0
meditrax/graph/resolvers/schema.resolvers.go:8.48,8.79 1 1
meditrax/graph/resolvers/schema.resolvers.go:11.42,11.70 1 0
meditrax/graph/resolvers/user.resolvers.go:20.140,25.16 2 0
meditrax/graph/resolvers/user.resolvers.go:25.16,27.3 1 0
meditrax/graph/resolvers/user.resolvers.go:29.2,30.16 2 0
meditrax/graph/resolvers/user.resolvers.go:30.16,32.3 1 0
meditrax/graph/resolvers/user.resolvers.go:33.2,33.23 1 0
meditrax/graph/resolvers/user.resolvers.go:33.23,35.3 1 0
meditrax/graph/resolvers/user.resolvers.go:36.2,40.16 4 0
meditrax/graph/resolvers/user.resolvers.go:40.16,42.3 1 0
meditrax/graph/resolvers/user.resolvers.go:43.2,44.16 2 0
meditrax/graph/resolvers/user.resolvers.go:44.16,46.3 1 0
meditrax/graph/resolvers/user.resolvers.go:48.2,49.16 2 0
meditrax/graph/resolvers/user.resolvers.go:49.16,51.3 1 0
meditrax/graph/resolvers/user.resolvers.go:53.2,54.22 2 0
meditrax/graph/resolvers/user.resolvers.go:58.162,67.16 2 1
meditrax/graph/resolvers/user.resolvers.go:67.16,69.3 1 0
meditrax/graph/resolvers/user.resolvers.go:71.2,72.16 2 1
meditrax/graph/resolvers/user.resolvers.go:72.16,74.3 1 0
meditrax/graph/resolvers/user.resolvers.go:75.2,75.20 1 1
meditrax/graph/resolvers/user.resolvers.go:75.20,77.3 1 0
meditrax/graph/resolvers/user.resolvers.go:80.2,93.16 2 1
meditrax/graph/resolvers/user.resolvers.go:93.16,95.3 1 0
meditrax/graph/resolvers/user.resolvers.go:97.2,98.16 2 1
meditrax/graph/resolvers/user.resolvers.go:98.16,100.3 1 0
meditrax/graph/resolvers/user.resolvers.go:102.2,107.22 2 1
meditrax/graph/resolvers/user.resolvers.go:111.130,118.16 2 1
meditrax/graph/resolvers/user.resolvers.go:118.16,120.3 1 0
meditrax/graph/resolvers/user.resolvers.go:122.2,123.16 2 1
meditrax/graph/resolvers/user.resolvers.go:123.16,125.3 1 0
meditrax/graph/resolvers/user.resolvers.go:126.2,126.21 1 1
meditrax/graph/resolvers/user.resolvers.go:126.21,128.3 1 0
meditrax/graph/resolvers/user.resolvers.go:130.2,131.25 2 1
meditrax/graph/resolvers/user.resolvers.go:131.25,133.3 1 0
meditrax/graph/resolvers/user.resolvers.go:135.2,136.16 2 1
meditrax/graph/resolvers/user.resolvers.go:136.16,138.3 1 0
meditrax/graph/resolvers/user.resolvers.go:140.2,150.16 3 1
meditrax/graph/resolvers/user.resolvers.go:150.16,152.3 1 0
meditrax/graph/resolvers/user.resolvers.go:154.2,154.22 1 1
meditrax/graph/resolvers/user.resolvers.go:158.148,161.17 2 0
meditrax/graph/resolvers/user.resolvers.go:161.17,163.3 1 0
meditrax/graph/resolvers/user.resolvers.go:166.2,171.17 3 0
meditrax/graph/resolvers/user.resolvers.go:171.17,174.3 2 0
meditrax/graph/resolvers/user.resolvers.go:176.2,176.24 1 0
meditrax/graph/resolvers/user.resolvers.go:176.24,180.3 2 0
meditrax/graph/resolvers/user.resolvers.go:182.2,182.21 1 0
meditrax/graph/resolvers/user.resolvers.go:182.21,185.3 2 0
meditrax/graph/resolvers/user.resolvers.go:188.2,188.28 1 0
meditrax/graph/resolvers/user.resolvers.go:188.28,190.3 1 0
meditrax/graph/resolvers/user.resolvers.go:193.2,197.16 3 0
meditrax/graph/resolvers/user.resolvers.go:197.16,199.3 1 0
meditrax/graph/resolvers/user.resolvers.go:202.2,203.16 2 0
meditrax/graph/resolvers/user.resolvers.go:203.16,205.3 1 0
meditrax/graph/resolvers/user.resolvers.go:206.2,206.23 1 0
meditrax/graph/resolvers/user.resolvers.go:206.23,208.3 1 0
meditrax/graph/resolvers/user.resolvers.go:211.2,216.22 2 0
meditrax/graph/resolvers/user.resolvers.go:220.95,223.17 2 1
meditrax/graph/resolvers/user.resolvers.go:223.17,225.3 1 0
meditrax/graph/resolvers/user.resolvers.go:228.2,234.16 2 1
meditrax/graph/resolvers/user.resolvers.go:234.16,236.3 1 0
meditrax/graph/resolvers/user.resolvers.go:239.2,240.16 2 1
meditrax/graph/resolvers/user.resolvers.go:240.16,242.3 1 0
meditrax/graph/resolvers/user.resolvers.go:243.2,243.23 1 1
meditrax/graph/resolvers/user.resolvers.go:243.23,245.3 1 0
meditrax/graph/resolvers/user.resolvers.go:248.2,252.22 2 1
meditrax/graph/resolvers/user.resolvers.go:256.135,262.16 2 0
meditrax/graph/resolvers/user.resolvers.go:262.16,264.3 1 0
meditrax/graph/resolvers/user.resolvers.go:266.2,267.16 2 0
meditrax/graph/resolvers/user.resolvers.go:267.16,269.3 1 0
meditrax/graph/resolvers/user.resolvers.go:270.2,270.21 1 0
meditrax/graph/resolvers/user.resolvers.go:270.21,272.3 1 0
meditrax/graph/resolvers/user.resolvers.go:275.2,280.16 2 0
meditrax/graph/resolvers/user.resolvers.go:280.16,282.3 1 0
meditrax/graph/resolvers/user.resolvers.go:284.2,285.16 2 0
meditrax/graph/resolvers/user.resolvers.go:285.16,287.3 1 0
meditrax/graph/resolvers/user.resolvers.go:290.2,300.22 3 0
meditrax/graph/resolvers/user.resolvers.go:304.135,307.16 2 0
meditrax/graph/resolvers/user.resolvers.go:307.16,310.3 1 0
meditrax/graph/resolvers/user.resolvers.go:311.2,312.16 2 0
meditrax/graph/resolvers/user.resolvers.go:312.16,315.3 1 0
meditrax/graph/resolvers/user.resolvers.go:318.2,322.16 2 0
meditrax/graph/resolvers/user.resolvers.go:322.16,325.3 1 0
meditrax/graph/resolvers/user.resolvers.go:328.2,330.8 1 0
meditrax/graph/resolvers/user.resolvers.go:334.168,337.17 2 0
meditrax/graph/resolvers/user.resolvers.go:337.17,339.3 1 0
meditrax/graph/resolvers/user.resolvers.go:341.2,347.16 2 0
meditrax/graph/resolvers/user.resolvers.go:347.16,349.3 1 0
meditrax/graph/resolvers/user.resolvers.go:350.2,351.16 2 0
meditrax/graph/resolvers/user.resolvers.go:351.16,353.3 1 0
meditrax/graph/resolvers/user.resolvers.go:354.2,354.28 1 0
meditrax/graph/resolvers/user.resolvers.go:354.28,356.3 1 0
meditrax/graph/resolvers/user.resolvers.go:358.2,376.16 3 0
meditrax/graph/resolvers/user.resolvers.go:376.16,378.3 1 0
meditrax/graph/resolvers/user.resolvers.go:381.2,382.16 2 0
meditrax/graph/resolvers/user.resolvers.go:382.16,384.3 1 0
meditrax/graph/resolvers/user.resolvers.go:387.2,391.22 2 0
meditrax/graph/resolvers/user.resolvers.go:395.171,397.17 2 0
meditrax/graph/resolvers/user.resolvers.go:397.17,399.3 1 0
meditrax/graph/resolvers/user.resolvers.go:402.2,402.47 1 0
meditrax/graph/resolvers/user.resolvers.go:402.47,404.3 1 0
meditrax/graph/resolvers/user.resolvers.go:407.2,411.25 3 0
meditrax/graph/resolvers/user.resolvers.go:411.25,414.3 2 0
meditrax/graph/resolvers/user.resolvers.go:415.2,415.24 1 0
meditrax/graph/resolvers/user.resolvers.go:415.24,418.3 2 0
meditrax/graph/resolvers/user.resolvers.go:421.2,425.16 3 0
meditrax/graph/resolvers/user.resolvers.go:425.16,427.3 1 0
meditrax/graph/resolvers/user.resolvers.go:430.2,431.16 2 0
meditrax/graph/resolvers/user.resolvers.go:431.16,433.3 1 0
meditrax/graph/resolvers/user.resolvers.go:434.2,434.23 1 0
meditrax/graph/resolvers/user.resolvers.go:434.23,436.3 1 0
meditrax/graph/resolvers/user.resolvers.go:439.2,445.22 2 0
meditrax/graph/resolvers/user.resolvers.go:449.128,451.17 2 0
meditrax/graph/resolvers/user.resolvers.go:451.17,453.3 1 0
meditrax/graph/resolvers/user.resolvers.go:456.2,456.47 1 0
meditrax/graph/resolvers/user.resolvers.go:456.47,458.3 1 0
meditrax/graph/resolvers/user.resolvers.go:461.2,468.16 2 0
meditrax/graph/resolvers/user.resolvers.go:468.16,470.3 1 0
meditrax/graph/resolvers/user.resolvers.go:473.2,474.16 2 0
meditrax/graph/resolvers/user.resolvers.go:474.16,476.3 1 0
meditrax/graph/resolvers/user.resolvers.go:477.2,477.23 1 0
meditrax/graph/resolvers/user.resolvers.go:477.23,479.3 1 0
meditrax/graph/resolvers/user.resolvers.go:482.2,487.22 2 0
meditrax/graph/resolvers/user.resolvers.go:491.89,494.17 2 0
meditrax/graph/resolvers/user.resolvers.go:494.17,496.3 1 0
meditrax/graph/resolvers/user.resolvers.go:498.2,506.22 2 0
meditrax/graph/resolvers/user.resolvers.go:510.100,512.17 2 0
meditrax/graph/resolvers/user.resolvers.go:512.17,514.3 1 0
meditrax/graph/resolvers/user.resolvers.go:517.2,520.16 2 0
meditrax/graph/resolvers/user.resolvers.go:520.16,522.3 1 0
meditrax/graph/resolvers/user.resolvers.go:524.2,525.16 2 0
meditrax/graph/resolvers/user.resolvers.go:525.16,527.3 1 0
meditrax/graph/resolvers/user.resolvers.go:529.2,530.33 2 0
meditrax/graph/resolvers/user.resolvers.go:530.33,538.3 2 0
meditrax/graph/resolvers/user.resolvers.go:540.2,540.28 1 0
